#
# A fatal error has been detected by the Java Runtime Environment:
#
#  SIGSEGV (0xb) at pc=0x9d9d5ce8, pid=2974, tid=2733947712
#
# JRE version: Java(TM) SE Runtime Environment (8.0_66-b17) (build 1.8.0_66-b17)
# Java VM: Java HotSpot(TM) Client VM (25.66-b17 mixed mode linux-x86 )
# Problematic frame:
# C  [vboxvideo_dri.so+0x32ce8]  stubUpdateWindowVisibileRegions+0x58
#
# Failed to write core dump. Core dumps have been disabled. To enable core dumping, try "ulimit -c unlimited" before starting Java again
#
# If you would like to submit a bug report, please visit:
#   http://bugreport.java.com/bugreport/crash.jsp
# The crash happened outside the Java Virtual Machine in native code.
# See problematic frame for where to report the bug.
#

---------------  T H R E A D  ---------------

Current thread (0xa337c800):  JavaThread "AWT-EventQueue-0" [_thread_in_native, id=2987, stack(0xa2efb000,0xa2f4c000)]

siginfo: si_signo: 11 (SIGSEGV), si_code: 1 (SEGV_MAPERR), si_addr: 0x00000410

Registers:
EAX=0x00000000, EBX=0x9da92344, ECX=0x991847a8, EDX=0x00000000
ESP=0xa2f4a0a8, EBP=0xa2f4a0d8, ESI=0x00000000, EDI=0x00000000
EIP=0x9d9d5ce8, EFLAGS=0x00010246, CR2=0x00000410

Top of Stack: (sp=0xa2f4a0a8)
0xa2f4a0a8:   a337c800 9d9d59b6 a2f4a108 a37bd304
0xa2f4a0b8:   0000000e 00000000 00000000 00000000
0xa2f4a0c8:   9d9d5c9b 9da92344 00000000 00000000
0xa2f4a0d8:   a2f4a108 9d9d43cd 00000000 00000000
0xa2f4a0e8:   a2f4a108 9d9243dc 9da9aaec a337c800
0xa2f4a0f8:   0100a138 9da92344 9da993c0 9dd72160
0xa2f4a108:   a2f4a138 9d9d4530 00000000 00000001
0xa2f4a118:   a2f4a138 9d9d44da a362fbf0 00000001 

Instructions: (pc=0x9d9d5ce8)
0x9d9d5cc8:   00 00 83 c4 10 85 c0 0f 84 63 01 00 00 83 ec 0c
0x9d9d5cd8:   8b 45 08 50 e8 cf cc ff ff 5f 89 c6 58 8b 45 08
0x9d9d5ce8:   8b 88 10 04 00 00 51 56 e8 4b c9 ff ff 83 c4 0c
0x9d9d5cf8:   89 c7 8d 45 f0 50 57 56 e8 db e2 ff ff 89 45 ec 

Register to memory mapping:

EAX=0x00000000 is an unknown value
EBX=0x9da92344: _GLOBAL_OFFSET_TABLE_+0 in /usr/lib/i386-linux-gnu/dri/vboxvideo_dri.so at 0x9d9a3000
ECX=0x991847a8 is an unknown value
EDX=0x00000000 is an unknown value
ESP=0xa2f4a0a8 is pointing into the stack for thread: 0xa337c800
EBP=0xa2f4a0d8 is pointing into the stack for thread: 0xa337c800
ESI=0x00000000 is an unknown value
EDI=0x00000000 is an unknown value


Stack: [0xa2efb000,0xa2f4c000],  sp=0xa2f4a0a8,  free space=316k
Native frames: (J=compiled Java code, j=interpreted, Vv=VM code, C=native code)
C  [vboxvideo_dri.so+0x32ce8]  stubUpdateWindowVisibileRegions+0x58
C  [vboxvideo_dri.so+0x313cd]
C  [vboxvideo_dri.so+0x31530]
C  [vboxvideo_dri.so+0x315b6]
C  [vboxvideo_dri.so+0x5f1c3]  cr_glClear+0x23
C  [liblwjgl.so+0x4d82f]  Java_org_lwjgl_opengl_GL11_nglClear+0xf
J 1257  org.lwjgl.opengl.GL11.nglClear(IJ)V (0 bytes) @ 0xb4b151e0 [0xb4b15150+0x90]
J 936 C1 com.badlogic.gdx.tools.particleeditor.ParticleEditor$Renderer.render()V (781 bytes) @ 0xb4aa1cb2 [0xb4aa18e0+0x3d2]
J 1281 C1 com.badlogic.gdx.backends.lwjgl.LwjglCanvas$3.run()V (318 bytes) @ 0xb4b27b4d [0xb4b276c0+0x48d]
J 1012 C1 java.awt.event.InvocationEvent.dispatch()V (69 bytes) @ 0xb4ac2cfc [0xb4ac2c10+0xec]
J 1055 C1 java.awt.EventQueue.dispatchEventImpl(Ljava/awt/AWTEvent;Ljava/lang/Object;)V (149 bytes) @ 0xb4ad0752 [0xb4ad02b0+0x4a2]
J 957 C1 java.awt.EventQueue$3.run()Ljava/lang/Void; (60 bytes) @ 0xb4aacb17 [0xb4aacac0+0x57]
J 956 C1 java.awt.EventQueue$3.run()Ljava/lang/Object; (5 bytes) @ 0xb4aac8b0 [0xb4aac890+0x20]
v  ~StubRoutines::call_stub
V  [libjvm.so+0x2f8c5f]  JavaCalls::call_helper(JavaValue*, methodHandle*, JavaCallArguments*, Thread*)+0x101f
V  [libjvm.so+0x496ab9]  os::os_exception_wrapper(void (*)(JavaValue*, methodHandle*, JavaCallArguments*, Thread*), JavaValue*, methodHandle*, JavaCallArguments*, Thread*)+0x19
V  [libjvm.so+0x2f722f]  JavaCalls::call(JavaValue*, methodHandle, JavaCallArguments*, Thread*)+0x2f
V  [libjvm.so+0x37dce0]  JVM_DoPrivileged+0x2a0
C  [libjava.so+0x9f4a]  Java_java_security_AccessController_doPrivileged__Ljava_security_PrivilegedAction_2Ljava_security_AccessControlContext_2+0x3a
J 1007  java.security.AccessController.doPrivileged(Ljava/security/PrivilegedAction;Ljava/security/AccessControlContext;)Ljava/lang/Object; (0 bytes) @ 0xb4ac0c3c [0xb4ac0b90+0xac]
J 1053 C1 java.awt.EventQueue.dispatchEvent(Ljava/awt/AWTEvent;)V (80 bytes) @ 0xb4acf180 [0xb4acef80+0x200]
J 805 C1 java.awt.EventDispatchThread.pumpOneEventForFilters(I)V (295 bytes) @ 0xb4a718a4 [0xb4a71230+0x674]
J 1638% C1 java.awt.EventDispatchThread.pumpEventsForFilter(ILjava/awt/Conditional;Ljava/awt/EventFilter;)V (47 bytes) @ 0xb4bbf032 [0xb4bbef80+0xb2]
j  java.awt.EventDispatchThread.pumpEventsForHierarchy(ILjava/awt/Conditional;Ljava/awt/Component;)V+11
j  java.awt.EventDispatchThread.pumpEvents(ILjava/awt/Conditional;)V+4
j  java.awt.EventDispatchThread.pumpEvents(Ljava/awt/Conditional;)V+3
j  java.awt.EventDispatchThread.run()V+9
v  ~StubRoutines::call_stub
V  [libjvm.so+0x2f8c5f]  JavaCalls::call_helper(JavaValue*, methodHandle*, JavaCallArguments*, Thread*)+0x101f
V  [libjvm.so+0x496ab9]  os::os_exception_wrapper(void (*)(JavaValue*, methodHandle*, JavaCallArguments*, Thread*), JavaValue*, methodHandle*, JavaCallArguments*, Thread*)+0x19
V  [libjvm.so+0x2f906c]  JavaCalls::call_virtual(JavaValue*, KlassHandle, Symbol*, Symbol*, JavaCallArguments*, Thread*)+0x25c
V  [libjvm.so+0x2f94ab]  JavaCalls::call_virtual(JavaValue*, Handle, KlassHandle, Symbol*, Symbol*, Thread*)+0x4b
V  [libjvm.so+0x38bbe0]  thread_entry(JavaThread*, Thread*)+0x90
V  [libjvm.so+0x57aac9]  JavaThread::thread_main_inner()+0x109
V  [libjvm.so+0x57ac4b]  JavaThread::run()+0x14b
V  [libjvm.so+0x49dfd9]  java_start(Thread*)+0x119
C  [libpthread.so.0+0x6f70]  start_thread+0xd0
C  [libc.so.6+0xebbee]  clone+0x5e

Java frames: (J=compiled Java code, j=interpreted, Vv=VM code)
J 1257  org.lwjgl.opengl.GL11.nglClear(IJ)V (0 bytes) @ 0xb4b1519c [0xb4b15150+0x4c]
J 936 C1 com.badlogic.gdx.tools.particleeditor.ParticleEditor$Renderer.render()V (781 bytes) @ 0xb4aa1cb2 [0xb4aa18e0+0x3d2]
J 1281 C1 com.badlogic.gdx.backends.lwjgl.LwjglCanvas$3.run()V (318 bytes) @ 0xb4b27b4d [0xb4b276c0+0x48d]
J 1012 C1 java.awt.event.InvocationEvent.dispatch()V (69 bytes) @ 0xb4ac2cfc [0xb4ac2c10+0xec]
J 1055 C1 java.awt.EventQueue.dispatchEventImpl(Ljava/awt/AWTEvent;Ljava/lang/Object;)V (149 bytes) @ 0xb4ad0752 [0xb4ad02b0+0x4a2]
J 957 C1 java.awt.EventQueue$3.run()Ljava/lang/Void; (60 bytes) @ 0xb4aacb17 [0xb4aacac0+0x57]
J 956 C1 java.awt.EventQueue$3.run()Ljava/lang/Object; (5 bytes) @ 0xb4aac8b0 [0xb4aac890+0x20]
v  ~StubRoutines::call_stub
J 1007  java.security.AccessController.doPrivileged(Ljava/security/PrivilegedAction;Ljava/security/AccessControlContext;)Ljava/lang/Object; (0 bytes) @ 0xb4ac0bf8 [0xb4ac0b90+0x68]
J 1053 C1 java.awt.EventQueue.dispatchEvent(Ljava/awt/AWTEvent;)V (80 bytes) @ 0xb4acf180 [0xb4acef80+0x200]
J 805 C1 java.awt.EventDispatchThread.pumpOneEventForFilters(I)V (295 bytes) @ 0xb4a718a4 [0xb4a71230+0x674]
J 1638% C1 java.awt.EventDispatchThread.pumpEventsForFilter(ILjava/awt/Conditional;Ljava/awt/EventFilter;)V (47 bytes) @ 0xb4bbf032 [0xb4bbef80+0xb2]
j  java.awt.EventDispatchThread.pumpEventsForHierarchy(ILjava/awt/Conditional;Ljava/awt/Component;)V+11
j  java.awt.EventDispatchThread.pumpEvents(ILjava/awt/Conditional;)V+4
j  java.awt.EventDispatchThread.pumpEvents(Ljava/awt/Conditional;)V+3
j  java.awt.EventDispatchThread.run()V+9
v  ~StubRoutines::call_stub

---------------  P R O C E S S  ---------------

Java Threads: ( => current thread )
  0x99af0400 JavaThread "TimerQueue" daemon [_thread_blocked, id=2998, stack(0x99407000,0x99458000)]
  0xb6909800 JavaThread "DestroyJavaVM" [_thread_blocked, id=2975, stack(0xb6a3a000,0xb6a8b000)]
=>0xa337c800 JavaThread "AWT-EventQueue-0" [_thread_in_native, id=2987, stack(0xa2efb000,0xa2f4c000)]
  0xa337b400 JavaThread "AWT-Shutdown" [_thread_blocked, id=2986, stack(0xa2f4c000,0xa2f9d000)]
  0xa3331400 JavaThread "AWT-XAWT" daemon [_thread_in_native, id=2985, stack(0xa3125000,0xa3176000)]
  0xa331c400 JavaThread "Java2D Disposer" daemon [_thread_blocked, id=2984, stack(0xa3281000,0xa32d2000)]
  0xa378f800 JavaThread "Monitor Ctrl-Break" daemon [_thread_in_native, id=2983, stack(0xa3851000,0xa38a2000)]
  0xb6986400 JavaThread "Service Thread" daemon [_thread_blocked, id=2981, stack(0xa396d000,0xa39be000)]
  0xb6983000 JavaThread "C1 CompilerThread0" daemon [_thread_blocked, id=2980, stack(0xa39be000,0xa3a3f000)]
  0xb6981400 JavaThread "Signal Dispatcher" daemon [_thread_blocked, id=2979, stack(0xa3a3f000,0xa3a90000)]
  0xb6964800 JavaThread "Finalizer" daemon [_thread_blocked, id=2978, stack(0xa3f37000,0xa3f88000)]
  0xb6962c00 JavaThread "Reference Handler" daemon [_thread_blocked, id=2977, stack(0xa3f88000,0xa3fd9000)]

Other Threads:
  0xb695fc00 VMThread [stack: 0xa3fd9000,0xa405a000] [id=2976]
  0xb6988400 WatcherThread [stack: 0xa38ec000,0xa396d000] [id=2982]

VM state:not at safepoint (normal execution)

VM Mutex/Monitor currently owned by a thread: None

Heap:
 def new generation   total 4992K, used 2635K [0xa4800000, 0xa4d60000, 0xa9d50000)
  eden space 4480K,  54% used [0xa4800000, 0xa4a5e4e8, 0xa4c60000)
  from space 512K,  41% used [0xa4c60000, 0xa4c94a08, 0xa4ce0000)
  to   space 512K,   0% used [0xa4ce0000, 0xa4ce0000, 0xa4d60000)
 tenured generation   total 10944K, used 5138K [0xa9d50000, 0xaa800000, 0xb4800000)
   the space 10944K,  46% used [0xa9d50000, 0xaa2549b8, 0xaa254a00, 0xaa800000)
 Metaspace       used 12131K, capacity 12355K, committed 12416K, reserved 12592K

Card table byte_map: [0xa477f000,0xa4800000] byte_map_base: 0xa425b000

Polling page: 0xb7753000

CodeCache: size=32768Kb used=3436Kb max_used=3436Kb free=29331Kb
 bounds [0xb48a3000, 0xb4c03000, 0xb68a3000]
 total_blobs=2163 nmethods=1800 adapters=292
 compilation: enabled

Compilation events (10 events):
Event: 274,429 Thread 0xb6983000 1807   !         java.awt.Container::isParentOf (49 bytes)
Event: 274,430 Thread 0xb6983000 nmethod 1807 0xb4bfbb08 code [0xb4bfbc30, 0xb4bfbe90]
Event: 274,435 Thread 0xb6983000 1808   !         java.awt.Container::decreaseComponentCount (124 bytes)
Event: 274,447 Thread 0xb6983000 nmethod 1808 0xb4bfbf88 code [0xb4bfc100, 0xb4bfc4e4]
Event: 274,448 Thread 0xb6983000 1809   !         java.awt.KeyboardFocusManager::clearMostRecentFocusOwner (110 bytes)
Event: 274,449 Thread 0xb6983000 nmethod 1809 0xb4bfc8c8 code [0xb4bfcac0, 0xb4bfd344]
Event: 274,542 Thread 0xb6983000 1810             java.awt.Container::hasHeavyweightDescendants (17 bytes)
Event: 274,544 Thread 0xb6983000 nmethod 1810 0xb4bfd8c8 code [0xb4bfd9e0, 0xb4bfdb04]
Event: 274,549 Thread 0xb6983000 1811   !         java.awt.Container::removeNotify (125 bytes)
Event: 274,553 Thread 0xb6983000 nmethod 1811 0xb4bfdbc8 code [0xb4bfdda0, 0xb4bfe238]

GC Heap History (10 events):
Event: 182,017 GC heap before
{Heap before GC invocations=12 (full 1):
 def new generation   total 4992K, used 4672K [0xa4800000, 0xa4d60000, 0xa9d50000)
  eden space 4480K, 100% used [0xa4800000, 0xa4c60000, 0xa4c60000)
  from space 512K,  37% used [0xa4ce0000, 0xa4d10268, 0xa4d60000)
  to   space 512K,   0% used [0xa4c60000, 0xa4c60000, 0xa4ce0000)
 tenured generation   total 10944K, used 5138K [0xa9d50000, 0xaa800000, 0xb4800000)
   the space 10944K,  46% used [0xa9d50000, 0xaa2549b8, 0xaa254a00, 0xaa800000)
 Metaspace       used 12115K, capacity 12323K, committed 12416K, reserved 12592K
Event: 182,020 GC heap after
Heap after GC invocations=13 (full 1):
 def new generation   total 4992K, used 200K [0xa4800000, 0xa4d60000, 0xa9d50000)
  eden space 4480K,   0% used [0xa4800000, 0xa4800000, 0xa4c60000)
  from space 512K,  39% used [0xa4c60000, 0xa4c92210, 0xa4ce0000)
  to   space 512K,   0% used [0xa4ce0000, 0xa4ce0000, 0xa4d60000)
 tenured generation   total 10944K, used 5138K [0xa9d50000, 0xaa800000, 0xb4800000)
   the space 10944K,  46% used [0xa9d50000, 0xaa2549b8, 0xaa254a00, 0xaa800000)
 Metaspace       used 12115K, capacity 12323K, committed 12416K, reserved 12592K
}
Event: 197,026 GC heap before
{Heap before GC invocations=13 (full 1):
 def new generation   total 4992K, used 4680K [0xa4800000, 0xa4d60000, 0xa9d50000)
  eden space 4480K, 100% used [0xa4800000, 0xa4c60000, 0xa4c60000)
  from space 512K,  39% used [0xa4c60000, 0xa4c92210, 0xa4ce0000)
  to   space 512K,   0% used [0xa4ce0000, 0xa4ce0000, 0xa4d60000)
 tenured generation   total 10944K, used 5138K [0xa9d50000, 0xaa800000, 0xb4800000)
   the space 10944K,  46% used [0xa9d50000, 0xaa2549b8, 0xaa254a00, 0xaa800000)
 Metaspace       used 12115K, capacity 12323K, committed 12416K, reserved 12592K
Event: 197,028 GC heap after
Heap after GC invocations=14 (full 1):
 def new generation   total 4992K, used 195K [0xa4800000, 0xa4d60000, 0xa9d50000)
  eden space 4480K,   0% used [0xa4800000, 0xa4800000, 0xa4c60000)
  from space 512K,  38% used [0xa4ce0000, 0xa4d10ec8, 0xa4d60000)
  to   space 512K,   0% used [0xa4c60000, 0xa4c60000, 0xa4ce0000)
 tenured generation   total 10944K, used 5138K [0xa9d50000, 0xaa800000, 0xb4800000)
   the space 10944K,  46% used [0xa9d50000, 0xaa2549b8, 0xaa254a00, 0xaa800000)
 Metaspace       used 12115K, capacity 12323K, committed 12416K, reserved 12592K
}
Event: 210,734 GC heap before
{Heap before GC invocations=14 (full 1):
 def new generation   total 4992K, used 4675K [0xa4800000, 0xa4d60000, 0xa9d50000)
  eden space 4480K, 100% used [0xa4800000, 0xa4c60000, 0xa4c60000)
  from space 512K,  38% used [0xa4ce0000, 0xa4d10ec8, 0xa4d60000)
  to   space 512K,   0% used [0xa4c60000, 0xa4c60000, 0xa4ce0000)
 tenured generation   total 10944K, used 5138K [0xa9d50000, 0xaa800000, 0xb4800000)
   the space 10944K,  46% used [0xa9d50000, 0xaa2549b8, 0xaa254a00, 0xaa800000)
 Metaspace       used 12115K, capacity 12323K, committed 12416K, reserved 12592K
Event: 210,736 GC heap after
Heap after GC invocations=15 (full 1):
 def new generation   total 4992K, used 195K [0xa4800000, 0xa4d60000, 0xa9d50000)
  eden space 4480K,   0% used [0xa4800000, 0xa4800000, 0xa4c60000)
  from space 512K,  38% used [0xa4c60000, 0xa4c90fd0, 0xa4ce0000)
  to   space 512K,   0% used [0xa4ce0000, 0xa4ce0000, 0xa4d60000)
 tenured generation   total 10944K, used 5138K [0xa9d50000, 0xaa800000, 0xb4800000)
   the space 10944K,  46% used [0xa9d50000, 0xaa2549b8, 0xaa254a00, 0xaa800000)
 Metaspace       used 12115K, capacity 12323K, committed 12416K, reserved 12592K
}
Event: 223,426 GC heap before
{Heap before GC invocations=15 (full 1):
 def new generation   total 4992K, used 4675K [0xa4800000, 0xa4d60000, 0xa9d50000)
  eden space 4480K, 100% used [0xa4800000, 0xa4c60000, 0xa4c60000)
  from space 512K,  38% used [0xa4c60000, 0xa4c90fd0, 0xa4ce0000)
  to   space 512K,   0% used [0xa4ce0000, 0xa4ce0000, 0xa4d60000)
 tenured generation   total 10944K, used 5138K [0xa9d50000, 0xaa800000, 0xb4800000)
   the space 10944K,  46% used [0xa9d50000, 0xaa2549b8, 0xaa254a00, 0xaa800000)
 Metaspace       used 12115K, capacity 12323K, committed 12416K, reserved 12592K
Event: 223,428 GC heap after
Heap after GC invocations=16 (full 1):
 def new generation   total 4992K, used 225K [0xa4800000, 0xa4d60000, 0xa9d50000)
  eden space 4480K,   0% used [0xa4800000, 0xa4800000, 0xa4c60000)
  from space 512K,  44% used [0xa4ce0000, 0xa4d18710, 0xa4d60000)
  to   space 512K,   0% used [0xa4c60000, 0xa4c60000, 0xa4ce0000)
 tenured generation   total 10944K, used 5138K [0xa9d50000, 0xaa800000, 0xb4800000)
   the space 10944K,  46% used [0xa9d50000, 0xaa2549b8, 0xaa254a00, 0xaa800000)
 Metaspace       used 12115K, capacity 12323K, committed 12416K, reserved 12592K
}
Event: 256,619 GC heap before
{Heap before GC invocations=16 (full 1):
 def new generation   total 4992K, used 4705K [0xa4800000, 0xa4d60000, 0xa9d50000)
  eden space 4480K, 100% used [0xa4800000, 0xa4c60000, 0xa4c60000)
  from space 512K,  44% used [0xa4ce0000, 0xa4d18710, 0xa4d60000)
  to   space 512K,   0% used [0xa4c60000, 0xa4c60000, 0xa4ce0000)
 tenured generation   total 10944K, used 5138K [0xa9d50000, 0xaa800000, 0xb4800000)
   the space 10944K,  46% used [0xa9d50000, 0xaa2549b8, 0xaa254a00, 0xaa800000)
 Metaspace       used 12115K, capacity 12323K, committed 12416K, reserved 12592K
Event: 256,621 GC heap after
Heap after GC invocations=17 (full 1):
 def new generation   total 4992K, used 210K [0xa4800000, 0xa4d60000, 0xa9d50000)
  eden space 4480K,   0% used [0xa4800000, 0xa4800000, 0xa4c60000)
  from space 512K,  41% used [0xa4c60000, 0xa4c94a08, 0xa4ce0000)
  to   space 512K,   0% used [0xa4ce0000, 0xa4ce0000, 0xa4d60000)
 tenured generation   total 10944K, used 5138K [0xa9d50000, 0xaa800000, 0xb4800000)
   the space 10944K,  46% used [0xa9d50000, 0xaa2549b8, 0xaa254a00, 0xaa800000)
 Metaspace       used 12115K, capacity 12323K, committed 12416K, reserved 12592K
}

Deoptimization events (0 events):
No events

Internal exceptions (10 events):
Event: 4,236 Thread 0xa337c800 Exception <a 'org/lwjgl/LWJGLException': Could not load OpenAL library> (0xa48c85f8) thrown at [/HUDSON/workspace/8-2-build-linux-i586/jdk8u66/4988/hotspot/src/share/vm/prims/jni.cpp, line 735]
Event: 4,236 Thread 0xa337c800 Exception <a 'org/lwjgl/LWJGLException': Could not load OpenAL library> (0xa48c8b80) thrown at [/HUDSON/workspace/8-2-build-linux-i586/jdk8u66/4988/hotspot/src/share/vm/prims/jni.cpp, line 735]
Event: 4,261 Thread 0xa337c800 Exception <a 'org/lwjgl/LWJGLException': Could not load OpenAL library> (0xa48c91c8) thrown at [/HUDSON/workspace/8-2-build-linux-i586/jdk8u66/4988/hotspot/src/share/vm/prims/jni.cpp, line 735]
Event: 9,522 Thread 0xa337c800 Implicit null exception at 0xb4a0e7b6 to 0xb4a1007a
Event: 9,522 Thread 0xa337c800 Implicit null exception at 0xb4a0e7b6 to 0xb4a1007a
Event: 10,799 Thread 0xa337c800 Exception <a 'java/lang/UnsupportedOperationException': > (0xa493c470) thrown at [/HUDSON/workspace/8-2-build-linux-i586/jdk8u66/4988/hotspot/src/share/vm/prims/jni.cpp, line 735]
Event: 13,989 Thread 0xa337c800 Implicit null exception at 0xb4a63513 to 0xb4a63585
Event: 29,108 Thread 0xa337c800 Implicit null exception at 0xb4ab6a59 to 0xb4ab718b
Event: 274,563 Thread 0xa3331400 Exception <a 'java/lang/NoClassDefFoundError': org/lwjgl/opengl/LinuxDisplay> (0xa4a5ce48) thrown at [/HUDSON/workspace/8-2-build-linux-i586/jdk8u66/4988/hotspot/src/share/vm/classfile/systemDictionary.cpp, line 208]
Event: 274,564 Thread 0xa3331400 Exception <a 'java/lang/NoClassDefFoundError': org/lwjgl/opengl/LinuxDisplay> (0xa4a5d1b0) thrown at [/HUDSON/workspace/8-2-build-linux-i586/jdk8u66/4988/hotspot/src/share/vm/classfile/systemDictionary.cpp, line 208]

Events (10 events):
Event: 274,426 loading class sun/awt/X11/XUnmapEvent
Event: 274,426 loading class sun/awt/X11/XUnmapEvent done
Event: 274,427 loading class com/badlogic/gdx/backends/lwjgl/LwjglCanvas$4
Event: 274,427 loading class com/badlogic/gdx/backends/lwjgl/LwjglCanvas$4 done
Event: 274,557 loading class java/awt/Component$FlipBufferStrategy
Event: 274,558 loading class java/awt/Component$FlipBufferStrategy done
Event: 274,563 loading class org/lwjgl/opengl/LinuxDisplay
Event: 274,563 loading class org/lwjgl/opengl/LinuxDisplay done
Event: 274,564 loading class org/lwjgl/opengl/LinuxDisplay
Event: 274,564 loading class org/lwjgl/opengl/LinuxDisplay done


Dynamic libraries:
08048000-08049000 r-xp 00000000 08:01 802224     /usr/local/java/jdk1.8.0_66/bin/java
08049000-0804a000 rw-p 00000000 08:01 802224     /usr/local/java/jdk1.8.0_66/bin/java
08360000-08662000 rw-p 00000000 00:00 0          [heap]
98bf8000-98d00000 rw-p 00000000 00:00 0 
98d00000-98d8d000 rw-p 00000000 00:00 0 
98d8d000-98e00000 ---p 00000000 00:00 0 
98eaf000-98f89000 rw-p 00000000 00:00 0 
98f89000-98fb2000 ---p 00000000 00:00 0 
98fb2000-99100000 rw-p 00000000 00:00 0 
99100000-991f9000 rw-p 00000000 00:00 0 
991f9000-99200000 ---p 00000000 00:00 0 
99200000-99300000 rw-p 00000000 00:00 0 
99300000-993fe000 rw-p 00000000 00:00 0 
993fe000-99400000 ---p 00000000 00:00 0 
99407000-9940a000 ---p 00000000 00:00 0 
9940a000-99a00000 rw-p 00000000 00:00 0          [stack:2998]
99a00000-99af1000 rw-p 00000000 00:00 0 
99af1000-99b00000 ---p 00000000 00:00 0 
99b02000-99b28000 r-xp 00000000 08:01 801975     /usr/local/java/jdk1.8.0_66/jre/lib/i386/libdcpr.so
99b28000-99b2b000 rw-p 00025000 08:01 801975     /usr/local/java/jdk1.8.0_66/jre/lib/i386/libdcpr.so
99b2b000-99b47000 r--s 00393000 08:01 801998     /usr/local/java/jdk1.8.0_66/jre/lib/ext/cldrdata.jar
99b47000-99bee000 rw-p 00000000 00:00 0 
99bee000-99c23000 r-xp 00000000 08:01 788470     /usr/lib/i386-linux-gnu/libtxc_dxtn_s2tc.so.0.0.0
99c23000-99c24000 r--p 00034000 08:01 788470     /usr/lib/i386-linux-gnu/libtxc_dxtn_s2tc.so.0.0.0
99c24000-99c25000 rw-p 00035000 08:01 788470     /usr/lib/i386-linux-gnu/libtxc_dxtn_s2tc.so.0.0.0
99c25000-99c43000 r-xp 00000000 08:01 652786     /lib/i386-linux-gnu/libtinfo.so.5.9
99c43000-99c44000 ---p 0001e000 08:01 652786     /lib/i386-linux-gnu/libtinfo.so.5.9
99c44000-99c46000 r--p 0001e000 08:01 652786     /lib/i386-linux-gnu/libtinfo.so.5.9
99c46000-99c47000 rw-p 00020000 08:01 652786     /lib/i386-linux-gnu/libtinfo.so.5.9
99c47000-99c6e000 r-xp 00000000 08:01 787849     /usr/lib/i386-linux-gnu/libedit.so.2.0.47
99c6e000-99c6f000 ---p 00027000 08:01 787849     /usr/lib/i386-linux-gnu/libedit.so.2.0.47
99c6f000-99c70000 r--p 00027000 08:01 787849     /usr/lib/i386-linux-gnu/libedit.so.2.0.47
99c70000-99c71000 rw-p 00028000 08:01 787849     /usr/lib/i386-linux-gnu/libedit.so.2.0.47
99c71000-99c73000 rw-p 00000000 00:00 0 
99c73000-99c8b000 r-xp 00000000 08:01 652803     /lib/i386-linux-gnu/libz.so.1.2.8
99c8b000-99c8c000 r--p 00017000 08:01 652803     /lib/i386-linux-gnu/libz.so.1.2.8
99c8c000-99c8d000 rw-p 00018000 08:01 652803     /lib/i386-linux-gnu/libz.so.1.2.8
99c8d000-9b9f1000 r-xp 00000000 08:01 787605     /usr/lib/i386-linux-gnu/libLLVM-3.6.so.1
9b9f1000-9bb6a000 r--p 01d63000 08:01 787605     /usr/lib/i386-linux-gnu/libLLVM-3.6.so.1
9bb6a000-9bb6e000 rw-p 01edc000 08:01 787605     /usr/lib/i386-linux-gnu/libLLVM-3.6.so.1
9bb6e000-9bb7a000 rw-p 00000000 00:00 0 
9bb7a000-9c307000 r-xp 00000000 08:01 914799     /usr/lib/i386-linux-gnu/dri/swrast_dri.so
9c307000-9c308000 ---p 0078d000 08:01 914799     /usr/lib/i386-linux-gnu/dri/swrast_dri.so
9c308000-9c344000 r--p 0078d000 08:01 914799     /usr/lib/i386-linux-gnu/dri/swrast_dri.so
9c344000-9c34d000 rw-p 007c9000 08:01 914799     /usr/lib/i386-linux-gnu/dri/swrast_dri.so
9c34d000-9c530000 rw-p 00000000 00:00 0 
9c530000-9c531000 ---p 00000000 00:00 0 
9c531000-9c5b1000 rw-p 00000000 00:00 0          [stack:2997]
9c5b1000-9c5b2000 ---p 00000000 00:00 0 
9c5b2000-9cf00000 rw-p 00000000 00:00 0 
9cf00000-9cff3000 rw-p 00000000 00:00 0 
9cff3000-9d000000 ---p 00000000 00:00 0 
9d00e000-9d013000 r-xp 00000000 08:01 784981     /usr/lib/i386-linux-gnu/libffi.so.6.0.1
9d013000-9d014000 r--p 00005000 08:01 784981     /usr/lib/i386-linux-gnu/libffi.so.6.0.1
9d014000-9d015000 rw-p 00006000 08:01 784981     /usr/lib/i386-linux-gnu/libffi.so.6.0.1
9d015000-9d02b000 r-xp 00000000 08:01 787850     /usr/lib/i386-linux-gnu/libelf-0.158.so
9d02b000-9d02c000 r--p 00015000 08:01 787850     /usr/lib/i386-linux-gnu/libelf-0.158.so
9d02c000-9d02d000 rw-p 00016000 08:01 787850     /usr/lib/i386-linux-gnu/libelf-0.158.so
9d02d000-9d039000 r-xp 00000000 08:01 787845     /usr/lib/i386-linux-gnu/libdrm_radeon.so.1.0.1
9d039000-9d03a000 r--p 0000b000 08:01 787845     /usr/lib/i386-linux-gnu/libdrm_radeon.so.1.0.1
9d03a000-9d03b000 rw-p 0000c000 08:01 787845     /usr/lib/i386-linux-gnu/libdrm_radeon.so.1.0.1
9d03b000-9d041000 r-xp 00000000 08:01 787843     /usr/lib/i386-linux-gnu/libdrm_nouveau.so.2.0.0
9d041000-9d042000 r--p 00005000 08:01 787843     /usr/lib/i386-linux-gnu/libdrm_nouveau.so.2.0.0
9d042000-9d043000 rw-p 00006000 08:01 787843     /usr/lib/i386-linux-gnu/libdrm_nouveau.so.2.0.0
9d043000-9d04b000 r-xp 00000000 08:01 306252     /opt/VBoxGuestAdditions-5.0.8/lib/VBoxOGLpassthroughspu.so
9d04b000-9d04c000 rw-p 00008000 08:01 306252     /opt/VBoxGuestAdditions-5.0.8/lib/VBoxOGLpassthroughspu.so
9d04c000-9d04d000 rw-p 00000000 00:00 0 
9d04d000-9d0fd000 r-xp 00000000 08:01 308642     /opt/VBoxGuestAdditions-5.0.8/lib/VBoxOGLfeedbackspu.so
9d0fd000-9d0ff000 rw-p 000af000 08:01 308642     /opt/VBoxGuestAdditions-5.0.8/lib/VBoxOGLfeedbackspu.so
9d0ff000-9d6ac000 rw-p 00000000 00:00 0 
9d6ac000-9d6c2000 r-xp 00000000 08:01 308641     /opt/VBoxGuestAdditions-5.0.8/lib/VBoxOGLerrorspu.so
9d6c2000-9d6c4000 rw-p 00015000 08:01 308641     /opt/VBoxGuestAdditions-5.0.8/lib/VBoxOGLerrorspu.so
9d6c4000-9d8b8000 r-xp 00000000 08:01 306426     /opt/VBoxGuestAdditions-5.0.8/lib/VBoxOGLpackspu.so
9d8b8000-9d8bc000 rw-p 001f4000 08:01 306426     /opt/VBoxGuestAdditions-5.0.8/lib/VBoxOGLpackspu.so
9d8bc000-9d8fa000 rw-p 00000000 00:00 0 
9d8fa000-9d994000 r-xp 00000000 08:01 306425     /opt/VBoxGuestAdditions-5.0.8/lib/VBoxOGLcrutil.so
9d994000-9d99e000 rw-p 00099000 08:01 306425     /opt/VBoxGuestAdditions-5.0.8/lib/VBoxOGLcrutil.so
9d99e000-9d9a3000 rw-p 00000000 00:00 0 
9d9a3000-9da84000 r-xp 00000000 08:01 306427     /opt/VBoxGuestAdditions-5.0.8/lib/VBoxOGL.so
9da84000-9da94000 rw-p 000e0000 08:01 306427     /opt/VBoxGuestAdditions-5.0.8/lib/VBoxOGL.so
9da94000-9da9b000 rw-p 00000000 00:00 0 
9da9b000-9daa3000 r-xp 00000000 08:01 652704     /lib/i386-linux-gnu/libnih-dbus.so.1.0.0
9daa3000-9daa4000 r--p 00007000 08:01 652704     /lib/i386-linux-gnu/libnih-dbus.so.1.0.0
9daa4000-9daa5000 rw-p 00008000 08:01 652704     /lib/i386-linux-gnu/libnih-dbus.so.1.0.0
9daa5000-9dabc000 r-xp 00000000 08:01 652706     /lib/i386-linux-gnu/libnih.so.1.0.0
9dabc000-9dabd000 r--p 00016000 08:01 652706     /lib/i386-linux-gnu/libnih.so.1.0.0
9dabd000-9dabe000 rw-p 00017000 08:01 652706     /lib/i386-linux-gnu/libnih.so.1.0.0
9dabe000-9dada000 r-xp 00000000 08:01 651623     /lib/i386-linux-gnu/libcgmanager.so.0.0.0
9dada000-9dadb000 r--p 0001b000 08:01 651623     /lib/i386-linux-gnu/libcgmanager.so.0.0.0
9dadb000-9dadc000 rw-p 0001c000 08:01 651623     /lib/i386-linux-gnu/libcgmanager.so.0.0.0
9dadc000-9daed000 r-xp 00000000 08:01 656397     /lib/i386-linux-gnu/libudev.so.1.3.5
9daed000-9daee000 r--p 00010000 08:01 656397     /lib/i386-linux-gnu/libudev.so.1.3.5
9daee000-9daef000 rw-p 00011000 08:01 656397     /lib/i386-linux-gnu/libudev.so.1.3.5
9daf6000-9db00000 r--s 00116000 08:01 802003     /usr/local/java/jdk1.8.0_66/jre/lib/ext/localedata.jar
9db00000-9dc00000 rw-p 00000000 00:00 0 
9dc00000-9dd00000 rw-p 00000000 00:00 0 
9dd00000-9de00000 rw-p 00000000 00:00 0 
9de03000-9de05000 rw-p 00000000 00:00 0 
9de05000-9de07000 r-xp 00000000 08:01 787622     /usr/lib/i386-linux-gnu/libXcomposite.so.1.0.0
9de07000-9de08000 r--p 00001000 08:01 787622     /usr/lib/i386-linux-gnu/libXcomposite.so.1.0.0
9de08000-9de09000 rw-p 00002000 08:01 787622     /usr/lib/i386-linux-gnu/libXcomposite.so.1.0.0
9de09000-9de6a000 r-xp 00000000 08:01 801928     /usr/local/java/jdk1.8.0_66/jre/lib/i386/libt2k.so
9de6a000-9de6e000 rw-p 00060000 08:01 801928     /usr/local/java/jdk1.8.0_66/jre/lib/i386/libt2k.so
9de6e000-9de72000 rw-p 00000000 00:00 0 
9de72000-9de73000 ---p 00000000 00:00 0 
9de73000-9df73000 rw-p 00000000 00:00 0          [stack:2993]
9df73000-a1f74000 rw-s 00000000 00:15 24380      /run/shm/pulse-shm-878345652
a1f74000-a1f75000 ---p 00000000 00:00 0 
a1f75000-a2775000 rw-p 00000000 00:00 0          [stack:2992]
a2775000-a2788000 r-xp 00000000 08:01 652768     /lib/i386-linux-gnu/libresolv-2.19.so
a2788000-a2789000 ---p 00013000 08:01 652768     /lib/i386-linux-gnu/libresolv-2.19.so
a2789000-a278a000 r--p 00013000 08:01 652768     /lib/i386-linux-gnu/libresolv-2.19.so
a278a000-a278b000 rw-p 00014000 08:01 652768     /lib/i386-linux-gnu/libresolv-2.19.so
a278b000-a278d000 rw-p 00000000 00:00 0 
a278d000-a2794000 r-xp 00000000 08:01 788263     /usr/lib/i386-linux-gnu/libogg.so.0.8.1
a2794000-a2795000 r--p 00006000 08:01 788263     /usr/lib/i386-linux-gnu/libogg.so.0.8.1
a2795000-a2796000 rw-p 00007000 08:01 788263     /usr/lib/i386-linux-gnu/libogg.so.0.8.1
a2796000-a27bf000 r-xp 00000000 08:01 788503     /usr/lib/i386-linux-gnu/libvorbis.so.0.4.5
a27bf000-a27c0000 ---p 00029000 08:01 788503     /usr/lib/i386-linux-gnu/libvorbis.so.0.4.5
a27c0000-a27c1000 r--p 00029000 08:01 788503     /usr/lib/i386-linux-gnu/libvorbis.so.0.4.5
a27c1000-a27c2000 rw-p 0002a000 08:01 788503     /usr/lib/i386-linux-gnu/libvorbis.so.0.4.5
a27c2000-a2928000 r-xp 00000000 08:01 788505     /usr/lib/i386-linux-gnu/libvorbisenc.so.2.0.8
a2928000-a2939000 r--p 00165000 08:01 788505     /usr/lib/i386-linux-gnu/libvorbisenc.so.2.0.8
a2939000-a293a000 rw-p 00176000 08:01 788505     /usr/lib/i386-linux-gnu/libvorbisenc.so.2.0.8
a293a000-a296c000 r-xp 00000000 08:01 787586     /usr/lib/i386-linux-gnu/libFLAC.so.8.3.0
a296c000-a296d000 r--p 00031000 08:01 787586     /usr/lib/i386-linux-gnu/libFLAC.so.8.3.0
a296d000-a296e000 rw-p 00032000 08:01 787586     /usr/lib/i386-linux-gnu/libFLAC.so.8.3.0
a296e000-a2973000 r-xp 00000000 08:01 787702     /usr/lib/i386-linux-gnu/libasyncns.so.0.3.1
a2973000-a2974000 r--p 00004000 08:01 787702     /usr/lib/i386-linux-gnu/libasyncns.so.0.3.1
a2974000-a2975000 rw-p 00005000 08:01 787702     /usr/lib/i386-linux-gnu/libasyncns.so.0.3.1
a2975000-a29e0000 r-xp 00000000 08:01 788406     /usr/lib/i386-linux-gnu/libsndfile.so.1.0.25
a29e0000-a29e1000 ---p 0006b000 08:01 788406     /usr/lib/i386-linux-gnu/libsndfile.so.1.0.25
a29e1000-a29e2000 r--p 0006b000 08:01 788406     /usr/lib/i386-linux-gnu/libsndfile.so.1.0.25
a29e2000-a29e3000 rw-p 0006c000 08:01 788406     /usr/lib/i386-linux-gnu/libsndfile.so.1.0.25
a29e3000-a29e7000 rw-p 00000000 00:00 0 
a29e7000-a29ef000 r-xp 00000000 08:01 652800     /lib/i386-linux-gnu/libwrap.so.0.7.6
a29ef000-a29f0000 r--p 00007000 08:01 652800     /lib/i386-linux-gnu/libwrap.so.0.7.6
a29f0000-a29f1000 rw-p 00008000 08:01 652800     /lib/i386-linux-gnu/libwrap.so.0.7.6
a29f1000-a2a3a000 r-xp 00000000 08:01 652656     /lib/i386-linux-gnu/libdbus-1.so.3.7.6
a2a3a000-a2a3b000 r--p 00048000 08:01 652656     /lib/i386-linux-gnu/libdbus-1.so.3.7.6
a2a3b000-a2a3c000 rw-p 00049000 08:01 652656     /lib/i386-linux-gnu/libdbus-1.so.3.7.6
a2a3c000-a2aa9000 r-xp 00000000 08:01 914837     /usr/lib/i386-linux-gnu/pulseaudio/libpulsecommon-4.0.so
a2aa9000-a2aaa000 r--p 0006c000 08:01 914837     /usr/lib/i386-linux-gnu/pulseaudio/libpulsecommon-4.0.so
a2aaa000-a2aab000 rw-p 0006d000 08:01 914837     /usr/lib/i386-linux-gnu/pulseaudio/libpulsecommon-4.0.so
a2aab000-a2ab4000 r-xp 00000000 08:01 652682     /lib/i386-linux-gnu/libjson-c.so.2.0.0
a2ab4000-a2ab5000 r--p 00008000 08:01 652682     /lib/i386-linux-gnu/libjson-c.so.2.0.0
a2ab5000-a2ab6000 rw-p 00009000 08:01 652682     /lib/i386-linux-gnu/libjson-c.so.2.0.0
a2ab6000-a2b03000 r-xp 00000000 08:01 788332     /usr/lib/i386-linux-gnu/libpulse.so.0.16.2
a2b03000-a2b04000 r--p 0004c000 08:01 788332     /usr/lib/i386-linux-gnu/libpulse.so.0.16.2
a2b04000-a2b05000 rw-p 0004d000 08:01 788332     /usr/lib/i386-linux-gnu/libpulse.so.0.16.2
a2b05000-a2b53000 r-xp 00000000 08:01 21846      /tmp/libgdxgaems-dev/1c78875b/libopenal.so
a2b53000-a2b55000 r--p 0004d000 08:01 21846      /tmp/libgdxgaems-dev/1c78875b/libopenal.so
a2b55000-a2b56000 rw-p 0004f000 08:01 21846      /tmp/libgdxgaems-dev/1c78875b/libopenal.so
a2b56000-a2b62000 r-xp 00000000 08:01 787839     /usr/lib/i386-linux-gnu/libdrm.so.2.4.0
a2b62000-a2b63000 r--p 0000b000 08:01 787839     /usr/lib/i386-linux-gnu/libdrm.so.2.4.0
a2b63000-a2b64000 rw-p 0000c000 08:01 787839     /usr/lib/i386-linux-gnu/libdrm.so.2.4.0
a2b64000-a2b65000 r-xp 00000000 08:01 788594     /usr/lib/i386-linux-gnu/libxshmfence.so.1.0.0
a2b65000-a2b66000 r--p 00000000 08:01 788594     /usr/lib/i386-linux-gnu/libxshmfence.so.1.0.0
a2b66000-a2b67000 rw-p 00001000 08:01 788594     /usr/lib/i386-linux-gnu/libxshmfence.so.1.0.0
a2b67000-a2b6c000 r-xp 00000000 08:01 788559     /usr/lib/i386-linux-gnu/libxcb-sync.so.1.0.0
a2b6c000-a2b6d000 r--p 00004000 08:01 788559     /usr/lib/i386-linux-gnu/libxcb-sync.so.1.0.0
a2b6d000-a2b6e000 rw-p 00005000 08:01 788559     /usr/lib/i386-linux-gnu/libxcb-sync.so.1.0.0
a2b6e000-a2b70000 r-xp 00000000 08:01 788551     /usr/lib/i386-linux-gnu/libxcb-present.so.0.0.0
a2b70000-a2b71000 r--p 00001000 08:01 788551     /usr/lib/i386-linux-gnu/libxcb-present.so.0.0.0
a2b71000-a2b72000 rw-p 00002000 08:01 788551     /usr/lib/i386-linux-gnu/libxcb-present.so.0.0.0
a2b72000-a2b88000 r-xp 00000000 08:01 788549     /usr/lib/i386-linux-gnu/libxcb-glx.so.0.0.0
a2b88000-a2b89000 r--p 00016000 08:01 788549     /usr/lib/i386-linux-gnu/libxcb-glx.so.0.0.0
a2b89000-a2b8a000 rw-p 00017000 08:01 788549     /usr/lib/i386-linux-gnu/libxcb-glx.so.0.0.0
a2b8a000-a2b9b000 r-xp 00000000 08:01 786989     /usr/lib/i386-linux-gnu/libglapi.so.0.0.0
a2b9b000-a2b9d000 r--p 00011000 08:01 786989     /usr/lib/i386-linux-gnu/libglapi.so.0.0.0
a2b9d000-a2ba2000 rwxp 00013000 08:01 786989     /usr/lib/i386-linux-gnu/libglapi.so.0.0.0
a2ba2000-a2ba3000 rwxp 00000000 00:00 0 
a2ba3000-a2bc8000 r-xp 00000000 08:01 651621     /lib/i386-linux-gnu/libexpat.so.1.6.0
a2bc8000-a2bc9000 ---p 00025000 08:01 651621     /lib/i386-linux-gnu/libexpat.so.1.6.0
a2bc9000-a2bcb000 r--p 00025000 08:01 651621     /lib/i386-linux-gnu/libexpat.so.1.6.0
a2bcb000-a2bcc000 rw-p 00027000 08:01 651621     /lib/i386-linux-gnu/libexpat.so.1.6.0
a2bcc000-a2be1000 r-xp 00000000 08:01 914237     /usr/lib/i386-linux-gnu/mesa/libGL.so.1.2.0
a2be1000-a2be5000 r-xp 00015000 08:01 914237     /usr/lib/i386-linux-gnu/mesa/libGL.so.1.2.0
a2be5000-a2be7000 r-xp 00019000 08:01 914237     /usr/lib/i386-linux-gnu/mesa/libGL.so.1.2.0
a2be7000-a2be9000 r-xp 0001b000 08:01 914237     /usr/lib/i386-linux-gnu/mesa/libGL.so.1.2.0
a2be9000-a2c59000 r-xp 0001d000 08:01 914237     /usr/lib/i386-linux-gnu/mesa/libGL.so.1.2.0
a2c59000-a2c5b000 r--p 0008c000 08:01 914237     /usr/lib/i386-linux-gnu/mesa/libGL.so.1.2.0
a2c5b000-a2c60000 rwxp 0008e000 08:01 914237     /usr/lib/i386-linux-gnu/mesa/libGL.so.1.2.0
a2c60000-a2c61000 rwxp 00000000 00:00 0 
a2c61000-a2c64000 ---p 00000000 00:00 0 
a2c64000-a2c78000 rw-p 00000000 00:00 0 
a2c78000-a2cd7000 r-xp 00000000 08:01 21350      /tmp/libgdxgaems-dev/1c78875b/liblwjgl.so
a2cd7000-a2cd8000 ---p 0005f000 08:01 21350      /tmp/libgdxgaems-dev/1c78875b/liblwjgl.so
a2cd8000-a2cd9000 r--p 0005f000 08:01 21350      /tmp/libgdxgaems-dev/1c78875b/liblwjgl.so
a2cd9000-a2cda000 rw-p 00060000 08:01 21350      /tmp/libgdxgaems-dev/1c78875b/liblwjgl.so
a2cda000-a2db6000 r-xp 00000000 08:01 788430     /usr/lib/i386-linux-gnu/libstdc++.so.6.0.19
a2db6000-a2dba000 r--p 000dc000 08:01 788430     /usr/lib/i386-linux-gnu/libstdc++.so.6.0.19
a2dba000-a2dbb000 rw-p 000e0000 08:01 788430     /usr/lib/i386-linux-gnu/libstdc++.so.6.0.19
a2dbb000-a2dc2000 rw-p 00000000 00:00 0 
a2dc2000-a2df9000 r-xp 00000000 08:01 21347      /tmp/libgdxgaems-dev/d9b40ffb/libgdx.so
a2df9000-a2dfa000 r--p 00036000 08:01 21347      /tmp/libgdxgaems-dev/d9b40ffb/libgdx.so
a2dfa000-a2dfb000 rw-p 00037000 08:01 21347      /tmp/libgdxgaems-dev/d9b40ffb/libgdx.so
a2dfb000-a2efb000 rw-p 00000000 00:00 0 
a2efb000-a2efe000 ---p 00000000 00:00 0 
a2efe000-a2f4c000 rw-p 00000000 00:00 0          [stack:2987]
a2f4c000-a2f4f000 ---p 00000000 00:00 0 
a2f4f000-a2f9d000 rw-p 00000000 00:00 0          [stack:2986]
a2f9d000-a2fa5000 r--s 00000000 08:01 312797     /var/cache/fontconfig/945677eb7aeaf62f1d50efc3fb3ec7d8-le32d4.cache-4
a2fa5000-a2fa9000 r--s 00000000 08:01 312783     /var/cache/fontconfig/2cd17615ca594fa2959ae173292e504c-le32d4.cache-4
a2fa9000-a2faa000 r--s 00000000 08:01 312813     /var/cache/fontconfig/e7071f4a29fa870f4323321c154eba04-le32d4.cache-4
a2faa000-a2fab000 r--s 00000000 08:01 312780     /var/cache/fontconfig/0d8c3b2ac0904cb8a57a757ad11a4a08-le32d4.cache-4
a2fab000-a2fb0000 r--s 00000000 08:01 312800     /var/cache/fontconfig/a755afe4a08bf5b97852ceb7400b47bc-le32d4.cache-4
a2fb0000-a2fbf000 r--s 00000000 08:01 312778     /var/cache/fontconfig/04aabc0a78ac019cf9454389977116d2-le32d4.cache-4
a2fbf000-a2fc0000 r--s 00000000 08:01 312782     /var/cache/fontconfig/1ac9eb803944fde146138c791f5cc56a-le32d4.cache-4
a2fc0000-a2fc3000 r--s 00000000 08:01 312786     /var/cache/fontconfig/385c0604a188198f04d133e54aba7fe7-le32d4.cache-4
a2fc3000-a2fc4000 r--s 00000000 08:01 312810     /var/cache/fontconfig/dc05db6664285cc2f12bf69c139ae4c3-le32d4.cache-4
a2fc4000-a2fc6000 r--s 00000000 08:01 312794     /var/cache/fontconfig/767a8244fc0220cfb567a839d0392e0b-le32d4.cache-4
a2fc6000-a2fca000 r--s 00000000 08:01 312796     /var/cache/fontconfig/8801497958630a81b71ace7c5f9b32a8-le32d4.cache-4
a2fca000-a2fcf000 r--s 00000000 08:01 312784     /var/cache/fontconfig/3047814df9a2f067bd2d96a2b9c36e5a-le32d4.cache-4
a2fcf000-a2fdf000 r--s 00000000 08:01 312807     /var/cache/fontconfig/d52a8644073d54c13679302ca1180695-le32d4.cache-4
a2fdf000-a2fe0000 rw-p 00000000 00:00 0 
a2fe0000-a2fe2000 r-xp 00000000 08:01 788547     /usr/lib/i386-linux-gnu/libxcb-dri3.so.0.0.0
a2fe2000-a2fe3000 r--p 00001000 08:01 788547     /usr/lib/i386-linux-gnu/libxcb-dri3.so.0.0.0
a2fe3000-a2fe4000 rw-p 00002000 08:01 788547     /usr/lib/i386-linux-gnu/libxcb-dri3.so.0.0.0
a2fe4000-a2fe8000 r-xp 00000000 08:01 788545     /usr/lib/i386-linux-gnu/libxcb-dri2.so.0.0.0
a2fe8000-a2fe9000 r--p 00003000 08:01 788545     /usr/lib/i386-linux-gnu/libxcb-dri2.so.0.0.0
a2fe9000-a2fea000 rw-p 00004000 08:01 788545     /usr/lib/i386-linux-gnu/libxcb-dri2.so.0.0.0
a2fea000-a2feb000 r-xp 00000000 08:01 787611     /usr/lib/i386-linux-gnu/libX11-xcb.so.1.0.0
a2feb000-a2fec000 r--p 00000000 08:01 787611     /usr/lib/i386-linux-gnu/libX11-xcb.so.1.0.0
a2fec000-a2fed000 rw-p 00001000 08:01 787611     /usr/lib/i386-linux-gnu/libX11-xcb.so.1.0.0
a2fed000-a2fef000 r-xp 00000000 08:01 787626     /usr/lib/i386-linux-gnu/libXdamage.so.1.1.0
a2fef000-a2ff0000 r--p 00001000 08:01 787626     /usr/lib/i386-linux-gnu/libXdamage.so.1.1.0
a2ff0000-a2ff1000 rw-p 00002000 08:01 787626     /usr/lib/i386-linux-gnu/libXdamage.so.1.1.0
a2ff1000-a2ff5000 r-xp 00000000 08:01 787668     /usr/lib/i386-linux-gnu/libXxf86vm.so.1.0.0
a2ff5000-a2ff6000 r--p 00004000 08:01 787668     /usr/lib/i386-linux-gnu/libXxf86vm.so.1.0.0
a2ff6000-a2ff7000 rw-p 00005000 08:01 787668     /usr/lib/i386-linux-gnu/libXxf86vm.so.1.0.0
a2ff7000-a3000000 r-xp 00000000 08:01 787650     /usr/lib/i386-linux-gnu/libXrandr.so.2.2.0
a3000000-a3001000 r--p 00008000 08:01 787650     /usr/lib/i386-linux-gnu/libXrandr.so.2.2.0
a3001000-a3002000 rw-p 00009000 08:01 787650     /usr/lib/i386-linux-gnu/libXrandr.so.2.2.0
a3002000-a3013000 r--p 00000000 08:01 1058272    /usr/share/locale-langpack/es/LC_MESSAGES/pulseaudio.mo
a3013000-a3014000 r-xp 00000000 08:01 801953     /usr/local/java/jdk1.8.0_66/jre/lib/i386/libjawt.so
a3014000-a3015000 rw-p 00000000 08:01 801953     /usr/local/java/jdk1.8.0_66/jre/lib/i386/libjawt.so
a3015000-a3115000 rw-p 00000000 00:00 0 
a3115000-a3124000 r-xp 00000000 08:01 801982     /usr/local/java/jdk1.8.0_66/jre/lib/i386/libnio.so
a3124000-a3125000 rw-p 0000e000 08:01 801982     /usr/local/java/jdk1.8.0_66/jre/lib/i386/libnio.so
a3125000-a3128000 ---p 00000000 00:00 0 
a3128000-a3176000 rw-p 00000000 00:00 0          [stack:2985]
a3176000-a317f000 r-xp 00000000 08:01 787624     /usr/lib/i386-linux-gnu/libXcursor.so.1.0.2
a317f000-a3180000 r--p 00008000 08:01 787624     /usr/lib/i386-linux-gnu/libXcursor.so.1.0.2
a3180000-a3181000 rw-p 00009000 08:01 787624     /usr/lib/i386-linux-gnu/libXcursor.so.1.0.2
a3181000-a3281000 rw-p 00000000 00:00 0 
a3281000-a3284000 ---p 00000000 00:00 0 
a3284000-a32d2000 rw-p 00000000 00:00 0          [stack:2984]
a32d2000-a32ee000 r-xp 00000000 08:01 652669     /lib/i386-linux-gnu/libgcc_s.so.1
a32ee000-a32ef000 rw-p 0001b000 08:01 652669     /lib/i386-linux-gnu/libgcc_s.so.1
a32ef000-a32f2000 r--s 00000000 08:01 312803     /var/cache/fontconfig/c57959a16110560c8d0fcea73374aeeb-le32d4.cache-4
a32f2000-a32f6000 r--s 00000000 08:01 312801     /var/cache/fontconfig/b47c4e1ecd0709278f4910c18777a504-le32d4.cache-4
a32f6000-a32fd000 r--s 00000000 08:01 312787     /var/cache/fontconfig/3f7329c5293ffd510edef78f73874cfd-le32d4.cache-4
a32fd000-a3300000 r--s 00000000 08:01 324480     /var/cache/fontconfig/d589a48862398ed80a3d6066f4f56f4c-le32d4.cache-4
a3300000-a33b7000 rw-p 00000000 00:00 0 
a33b7000-a3400000 ---p 00000000 00:00 0 
a3400000-a3401000 r--s 00000000 08:01 324361     /var/cache/fontconfig/4794a0821666d79190d59a36cb4f44b5-le32d4.cache-4
a3401000-a3402000 r--s 00000000 08:01 312790     /var/cache/fontconfig/56cf4f4769d0f4abc89a4895d7bd3ae1-le32d4.cache-4
a3402000-a3404000 r--s 00000000 08:01 312795     /var/cache/fontconfig/e13b20fdb08344e0e664864cc2ede53d-le32d4.cache-4
a3404000-a3466000 r-xp 00000000 08:01 801971     /usr/local/java/jdk1.8.0_66/jre/lib/i386/libfontmanager.so
a3466000-a3469000 rw-p 00061000 08:01 801971     /usr/local/java/jdk1.8.0_66/jre/lib/i386/libfontmanager.so
a3469000-a346d000 rw-p 00000000 00:00 0 
a346d000-a3493000 r--p 00000000 08:01 1058183    /usr/share/locale-langpack/es/LC_MESSAGES/libc.mo
a3493000-a3498000 r-xp 00000000 08:01 787628     /usr/lib/i386-linux-gnu/libXdmcp.so.6.0.0
a3498000-a3499000 r--p 00004000 08:01 787628     /usr/lib/i386-linux-gnu/libXdmcp.so.6.0.0
a3499000-a349a000 rw-p 00005000 08:01 787628     /usr/lib/i386-linux-gnu/libXdmcp.so.6.0.0
a349a000-a34ba000 r-xp 00000000 08:01 788565     /usr/lib/i386-linux-gnu/libxcb.so.1.1.0
a34ba000-a34bb000 r--p 0001f000 08:01 788565     /usr/lib/i386-linux-gnu/libxcb.so.1.1.0
a34bb000-a34bc000 rw-p 00020000 08:01 788565     /usr/lib/i386-linux-gnu/libxcb.so.1.1.0
a34bc000-a34ca000 r-xp 00000000 08:01 787638     /usr/lib/i386-linux-gnu/libXi.so.6.1.0
a34ca000-a34cb000 r--p 0000e000 08:01 787638     /usr/lib/i386-linux-gnu/libXi.so.6.1.0
a34cb000-a34cc000 rw-p 0000f000 08:01 787638     /usr/lib/i386-linux-gnu/libXi.so.6.1.0
a34cc000-a35fc000 r-xp 00000000 08:01 787613     /usr/lib/i386-linux-gnu/libX11.so.6.3.0
a35fc000-a35fd000 r--p 00130000 08:01 787613     /usr/lib/i386-linux-gnu/libX11.so.6.3.0
a35fd000-a35ff000 rw-p 00131000 08:01 787613     /usr/lib/i386-linux-gnu/libX11.so.6.3.0
a35ff000-a3600000 rw-p 00000000 00:00 0 
a3600000-a364c000 r-xp 00000000 08:01 801945     /usr/local/java/jdk1.8.0_66/jre/lib/i386/libawt_xawt.so
a364c000-a364e000 rw-p 0004c000 08:01 801945     /usr/local/java/jdk1.8.0_66/jre/lib/i386/libawt_xawt.so
a364e000-a364f000 rw-p 00000000 00:00 0 
a364f000-a36d5000 r-xp 00000000 08:01 801929     /usr/local/java/jdk1.8.0_66/jre/lib/i386/libawt.so
a36d5000-a36dc000 rw-p 00086000 08:01 801929     /usr/local/java/jdk1.8.0_66/jre/lib/i386/libawt.so
a36dc000-a3700000 rw-p 00000000 00:00 0 
a3700000-a37f4000 rw-p 00000000 00:00 0 
a37f4000-a3800000 ---p 00000000 00:00 0 
a3800000-a3801000 r--s 00000000 08:01 312802     /var/cache/fontconfig/b9d506c9ac06c20b433354fa67a72993-le32d4.cache-4
a3801000-a3803000 r-xp 00000000 08:01 787617     /usr/lib/i386-linux-gnu/libXau.so.6.0.0
a3803000-a3804000 r--p 00001000 08:01 787617     /usr/lib/i386-linux-gnu/libXau.so.6.0.0
a3804000-a3805000 rw-p 00002000 08:01 787617     /usr/lib/i386-linux-gnu/libXau.so.6.0.0
a3805000-a380a000 r-xp 00000000 08:01 787658     /usr/lib/i386-linux-gnu/libXtst.so.6.1.0
a380a000-a380b000 r--p 00004000 08:01 787658     /usr/lib/i386-linux-gnu/libXtst.so.6.1.0
a380b000-a380c000 rw-p 00005000 08:01 787658     /usr/lib/i386-linux-gnu/libXtst.so.6.1.0
a380c000-a3815000 r-xp 00000000 08:01 787652     /usr/lib/i386-linux-gnu/libXrender.so.1.3.0
a3815000-a3816000 r--p 00008000 08:01 787652     /usr/lib/i386-linux-gnu/libXrender.so.1.3.0
a3816000-a3817000 rw-p 00009000 08:01 787652     /usr/lib/i386-linux-gnu/libXrender.so.1.3.0
a3817000-a3828000 r-xp 00000000 08:01 787630     /usr/lib/i386-linux-gnu/libXext.so.6.4.0
a3828000-a3829000 r--p 00010000 08:01 787630     /usr/lib/i386-linux-gnu/libXext.so.6.4.0
a3829000-a382a000 rw-p 00011000 08:01 787630     /usr/lib/i386-linux-gnu/libXext.so.6.4.0
a382a000-a382b000 r--s 00000000 08:01 312779     /var/cache/fontconfig/0c9eb80ebd1c36541ebe2852d3bb0c49-le32d4.cache-4
a382b000-a382e000 r--s 00000000 08:01 260617     /var/cache/fontconfig/7ef2298fde41cc6eeb7af42e48b7d293-le32d4.cache-4
a382e000-a3832000 r-xp 00000000 08:01 787632     /usr/lib/i386-linux-gnu/libXfixes.so.3.1.0
a3832000-a3833000 r--p 00003000 08:01 787632     /usr/lib/i386-linux-gnu/libXfixes.so.3.1.0
a3833000-a3834000 rw-p 00004000 08:01 787632     /usr/lib/i386-linux-gnu/libXfixes.so.3.1.0
a3834000-a383b000 r--s 00000000 08:01 914223     /usr/lib/i386-linux-gnu/gconv/gconv-modules.cache
a383b000-a3850000 r-xp 00000000 08:01 801920     /usr/local/java/jdk1.8.0_66/jre/lib/i386/libnet.so
a3850000-a3851000 rw-p 00015000 08:01 801920     /usr/local/java/jdk1.8.0_66/jre/lib/i386/libnet.so
a3851000-a3854000 ---p 00000000 00:00 0 
a3854000-a38a2000 rw-p 00000000 00:00 0          [stack:2983]
a38a2000-a38a3000 r-xp 00000000 08:01 935613     /home/gaems-dev/Documentos/idea-IC-141.2735.5/bin/libbreakgen.so
a38a3000-a38a4000 rw-p 00000000 08:01 935613     /home/gaems-dev/Documentos/idea-IC-141.2735.5/bin/libbreakgen.so
a38a4000-a38a6000 r--s 00016000 08:01 933876     /home/gaems-dev/Documentos/idea-IC-141.2735.5/lib/idea_rt.jar
a38a6000-a38a7000 r--s 00002000 08:01 939068     /home/gaems-dev/.gradle/caches/modules-2/files-2.1/net.java.jinput/jinput-platform/2.0.5/53f9c919f34d2ca9de8c51fc4e1e8282029a9232/jinput-platform-2.0.5-natives-osx.jar
a38a7000-a38a8000 r--s 00025000 08:01 939067     /home/gaems-dev/.gradle/caches/modules-2/files-2.1/net.java.jinput/jinput-platform/2.0.5/385ee093e01f587f30ee1c8a2ee7d408fd732e16/jinput-platform-2.0.5-natives-windows.jar
a38a8000-a38a9000 r--s 00002000 08:01 939066     /home/gaems-dev/.gradle/caches/modules-2/files-2.1/net.java.jinput/jinput-platform/2.0.5/7ff832a6eb9ab6a767f1ade2b548092d0fa64795/jinput-platform-2.0.5-natives-linux.jar
a38a9000-a38aa000 r--s 00001000 08:01 939065     /home/gaems-dev/.gradle/caches/modules-2/files-2.1/net.java.jutils/jutils/1.0.0/e12fe1fda814bd348c1579329c86943d2cd3c6a6/jutils-1.0.0.jar
a38aa000-a38ae000 r--s 0002f000 08:01 939064     /home/gaems-dev/.gradle/caches/modules-2/files-2.1/net.java.jinput/jinput/2.0.5/39c7796b469a600f72380316f6b1f11db6c2c7c4/jinput-2.0.5.jar
a38ae000-a38af000 r--s 00068000 08:01 939063     /home/gaems-dev/.gradle/caches/modules-2/files-2.1/org.lwjgl.lwjgl/lwjgl-platform/2.9.2/d55b46b40b40249d627a83a7f7f22649709d70c3/lwjgl-platform-2.9.2-natives-osx.jar
a38af000-a38b0000 r--s 0008d000 08:01 939062     /home/gaems-dev/.gradle/caches/modules-2/files-2.1/org.lwjgl.lwjgl/lwjgl-platform/2.9.2/d276cdf61fe2b516c7b7f4aa1b8dea91dbdc8d56/lwjgl-platform-2.9.2-natives-linux.jar
a38b0000-a38b2000 r--s 00004000 08:01 939060     /home/gaems-dev/.gradle/caches/modules-2/files-2.1/com.badlogicgames.gdx/gdx-backend-headless/1.7.0/7b1f71a02052b65e958154017b353f9f0d7bd2c9/gdx-backend-headless-1.7.0.jar
a38b2000-a38b4000 r--s 00017000 08:01 939059     /home/gaems-dev/.gradle/caches/modules-2/files-2.1/org.jcraft/jorbis/0.0.17/8872d22b293e8f5d7d56ff92be966e6dc28ebdc6/jorbis-0.0.17.jar
a38b4000-a38b8000 r--s 00027000 08:01 939057     /home/gaems-dev/.gradle/caches/modules-2/files-2.1/org.lwjgl.lwjgl/lwjgl_util/2.9.2/4b9e37300a87799856e0bd15ed81663cdb6b0947/lwjgl_util-2.9.2.jar
a38b8000-a38c6000 r--s 000f2000 08:01 939056     /home/gaems-dev/.gradle/caches/modules-2/files-2.1/org.lwjgl.lwjgl/lwjgl/2.9.2/a9d80fe5935c7a9149f6584d9777cfd471f65489/lwjgl-2.9.2.jar
a38c6000-a38d1000 r--s 0009b000 08:01 939055     /home/gaems-dev/.gradle/caches/modules-2/files-2.1/com.badlogicgames.gdx/gdx-tools/1.7.0/69a24e941d97c80b322f3190fca6f4e83ecfcf5d/gdx-tools-1.7.0.jar
a38d1000-a38ec000 r--s 001fe000 08:01 801993     /usr/local/java/jdk1.8.0_66/jre/lib/deploy.jar
a38ec000-a38ed000 ---p 00000000 00:00 0 
a38ed000-a396d000 rw-p 00000000 00:00 0          [stack:2982]
a396d000-a3970000 ---p 00000000 00:00 0 
a3970000-a39be000 rw-p 00000000 00:00 0          [stack:2981]
a39be000-a39c1000 ---p 00000000 00:00 0 
a39c1000-a3a3f000 rw-p 00000000 00:00 0          [stack:2980]
a3a3f000-a3a42000 ---p 00000000 00:00 0 
a3a42000-a3a90000 rw-p 00000000 00:00 0          [stack:2979]
a3a90000-a3bc1000 r--p 0059d000 08:01 788757     /usr/lib/locale/locale-archive
a3bc1000-a3c00000 r--p 00277000 08:01 788757     /usr/lib/locale/locale-archive
a3c00000-a3e00000 r--p 00000000 08:01 788757     /usr/lib/locale/locale-archive
a3e00000-a3efe000 rw-p 00000000 00:00 0 
a3efe000-a3f00000 ---p 00000000 00:00 0 
a3f00000-a3f1a000 r--s 0019c000 08:01 939010     /home/gaems-dev/.gradle/caches/modules-2/files-2.1/com.badlogicgames.gdx/gdx/1.7.0/1b08c96132448b5ab9c0cc8dea3e985dcf0166fd/gdx-1.7.0.jar
a3f1a000-a3f24000 r--s 0006b000 08:01 801992     /usr/local/java/jdk1.8.0_66/jre/lib/javaws.jar
a3f24000-a3f37000 r--s 000d5000 08:01 801788     /usr/local/java/jdk1.8.0_66/jre/lib/plugin.jar
a3f37000-a3f3a000 ---p 00000000 00:00 0 
a3f3a000-a3f88000 rw-p 00000000 00:00 0          [stack:2978]
a3f88000-a3f8b000 ---p 00000000 00:00 0 
a3f8b000-a3fd9000 rw-p 00000000 00:00 0          [stack:2977]
a3fd9000-a3fda000 ---p 00000000 00:00 0 
a3fda000-a40a9000 rw-p 00000000 00:00 0          [stack:2976]
a40a9000-a4282000 r--s 03d20000 08:01 801896     /usr/local/java/jdk1.8.0_66/jre/lib/rt.jar
a4282000-a4723000 rw-p 00000000 00:00 0 
a4723000-a4729000 ---p 00000000 00:00 0 
a4729000-a472f000 rw-p 00000000 00:00 0 
a472f000-a477f000 ---p 00000000 00:00 0 
a477f000-a4782000 rw-p 00000000 00:00 0 
a4782000-a47a9000 ---p 00000000 00:00 0 
a47a9000-a47af000 rw-p 00000000 00:00 0 
a47af000-a47ff000 ---p 00000000 00:00 0 
a47ff000-a4d60000 rw-p 00000000 00:00 0 
a4d60000-a9d50000 ---p 00000000 00:00 0 
a9d50000-aa800000 rw-p 00000000 00:00 0 
aa800000-b4800000 ---p 00000000 00:00 0 
b4800000-b4801000 r--s 00095000 08:01 939061     /home/gaems-dev/.gradle/caches/modules-2/files-2.1/org.lwjgl.lwjgl/lwjgl-platform/2.9.2/510c7d317f5e9e700b9cfaac5fd38bdebf0702e0/lwjgl-platform-2.9.2-natives-windows.jar
b4801000-b4802000 r--s 00015000 08:01 939058     /home/gaems-dev/.gradle/caches/modules-2/files-2.1/com.badlogicgames.jlayer/jlayer/1.0.1-gdx/7cca83cec5c1b2f011362f4d85aabd71a73b049d/jlayer-1.0.1-gdx.jar
b4802000-b4805000 r--s 00020000 08:01 939050     /home/gaems-dev/.gradle/caches/modules-2/files-2.1/com.badlogicgames.gdx/gdx-backend-lwjgl/1.7.0/13f5f237bce7d67614fcf99e97862c5772702e7/gdx-backend-lwjgl-1.7.0.jar
b4805000-b4807000 r--s 00010000 08:01 939006     /home/gaems-dev/.gradle/caches/modules-2/files-2.1/com.badlogicgames.gdx/gdx-box2d/1.7.0/a560f1f94b939f2b5ccd4eec752797c3ea6e1c92/gdx-box2d-1.7.0.jar
b4807000-b480c000 r--s 00083000 08:01 801990     /usr/local/java/jdk1.8.0_66/jre/lib/jfr.jar
b480c000-b4811000 r--s 00096000 08:01 801800     /usr/local/java/jdk1.8.0_66/jre/lib/jsse.jar
b4811000-b4823000 r--s 00345000 08:01 801787     /usr/local/java/jdk1.8.0_66/jre/lib/resources.jar
b4823000-b4831000 rw-p 00000000 00:00 0 
b4831000-b48a3000 ---p 00000000 00:00 0 
b48a3000-b4c03000 rwxp 00000000 00:00 0 
b4c03000-b68a3000 ---p 00000000 00:00 0 
b68a3000-b68bc000 r-xp 00000000 08:01 801983     /usr/local/java/jdk1.8.0_66/jre/lib/i386/libzip.so
b68bc000-b68bd000 rw-p 00019000 08:01 801983     /usr/local/java/jdk1.8.0_66/jre/lib/i386/libzip.so
b68bd000-b68c8000 r-xp 00000000 08:01 652717     /lib/i386-linux-gnu/libnss_files-2.19.so
b68c8000-b68c9000 r--p 0000a000 08:01 652717     /lib/i386-linux-gnu/libnss_files-2.19.so
b68c9000-b68ca000 rw-p 0000b000 08:01 652717     /lib/i386-linux-gnu/libnss_files-2.19.so
b68ca000-b68d4000 r-xp 00000000 08:01 652727     /lib/i386-linux-gnu/libnss_nis-2.19.so
b68d4000-b68d5000 r--p 00009000 08:01 652727     /lib/i386-linux-gnu/libnss_nis-2.19.so
b68d5000-b68d6000 rw-p 0000a000 08:01 652727     /lib/i386-linux-gnu/libnss_nis-2.19.so
b68d6000-b68eb000 r-xp 00000000 08:01 652711     /lib/i386-linux-gnu/libnsl-2.19.so
b68eb000-b68ec000 r--p 00015000 08:01 652711     /lib/i386-linux-gnu/libnsl-2.19.so
b68ec000-b68ed000 rw-p 00016000 08:01 652711     /lib/i386-linux-gnu/libnsl-2.19.so
b68ed000-b68ef000 rw-p 00000000 00:00 0 
b68ef000-b68f0000 r--s 000fa000 08:01 939052     /home/gaems-dev/.gradle/caches/modules-2/files-2.1/com.badlogicgames.gdx/gdx-box2d-platform/1.7.0/a77511493047b3fcdca271976390ecb491ac602c/gdx-box2d-platform-1.7.0-natives-desktop.jar
b68f0000-b68f2000 r--s 00007000 08:01 801913     /usr/local/java/jdk1.8.0_66/jre/lib/jfxswt.jar
b68f2000-b68f8000 r--s 002f8000 08:01 801789     /usr/local/java/jdk1.8.0_66/jre/lib/charsets.jar
b68f8000-b6900000 rw-s 00000000 08:01 21342      /tmp/hsperfdata_gaems-dev/2974
b6900000-b69f9000 rw-p 00000000 00:00 0 
b69f9000-b6a00000 ---p 00000000 00:00 0 
b6a00000-b6a03000 r--s 0001a000 08:01 801762     /usr/local/java/jdk1.8.0_66/jre/lib/jce.jar
b6a03000-b6a0a000 r-xp 00000000 08:01 652713     /lib/i386-linux-gnu/libnss_compat-2.19.so
b6a0a000-b6a0b000 r--p 00006000 08:01 652713     /lib/i386-linux-gnu/libnss_compat-2.19.so
b6a0b000-b6a0c000 rw-p 00007000 08:01 652713     /lib/i386-linux-gnu/libnss_compat-2.19.so
b6a0c000-b6a30000 r-xp 00000000 08:01 801979     /usr/local/java/jdk1.8.0_66/jre/lib/i386/libjava.so
b6a30000-b6a31000 rw-p 00023000 08:01 801979     /usr/local/java/jdk1.8.0_66/jre/lib/i386/libjava.so
b6a31000-b6a38000 r-xp 00000000 08:01 652770     /lib/i386-linux-gnu/librt-2.19.so
b6a38000-b6a39000 r--p 00006000 08:01 652770     /lib/i386-linux-gnu/librt-2.19.so
b6a39000-b6a3a000 rw-p 00007000 08:01 652770     /lib/i386-linux-gnu/librt-2.19.so
b6a3a000-b6a3d000 ---p 00000000 00:00 0 
b6a3d000-b6a8b000 rw-p 00000000 00:00 0          [stack:2975]
b6a8b000-b6acf000 r-xp 00000000 08:01 652692     /lib/i386-linux-gnu/libm-2.19.so
b6acf000-b6ad0000 r--p 00043000 08:01 652692     /lib/i386-linux-gnu/libm-2.19.so
b6ad0000-b6ad1000 rw-p 00044000 08:01 652692     /lib/i386-linux-gnu/libm-2.19.so
b6ad1000-b7121000 r-xp 00000000 08:01 801923     /usr/local/java/jdk1.8.0_66/jre/lib/i386/client/libjvm.so
b7121000-b7147000 rw-p 00650000 08:01 801923     /usr/local/java/jdk1.8.0_66/jre/lib/i386/client/libjvm.so
b7147000-b756a000 rw-p 00000000 00:00 0 
b756a000-b7712000 r-xp 00000000 08:01 652642     /lib/i386-linux-gnu/libc-2.19.so
b7712000-b7714000 r--p 001a8000 08:01 652642     /lib/i386-linux-gnu/libc-2.19.so
b7714000-b7715000 rw-p 001aa000 08:01 652642     /lib/i386-linux-gnu/libc-2.19.so
b7715000-b7718000 rw-p 00000000 00:00 0 
b7718000-b771b000 r-xp 00000000 08:01 652659     /lib/i386-linux-gnu/libdl-2.19.so
b771b000-b771c000 r--p 00002000 08:01 652659     /lib/i386-linux-gnu/libdl-2.19.so
b771c000-b771d000 rw-p 00003000 08:01 652659     /lib/i386-linux-gnu/libdl-2.19.so
b771d000-b7731000 r-xp 00000000 08:01 786397     /usr/local/java/jdk1.8.0_66/lib/i386/jli/libjli.so
b7731000-b7732000 rw-p 00014000 08:01 786397     /usr/local/java/jdk1.8.0_66/lib/i386/jli/libjli.so
b7732000-b7733000 rw-p 00000000 00:00 0 
b7733000-b774b000 r-xp 00000000 08:01 652762     /lib/i386-linux-gnu/libpthread-2.19.so
b774b000-b774c000 r--p 00018000 08:01 652762     /lib/i386-linux-gnu/libpthread-2.19.so
b774c000-b774d000 rw-p 00019000 08:01 652762     /lib/i386-linux-gnu/libpthread-2.19.so
b774d000-b774f000 rw-p 00000000 00:00 0 
b774f000-b7750000 r--s 000ce000 08:01 939051     /home/gaems-dev/.gradle/caches/modules-2/files-2.1/com.badlogicgames.gdx/gdx-platform/1.7.0/4c87367b8480e183e6ad5938d3b536005c7fc82/gdx-platform-1.7.0-natives-desktop.jar
b7750000-b7751000 r--s 00000000 08:01 801801     /usr/local/java/jdk1.8.0_66/jre/lib/management-agent.jar
b7751000-b7752000 r--p 00806000 08:01 788757     /usr/lib/locale/locale-archive
b7752000-b7753000 rw-p 00000000 00:00 0 
b7753000-b7754000 r--p 00000000 00:00 0 
b7754000-b775f000 r-xp 00000000 08:01 801930     /usr/local/java/jdk1.8.0_66/jre/lib/i386/libverify.so
b775f000-b7760000 rw-p 0000b000 08:01 801930     /usr/local/java/jdk1.8.0_66/jre/lib/i386/libverify.so
b7760000-b7762000 rw-p 00000000 00:00 0 
b7762000-b7764000 r--p 00000000 00:00 0          [vvar]
b7764000-b7766000 r-xp 00000000 00:00 0          [vdso]
b7766000-b7786000 r-xp 00000000 08:01 652618     /lib/i386-linux-gnu/ld-2.19.so
b7786000-b7787000 r--p 0001f000 08:01 652618     /lib/i386-linux-gnu/ld-2.19.so
b7787000-b7788000 rw-p 00020000 08:01 652618     /lib/i386-linux-gnu/ld-2.19.so
bf897000-bf898000 rwxp 00000000 00:00 0 
bf8c9000-bf8eb000 rw-p 00000000 00:00 0          [stack]

VM Arguments:
jvm_args: -Didea.launcher.port=7532 -Didea.launcher.bin.path=/home/gaems-dev/Documentos/idea-IC-141.2735.5/bin -Dfile.encoding=UTF-8 
java_command: com.intellij.rt.execution.application.AppMain com.badlogic.gdx.tools.particleeditor.ParticleEditor
java_class_path (initial): /usr/local/java/jdk1.8.0_66/jre/lib/jce.jar:/usr/local/java/jdk1.8.0_66/jre/lib/resources.jar:/usr/local/java/jdk1.8.0_66/jre/lib/plugin.jar:/usr/local/java/jdk1.8.0_66/jre/lib/charsets.jar:/usr/local/java/jdk1.8.0_66/jre/lib/jsse.jar:/usr/local/java/jdk1.8.0_66/jre/lib/management-agent.jar:/usr/local/java/jdk1.8.0_66/jre/lib/rt.jar:/usr/local/java/jdk1.8.0_66/jre/lib/jfxswt.jar:/usr/local/java/jdk1.8.0_66/jre/lib/jfr.jar:/usr/local/java/jdk1.8.0_66/jre/lib/javaws.jar:/usr/local/java/jdk1.8.0_66/jre/lib/deploy.jar:/usr/local/java/jdk1.8.0_66/jre/lib/ext/sunjce_provider.jar:/usr/local/java/jdk1.8.0_66/jre/lib/ext/sunec.jar:/usr/local/java/jdk1.8.0_66/jre/lib/ext/nashorn.jar:/usr/local/java/jdk1.8.0_66/jre/lib/ext/cldrdata.jar:/usr/local/java/jdk1.8.0_66/jre/lib/ext/sunpkcs11.jar:/usr/local/java/jdk1.8.0_66/jre/lib/ext/jfxrt.jar:/usr/local/java/jdk1.8.0_66/jre/lib/ext/jaccess.jar:/usr/local/java/jdk1.8.0_66/jre/lib/ext/dnsns.jar:/usr/local/java/jdk1.8.0_66/jre/lib/ext/localedata.jar:/usr/local/java/jdk1.8.0_66/jre/lib/ext/zipfs.jar:/home/gaems-dev/Documentos/workspace/spacegame/desktop/build/classes/main:/home/gaems-dev/Documentos/workspace/spacegame/desktop/build/resources/main:/home/gaems-dev/Documentos/workspace/spacegame/core/build/classes/main:/home/gaems-dev/Documentos/workspace/spacegame/core/build/resources/main:/home/gaems-dev/.gradle/caches/modules-2/files-2.1/com.badlogicgames.gdx/gdx/1.7.0/1b08c96132448b5ab9c0cc8dea3e985dcf0166fd/gdx-1.7.0.jar:/home/gaems-dev/.gradle/caches/modules-2/files-2.1/com.badlogicgames.gdx/gdx-box2d/1.7.0/a560f1f94b939f2b5ccd4eec752797c3ea6e1c92/gdx-box2d-1.7.0.jar:/home/gaems-dev/.gradle/caches/modules-2/files-2.1/com.badlogicgames.gdx/gdx-backend-lwjgl/1.7.0/13f5f237bce7d67614fcf99e97862c5772702e7/gdx-backend-lwjgl-1.7.0.jar:/home/gaems-dev/.gradle/caches/modules-2/files-2.1/com.badlogicgames.gdx/gdx-platform/1.7.0/4c87367b8480e183e6ad5938d3b536005c7fc82/gdx-platform-1.7.0-natives-desktop.jar:/home/g
Launcher Type: SUN_STANDARD

Environment Variables:
JAVA_HOME=/usr/local/java/jdk1.8.0_66
PATH=/usr/local/sbin:/usr/local/bin:/usr/sbin:/usr/bin:/sbin:/bin:/usr/games:/usr/local/games:/home/gaems-dev/bin:/usr/local/java/jdk1.8.0_66/bin:/usr/local/android/android-sdk-linux/tools:/usr/local/android/android-sdk-linux/platform-tools
LD_LIBRARY_PATH=/home/gaems-dev/Documentos/idea-IC-141.2735.5/bin:
SHELL=/bin/bash
DISPLAY=:0.0

Signal Handlers:
SIGSEGV: [libjvm.so+0x5b7c70], sa_mask[0]=11111111011111111101111111111110, sa_flags=SA_RESTART|SA_SIGINFO
SIGBUS: [libjvm.so+0x5b7c70], sa_mask[0]=11111111011111111101111111111110, sa_flags=SA_RESTART|SA_SIGINFO
SIGFPE: [libjvm.so+0x498670], sa_mask[0]=11111111011111111101111111111110, sa_flags=SA_RESTART|SA_SIGINFO
SIGPIPE: SIG_IGN, sa_mask[0]=00000000000010000000000000000000, sa_flags=SA_RESTART
SIGXFSZ: [libjvm.so+0x498670], sa_mask[0]=11111111011111111101111111111110, sa_flags=SA_RESTART|SA_SIGINFO
SIGILL: [libjvm.so+0x498670], sa_mask[0]=11111111011111111101111111111110, sa_flags=SA_RESTART|SA_SIGINFO
SIGUSR1: SIG_DFL, sa_mask[0]=00000000000000000000000000000000, sa_flags=none
SIGUSR2: [libjvm.so+0x499cf0], sa_mask[0]=00100000000000000000000000000000, sa_flags=SA_RESTART|SA_SIGINFO
SIGHUP: [libjvm.so+0x49b1a0], sa_mask[0]=11111111011111111101111111111110, sa_flags=SA_RESTART|SA_SIGINFO
SIGINT: [vboxvideo_dri.so+0x31a40], sa_mask[0]=01000000000000000000000000000000, sa_flags=SA_RESTART
SIGTERM: [vboxvideo_dri.so+0x31a40], sa_mask[0]=00000000000000100000000000000000, sa_flags=SA_RESTART
SIGQUIT: [libjvm.so+0x49b1a0], sa_mask[0]=11111111011111111101111111111110, sa_flags=SA_RESTART|SA_SIGINFO


---------------  S Y S T E M  ---------------

OS:DISTRIB_ID=Ubuntu
DISTRIB_RELEASE=14.04
DISTRIB_CODENAME=trusty
DISTRIB_DESCRIPTION="Ubuntu 14.04.3 LTS"

uname:Linux 3.19.0-33-generic #38~14.04.1-Ubuntu SMP Fri Nov 6 18:17:49 UTC 2015 i686
libc:glibc 2.19 NPTL 2.19 
rlimit: STACK 8192k, CORE 0k, NPROC 11774, NOFILE 4096, AS infinity
load average:0,89 0,82 0,47

/proc/meminfo:
MemTotal:        1527032 kB
MemFree:          132224 kB
MemAvailable:     518524 kB
Buffers:          102172 kB
Cached:           386088 kB
SwapCached:         1368 kB
Active:           670112 kB
Inactive:         634724 kB
Active(anon):     428672 kB
Inactive(anon):   392516 kB
Active(file):     241440 kB
Inactive(file):   242208 kB
Unevictable:          32 kB
Mlocked:              32 kB
HighTotal:        641992 kB
HighFree:          27920 kB
LowTotal:         885040 kB
LowFree:          104304 kB
SwapTotal:       1553404 kB
SwapFree:        1548960 kB
Dirty:               124 kB
Writeback:             0 kB
AnonPages:        815292 kB
Mapped:           141816 kB
Shmem:              4580 kB
Slab:              69924 kB
SReclaimable:      59384 kB
SUnreclaim:        10540 kB
KernelStack:        2936 kB
PageTables:         7624 kB
NFS_Unstable:          0 kB
Bounce:                0 kB
WritebackTmp:          0 kB
CommitLimit:     2316920 kB
Committed_AS:    2159344 kB
VmallocTotal:     122880 kB
VmallocUsed:       25608 kB
VmallocChunk:      95612 kB
AnonHugePages:    356352 kB
CmaTotal:              0 kB
CmaFree:               0 kB
HugePages_Total:       0
HugePages_Free:        0
HugePages_Rsvd:        0
HugePages_Surp:        0
Hugepagesize:       2048 kB
DirectMap4k:       34808 kB
DirectMap2M:      878592 kB


CPU:total 1 (1 cores per cpu, 1 threads per core) family 6 model 42 stepping 7, cmov, cx8, fxsr, mmx, sse, sse2, sse3, ssse3, sse4.1, sse4.2, popcnt, avx, clmul, tsc, tscinvbit

/proc/cpuinfo:
processor	: 0
vendor_id	: GenuineIntel
cpu family	: 6
model		: 42
model name	: Intel(R) Core(TM) i5-2410M CPU @ 2.30GHz
stepping	: 7
cpu MHz		: 2330.016
cache size	: 3072 KB
physical id	: 0
siblings	: 1
core id		: 0
cpu cores	: 1
apicid		: 0
initial apicid	: 0
fdiv_bug	: no
f00f_bug	: no
coma_bug	: no
fpu		: yes
fpu_exception	: yes
cpuid level	: 13
wp		: yes
flags		: fpu vme de pse tsc msr pae mce cx8 apic sep mtrr pge mca cmov pat pse36 clflush mmx fxsr sse sse2 nx rdtscp constant_tsc xtopology nonstop_tsc pni pclmulqdq monitor ssse3 cx16 sse4_1 sse4_2 popcnt xsave avx hypervisor lahf_lm
bugs		:
bogomips	: 4660.03
clflush size	: 64
cache_alignment	: 64
address sizes	: 36 bits physical, 48 bits virtual
power management:



Memory: 4k page, physical 1527032k(132224k free), swap 1553404k(1548960k free)

vm_info: Java HotSpot(TM) Client VM (25.66-b17) for linux-x86 JRE (1.8.0_66-b17), built on Oct  6 2015 18:10:30 by "java_re" with gcc 4.3.0 20080428 (Red Hat 4.3.0-8)

time: Thu Dec  3 12:24:30 2015
elapsed time: 274 seconds (0d 0h 4m 34s)

