#
# A fatal error has been detected by the Java Runtime Environment:
#
#  SIGSEGV (0xb) at pc=0x9d9d5ce8, pid=3369, tid=2733931328
#
# JRE version: Java(TM) SE Runtime Environment (8.0_66-b17) (build 1.8.0_66-b17)
# Java VM: Java HotSpot(TM) Client VM (25.66-b17 mixed mode linux-x86 )
# Problematic frame:
# C  [vboxvideo_dri.so+0x32ce8]  stubUpdateWindowVisibileRegions+0x58
#
# Failed to write core dump. Core dumps have been disabled. To enable core dumping, try "ulimit -c unlimited" before starting Java again
#
# If you would like to submit a bug report, please visit:
#   http://bugreport.java.com/bugreport/crash.jsp
# The crash happened outside the Java Virtual Machine in native code.
# See problematic frame for where to report the bug.
#

---------------  T H R E A D  ---------------

Current thread (0xa3379400):  JavaThread "AWT-EventQueue-0" [_thread_in_native, id=3382, stack(0xa2ef7000,0xa2f48000)]

siginfo: si_signo: 11 (SIGSEGV), si_code: 1 (SEGV_MAPERR), si_addr: 0x00000410

Registers:
EAX=0x00000000, EBX=0x9da92344, ECX=0x993477d0, EDX=0x00000000
ESP=0xa2f46228, EBP=0xa2f46258, ESI=0x00000000, EDI=0x00000000
EIP=0x9d9d5ce8, EFLAGS=0x00210246, CR2=0x00000410

Top of Stack: (sp=0xa2f46228)
0xa2f46228:   a3379400 9d9d59b6 a2f46288 a37c5ea4
0xa2f46238:   0000000e 00000000 00000000 00000000
0xa2f46248:   9d9d5c9b 9da92344 00000000 00000000
0xa2f46258:   a2f46288 9d9d43cd 00000000 00000000
0xa2f46268:   a2f46288 9d9243dc 9da9aaec a3379400
0xa2f46278:   010062b8 9da92344 9da993c0 9cff7b78
0xa2f46288:   a2f462b8 9d9d4530 00000000 00000001
0xa2f46298:   a2f462b8 9d9d44da a362fbf0 00000001 

Instructions: (pc=0x9d9d5ce8)
0x9d9d5cc8:   00 00 83 c4 10 85 c0 0f 84 63 01 00 00 83 ec 0c
0x9d9d5cd8:   8b 45 08 50 e8 cf cc ff ff 5f 89 c6 58 8b 45 08
0x9d9d5ce8:   8b 88 10 04 00 00 51 56 e8 4b c9 ff ff 83 c4 0c
0x9d9d5cf8:   89 c7 8d 45 f0 50 57 56 e8 db e2 ff ff 89 45 ec 

Register to memory mapping:

EAX=0x00000000 is an unknown value
EBX=0x9da92344: _GLOBAL_OFFSET_TABLE_+0 in /usr/lib/i386-linux-gnu/dri/vboxvideo_dri.so at 0x9d9a3000
ECX=0x993477d0 is an unknown value
EDX=0x00000000 is an unknown value
ESP=0xa2f46228 is pointing into the stack for thread: 0xa3379400
EBP=0xa2f46258 is pointing into the stack for thread: 0xa3379400
ESI=0x00000000 is an unknown value
EDI=0x00000000 is an unknown value


Stack: [0xa2ef7000,0xa2f48000],  sp=0xa2f46228,  free space=316k
Native frames: (J=compiled Java code, j=interpreted, Vv=VM code, C=native code)
C  [vboxvideo_dri.so+0x32ce8]  stubUpdateWindowVisibileRegions+0x58
C  [vboxvideo_dri.so+0x313cd]
C  [vboxvideo_dri.so+0x31530]
C  [vboxvideo_dri.so+0x315b6]
C  [vboxvideo_dri.so+0x5f1c3]  cr_glClear+0x23
C  [liblwjgl.so+0x4d82f]  Java_org_lwjgl_opengl_GL11_nglClear+0xf
J 1284  org.lwjgl.opengl.GL11.nglClear(IJ)V (0 bytes) @ 0xb4b0ce60 [0xb4b0cdd0+0x90]
J 1194 C1 com.badlogic.gdx.tools.particleeditor.ParticleEditor$Renderer.render()V (781 bytes) @ 0xb4ae9832 [0xb4ae9460+0x3d2]
J 1289 C1 com.badlogic.gdx.backends.lwjgl.LwjglCanvas$3.run()V (318 bytes) @ 0xb4b19b8d [0xb4b19700+0x48d]
J 1236 C1 java.awt.event.InvocationEvent.dispatch()V (69 bytes) @ 0xb4afa6fc [0xb4afa610+0xec]
J 1158 C1 java.awt.EventQueue.dispatchEventImpl(Ljava/awt/AWTEvent;Ljava/lang/Object;)V (149 bytes) @ 0xb4add2d2 [0xb4adce30+0x4a2]
J 1155 C1 java.awt.EventQueue$3.run()Ljava/lang/Void; (60 bytes) @ 0xb4adc557 [0xb4adc500+0x57]
J 1154 C1 java.awt.EventQueue$3.run()Ljava/lang/Object; (5 bytes) @ 0xb4adc2f0 [0xb4adc2d0+0x20]
v  ~StubRoutines::call_stub
V  [libjvm.so+0x2f8c5f]  JavaCalls::call_helper(JavaValue*, methodHandle*, JavaCallArguments*, Thread*)+0x101f
V  [libjvm.so+0x496ab9]  os::os_exception_wrapper(void (*)(JavaValue*, methodHandle*, JavaCallArguments*, Thread*), JavaValue*, methodHandle*, JavaCallArguments*, Thread*)+0x19
V  [libjvm.so+0x2f722f]  JavaCalls::call(JavaValue*, methodHandle, JavaCallArguments*, Thread*)+0x2f
V  [libjvm.so+0x37dce0]  JVM_DoPrivileged+0x2a0
C  [libjava.so+0x9f4a]  Java_java_security_AccessController_doPrivileged__Ljava_security_PrivilegedAction_2Ljava_security_AccessControlContext_2+0x3a
J 1114  java.security.AccessController.doPrivileged(Ljava/security/PrivilegedAction;Ljava/security/AccessControlContext;)Ljava/lang/Object; (0 bytes) @ 0xb4ad4f7c [0xb4ad4ed0+0xac]
J 1150 C1 java.awt.EventQueue.dispatchEvent(Ljava/awt/AWTEvent;)V (80 bytes) @ 0xb4adae00 [0xb4adac00+0x200]
J 981 C1 java.awt.EventDispatchThread.pumpOneEventForFilters(I)V (295 bytes) @ 0xb4aa62a4 [0xb4aa5c30+0x674]
J 1974% C1 java.awt.EventDispatchThread.pumpEventsForFilter(ILjava/awt/Conditional;Ljava/awt/EventFilter;)V (47 bytes) @ 0xb4c3871f [0xb4c38680+0x9f]
j  java.awt.EventDispatchThread.pumpEventsForHierarchy(ILjava/awt/Conditional;Ljava/awt/Component;)V+11
j  java.awt.EventDispatchThread.pumpEvents(ILjava/awt/Conditional;)V+4
j  java.awt.EventDispatchThread.pumpEvents(Ljava/awt/Conditional;)V+3
j  java.awt.EventDispatchThread.run()V+9
v  ~StubRoutines::call_stub
V  [libjvm.so+0x2f8c5f]  JavaCalls::call_helper(JavaValue*, methodHandle*, JavaCallArguments*, Thread*)+0x101f
V  [libjvm.so+0x496ab9]  os::os_exception_wrapper(void (*)(JavaValue*, methodHandle*, JavaCallArguments*, Thread*), JavaValue*, methodHandle*, JavaCallArguments*, Thread*)+0x19
V  [libjvm.so+0x2f906c]  JavaCalls::call_virtual(JavaValue*, KlassHandle, Symbol*, Symbol*, JavaCallArguments*, Thread*)+0x25c
V  [libjvm.so+0x2f94ab]  JavaCalls::call_virtual(JavaValue*, Handle, KlassHandle, Symbol*, Symbol*, Thread*)+0x4b
V  [libjvm.so+0x38bbe0]  thread_entry(JavaThread*, Thread*)+0x90
V  [libjvm.so+0x57aac9]  JavaThread::thread_main_inner()+0x109
V  [libjvm.so+0x57ac4b]  JavaThread::run()+0x14b
V  [libjvm.so+0x49dfd9]  java_start(Thread*)+0x119
C  [libpthread.so.0+0x6f70]  start_thread+0xd0
C  [libc.so.6+0xebbee]  clone+0x5e

Java frames: (J=compiled Java code, j=interpreted, Vv=VM code)
J 1284  org.lwjgl.opengl.GL11.nglClear(IJ)V (0 bytes) @ 0xb4b0ce1c [0xb4b0cdd0+0x4c]
J 1194 C1 com.badlogic.gdx.tools.particleeditor.ParticleEditor$Renderer.render()V (781 bytes) @ 0xb4ae9832 [0xb4ae9460+0x3d2]
J 1289 C1 com.badlogic.gdx.backends.lwjgl.LwjglCanvas$3.run()V (318 bytes) @ 0xb4b19b8d [0xb4b19700+0x48d]
J 1236 C1 java.awt.event.InvocationEvent.dispatch()V (69 bytes) @ 0xb4afa6fc [0xb4afa610+0xec]
J 1158 C1 java.awt.EventQueue.dispatchEventImpl(Ljava/awt/AWTEvent;Ljava/lang/Object;)V (149 bytes) @ 0xb4add2d2 [0xb4adce30+0x4a2]
J 1155 C1 java.awt.EventQueue$3.run()Ljava/lang/Void; (60 bytes) @ 0xb4adc557 [0xb4adc500+0x57]
J 1154 C1 java.awt.EventQueue$3.run()Ljava/lang/Object; (5 bytes) @ 0xb4adc2f0 [0xb4adc2d0+0x20]
v  ~StubRoutines::call_stub
J 1114  java.security.AccessController.doPrivileged(Ljava/security/PrivilegedAction;Ljava/security/AccessControlContext;)Ljava/lang/Object; (0 bytes) @ 0xb4ad4f38 [0xb4ad4ed0+0x68]
J 1150 C1 java.awt.EventQueue.dispatchEvent(Ljava/awt/AWTEvent;)V (80 bytes) @ 0xb4adae00 [0xb4adac00+0x200]
J 981 C1 java.awt.EventDispatchThread.pumpOneEventForFilters(I)V (295 bytes) @ 0xb4aa62a4 [0xb4aa5c30+0x674]
J 1974% C1 java.awt.EventDispatchThread.pumpEventsForFilter(ILjava/awt/Conditional;Ljava/awt/EventFilter;)V (47 bytes) @ 0xb4c3871f [0xb4c38680+0x9f]
j  java.awt.EventDispatchThread.pumpEventsForHierarchy(ILjava/awt/Conditional;Ljava/awt/Component;)V+11
j  java.awt.EventDispatchThread.pumpEvents(ILjava/awt/Conditional;)V+4
j  java.awt.EventDispatchThread.pumpEvents(Ljava/awt/Conditional;)V+3
j  java.awt.EventDispatchThread.run()V+9
v  ~StubRoutines::call_stub

---------------  P R O C E S S  ---------------

Java Threads: ( => current thread )
  0x99104c00 JavaThread "TimerQueue" daemon [_thread_blocked, id=3393, stack(0x99407000,0x99458000)]
  0xb6909800 JavaThread "DestroyJavaVM" [_thread_blocked, id=3370, stack(0xb6a36000,0xb6a87000)]
=>0xa3379400 JavaThread "AWT-EventQueue-0" [_thread_in_native, id=3382, stack(0xa2ef7000,0xa2f48000)]
  0xa3378000 JavaThread "AWT-Shutdown" [_thread_blocked, id=3381, stack(0xa2f48000,0xa2f99000)]
  0xa331e400 JavaThread "AWT-XAWT" daemon [_thread_in_native, id=3380, stack(0xa3125000,0xa3176000)]
  0xa3309400 JavaThread "Java2D Disposer" daemon [_thread_blocked, id=3379, stack(0xa3281000,0xa32d2000)]
  0xa378f800 JavaThread "Monitor Ctrl-Break" daemon [_thread_in_native, id=3378, stack(0xa384d000,0xa389e000)]
  0xb6986400 JavaThread "Service Thread" daemon [_thread_blocked, id=3376, stack(0xa396d000,0xa39be000)]
  0xb6982c00 JavaThread "C1 CompilerThread0" daemon [_thread_blocked, id=3375, stack(0xa39be000,0xa3a3f000)]
  0xb6981400 JavaThread "Signal Dispatcher" daemon [_thread_blocked, id=3374, stack(0xa3a3f000,0xa3a90000)]
  0xb6964800 JavaThread "Finalizer" daemon [_thread_blocked, id=3373, stack(0xa3f37000,0xa3f88000)]
  0xb6962c00 JavaThread "Reference Handler" daemon [_thread_blocked, id=3372, stack(0xa3f88000,0xa3fd9000)]

Other Threads:
  0xb695fc00 VMThread [stack: 0xa3fd9000,0xa405a000] [id=3371]
  0xb6988400 WatcherThread [stack: 0xa38ec000,0xa396d000] [id=3377]

VM state:not at safepoint (normal execution)

VM Mutex/Monitor currently owned by a thread: None

Heap:
 def new generation   total 4992K, used 2462K [0xa4800000, 0xa4d60000, 0xa9d50000)
  eden space 4480K,  54% used [0xa4800000, 0xa4a67b38, 0xa4c60000)
  from space 512K,   0% used [0xa4c60000, 0xa4c60000, 0xa4ce0000)
  to   space 512K,   0% used [0xa4ce0000, 0xa4ce0000, 0xa4d60000)
 tenured generation   total 10944K, used 5174K [0xa9d50000, 0xaa800000, 0xb4800000)
   the space 10944K,  47% used [0xa9d50000, 0xaa25dad0, 0xaa25dc00, 0xaa800000)
 Metaspace       used 12056K, capacity 12269K, committed 12416K, reserved 12592K

Card table byte_map: [0xa477f000,0xa4800000] byte_map_base: 0xa425b000

Polling page: 0xb774f000

CodeCache: size=32768Kb used=3747Kb max_used=3747Kb free=29020Kb
 bounds [0xb489a000, 0xb4c4a000, 0xb689a000]
 total_blobs=2350 nmethods=1986 adapters=291
 compilation: enabled

Compilation events (10 events):
Event: 200,475 Thread 0xb6982c00 1991             javax.swing.text.Utilities::drawTabbedText (409 bytes)
Event: 200,477 Thread 0xb6982c00 nmethod 1991 0xb4c3ca48 code [0xb4c3cc60, 0xb4c3d60c]
Event: 204,491 Thread 0xb6982c00 1992             java.awt.Window::dispatchEventImpl (23 bytes)
Event: 204,492 Thread 0xb6982c00 nmethod 1992 0xb4c3e208 code [0xb4c3e340, 0xb4c3e4d8]
Event: 212,175 Thread 0xb6982c00 1994             sun.nio.cs.UTF_8$Encoder::encodeArrayLoop (489 bytes)
Event: 212,178 Thread 0xb6982c00 nmethod 1994 0xb4c3e708 code [0xb4c3ea80, 0xb4c3f6b4]
Event: 214,834 Thread 0xb6982c00 1995             java.awt.image.PackedColorModel::<init> (136 bytes)
Event: 214,835 Thread 0xb6982c00 nmethod 1995 0xb4c40d88 code [0xb4c40f10, 0xb4c41338]
Event: 214,836 Thread 0xb6982c00 1996             java.awt.image.PackedColorModel::createBitsArray (202 bytes)
Event: 214,837 Thread 0xb6982c00 nmethod 1996 0xb4c41688 code [0xb4c41980, 0xb4c42370]

GC Heap History (10 events):
Event: 95,016 GC heap before
{Heap before GC invocations=12 (full 0):
 def new generation   total 4928K, used 4656K [0xa4800000, 0xa4d50000, 0xa9d50000)
  eden space 4416K, 100% used [0xa4800000, 0xa4c50000, 0xa4c50000)
  from space 512K,  47% used [0xa4c50000, 0xa4c8c3e8, 0xa4cd0000)
  to   space 512K,   0% used [0xa4cd0000, 0xa4cd0000, 0xa4d50000)
 tenured generation   total 10944K, used 7843K [0xa9d50000, 0xaa800000, 0xb4800000)
   the space 10944K,  71% used [0xa9d50000, 0xaa4f8db0, 0xaa4f8e00, 0xaa800000)
 Metaspace       used 12013K, capacity 12244K, committed 12288K, reserved 12592K
Event: 95,019 GC heap after
Heap after GC invocations=13 (full 0):
 def new generation   total 4928K, used 254K [0xa4800000, 0xa4d50000, 0xa9d50000)
  eden space 4416K,   0% used [0xa4800000, 0xa4800000, 0xa4c50000)
  from space 512K,  49% used [0xa4cd0000, 0xa4d0fb38, 0xa4d50000)
  to   space 512K,   0% used [0xa4c50000, 0xa4c50000, 0xa4cd0000)
 tenured generation   total 10944K, used 7843K [0xa9d50000, 0xaa800000, 0xb4800000)
   the space 10944K,  71% used [0xa9d50000, 0xaa4f8db0, 0xaa4f8e00, 0xaa800000)
 Metaspace       used 12013K, capacity 12244K, committed 12288K, reserved 12592K
}
Event: 125,049 GC heap before
{Heap before GC invocations=13 (full 0):
 def new generation   total 4928K, used 4670K [0xa4800000, 0xa4d50000, 0xa9d50000)
  eden space 4416K, 100% used [0xa4800000, 0xa4c50000, 0xa4c50000)
  from space 512K,  49% used [0xa4cd0000, 0xa4d0fb38, 0xa4d50000)
  to   space 512K,   0% used [0xa4c50000, 0xa4c50000, 0xa4cd0000)
 tenured generation   total 10944K, used 7843K [0xa9d50000, 0xaa800000, 0xb4800000)
   the space 10944K,  71% used [0xa9d50000, 0xaa4f8db0, 0xaa4f8e00, 0xaa800000)
 Metaspace       used 12015K, capacity 12244K, committed 12288K, reserved 12592K
Event: 125,052 GC heap after
Heap after GC invocations=14 (full 0):
 def new generation   total 4928K, used 239K [0xa4800000, 0xa4d50000, 0xa9d50000)
  eden space 4416K,   0% used [0xa4800000, 0xa4800000, 0xa4c50000)
  from space 512K,  46% used [0xa4c50000, 0xa4c8bcb8, 0xa4cd0000)
  to   space 512K,   0% used [0xa4cd0000, 0xa4cd0000, 0xa4d50000)
 tenured generation   total 10944K, used 7843K [0xa9d50000, 0xaa800000, 0xb4800000)
   the space 10944K,  71% used [0xa9d50000, 0xaa4f8db0, 0xaa4f8e00, 0xaa800000)
 Metaspace       used 12015K, capacity 12244K, committed 12288K, reserved 12592K
}
Event: 149,915 GC heap before
{Heap before GC invocations=14 (full 0):
 def new generation   total 4928K, used 4655K [0xa4800000, 0xa4d50000, 0xa9d50000)
  eden space 4416K, 100% used [0xa4800000, 0xa4c50000, 0xa4c50000)
  from space 512K,  46% used [0xa4c50000, 0xa4c8bcb8, 0xa4cd0000)
  to   space 512K,   0% used [0xa4cd0000, 0xa4cd0000, 0xa4d50000)
 tenured generation   total 10944K, used 7843K [0xa9d50000, 0xaa800000, 0xb4800000)
   the space 10944K,  71% used [0xa9d50000, 0xaa4f8db0, 0xaa4f8e00, 0xaa800000)
 Metaspace       used 12015K, capacity 12244K, committed 12288K, reserved 12592K
Event: 149,918 GC heap after
Heap after GC invocations=15 (full 0):
 def new generation   total 4928K, used 234K [0xa4800000, 0xa4d50000, 0xa9d50000)
  eden space 4416K,   0% used [0xa4800000, 0xa4800000, 0xa4c50000)
  from space 512K,  45% used [0xa4cd0000, 0xa4d0a808, 0xa4d50000)
  to   space 512K,   0% used [0xa4c50000, 0xa4c50000, 0xa4cd0000)
 tenured generation   total 10944K, used 7843K [0xa9d50000, 0xaa800000, 0xb4800000)
   the space 10944K,  71% used [0xa9d50000, 0xaa4f8db0, 0xaa4f8e00, 0xaa800000)
 Metaspace       used 12015K, capacity 12244K, committed 12288K, reserved 12592K
}
Event: 171,882 GC heap before
{Heap before GC invocations=15 (full 0):
 def new generation   total 4928K, used 4650K [0xa4800000, 0xa4d50000, 0xa9d50000)
  eden space 4416K, 100% used [0xa4800000, 0xa4c50000, 0xa4c50000)
  from space 512K,  45% used [0xa4cd0000, 0xa4d0a808, 0xa4d50000)
  to   space 512K,   0% used [0xa4c50000, 0xa4c50000, 0xa4cd0000)
 tenured generation   total 10944K, used 7843K [0xa9d50000, 0xaa800000, 0xb4800000)
   the space 10944K,  71% used [0xa9d50000, 0xaa4f8db0, 0xaa4f8e00, 0xaa800000)
 Metaspace       used 12016K, capacity 12244K, committed 12288K, reserved 12592K
Event: 171,886 GC heap after
Heap after GC invocations=16 (full 0):
 def new generation   total 4928K, used 250K [0xa4800000, 0xa4d50000, 0xa9d50000)
  eden space 4416K,   0% used [0xa4800000, 0xa4800000, 0xa4c50000)
  from space 512K,  48% used [0xa4c50000, 0xa4c8e920, 0xa4cd0000)
  to   space 512K,   0% used [0xa4cd0000, 0xa4cd0000, 0xa4d50000)
 tenured generation   total 10944K, used 7843K [0xa9d50000, 0xaa800000, 0xb4800000)
   the space 10944K,  71% used [0xa9d50000, 0xaa4f8db0, 0xaa4f8e00, 0xaa800000)
 Metaspace       used 12016K, capacity 12244K, committed 12288K, reserved 12592K
}
Event: 197,116 GC heap before
{Heap before GC invocations=16 (full 0):
 def new generation   total 4928K, used 4522K [0xa4800000, 0xa4d50000, 0xa9d50000)
  eden space 4416K,  96% used [0xa4800000, 0xa4c2c0f0, 0xa4c50000)
  from space 512K,  48% used [0xa4c50000, 0xa4c8e920, 0xa4cd0000)
  to   space 512K,   0% used [0xa4cd0000, 0xa4cd0000, 0xa4d50000)
 tenured generation   total 10944K, used 7843K [0xa9d50000, 0xaa800000, 0xb4800000)
   the space 10944K,  71% used [0xa9d50000, 0xaa4f8db0, 0xaa4f8e00, 0xaa800000)
 Metaspace       used 12027K, capacity 12244K, committed 12288K, reserved 12592K
Event: 197,146 GC heap after
Heap after GC invocations=17 (full 1):
 def new generation   total 4992K, used 0K [0xa4800000, 0xa4d60000, 0xa9d50000)
  eden space 4480K,   0% used [0xa4800000, 0xa4800000, 0xa4c60000)
  from space 512K,   0% used [0xa4c60000, 0xa4c60000, 0xa4ce0000)
  to   space 512K,   0% used [0xa4ce0000, 0xa4ce0000, 0xa4d60000)
 tenured generation   total 10944K, used 5174K [0xa9d50000, 0xaa800000, 0xb4800000)
   the space 10944K,  47% used [0xa9d50000, 0xaa25dad0, 0xaa25dc00, 0xaa800000)
 Metaspace       used 12022K, capacity 12229K, committed 12288K, reserved 12592K
}

Deoptimization events (0 events):
No events

Internal exceptions (10 events):
Event: 2,189 Thread 0xa3379400 Exception <a 'org/lwjgl/LWJGLException': Could not load OpenAL library> (0xa48dbbc8) thrown at [/HUDSON/workspace/8-2-build-linux-i586/jdk8u66/4988/hotspot/src/share/vm/prims/jni.cpp, line 735]
Event: 4,971 Thread 0xa3379400 Implicit null exception at 0xb4a009f6 to 0xb4a022ba
Event: 4,977 Thread 0xa3379400 Implicit null exception at 0xb4a009f6 to 0xb4a022ba
Event: 5,732 Thread 0xa3379400 Exception <a 'java/lang/UnsupportedOperationException': > (0xa48fd388) thrown at [/HUDSON/workspace/8-2-build-linux-i586/jdk8u66/4988/hotspot/src/share/vm/prims/jni.cpp, line 735]
Event: 8,850 Thread 0xa3379400 Implicit null exception at 0xb4a084d3 to 0xb4a08545
Event: 9,884 Thread 0xa3379400 Implicit null exception at 0xb4a6f159 to 0xb4a6f88b
Event: 43,752 Thread 0xa331e400 Exception <a 'java/lang/NoClassDefFoundError': org/lwjgl/opengl/LinuxDisplay> (0xa4bd51e8) thrown at [/HUDSON/workspace/8-2-build-linux-i586/jdk8u66/4988/hotspot/src/share/vm/classfile/systemDictionary.cpp, line 208]
Event: 212,078 Thread 0xa331e400 Exception <a 'java/lang/NoClassDefFoundError': org/lwjgl/opengl/LinuxDisplay> (0xa4991ac0) thrown at [/HUDSON/workspace/8-2-build-linux-i586/jdk8u66/4988/hotspot/src/share/vm/classfile/systemDictionary.cpp, line 208]
Event: 218,151 Thread 0xa331e400 Exception <a 'java/lang/NoClassDefFoundError': org/lwjgl/opengl/LinuxDisplay> (0xa4a66370) thrown at [/HUDSON/workspace/8-2-build-linux-i586/jdk8u66/4988/hotspot/src/share/vm/classfile/systemDictionary.cpp, line 208]
Event: 218,152 Thread 0xa331e400 Exception <a 'java/lang/NoClassDefFoundError': org/lwjgl/opengl/LinuxDisplay> (0xa4a666d8) thrown at [/HUDSON/workspace/8-2-build-linux-i586/jdk8u66/4988/hotspot/src/share/vm/classfile/systemDictionary.cpp, line 208]

Events (10 events):
Event: 218,087 loading class sun/awt/X11/XUnmapEvent
Event: 218,087 loading class sun/awt/X11/XUnmapEvent done
Event: 218,088 loading class com/badlogic/gdx/backends/lwjgl/LwjglCanvas$4
Event: 218,088 loading class com/badlogic/gdx/backends/lwjgl/LwjglCanvas$4 done
Event: 218,150 loading class java/awt/Component$FlipBufferStrategy
Event: 218,150 loading class java/awt/Component$FlipBufferStrategy done
Event: 218,151 loading class org/lwjgl/opengl/LinuxDisplay
Event: 218,151 loading class org/lwjgl/opengl/LinuxDisplay done
Event: 218,151 loading class org/lwjgl/opengl/LinuxDisplay
Event: 218,151 loading class org/lwjgl/opengl/LinuxDisplay done


Dynamic libraries:
08048000-08049000 r-xp 00000000 08:01 802224     /usr/local/java/jdk1.8.0_66/bin/java
08049000-0804a000 rw-p 00000000 08:01 802224     /usr/local/java/jdk1.8.0_66/bin/java
09bd1000-09fa9000 rw-p 00000000 00:00 0          [heap]
867b3000-867b4000 ---p 00000000 00:00 0 
867b4000-86fb4000 rw-p 00000000 00:00 0          [stack:3427]
877b5000-877b6000 ---p 00000000 00:00 0 
877b6000-87fb6000 rw-p 00000000 00:00 0 
887b7000-887b8000 ---p 00000000 00:00 0 
887b8000-88fb8000 rw-p 00000000 00:00 0 
897b9000-89819000 rw-s 00000000 00:05 2621450    /SYSV00000000 (deleted)
89819000-89899000 rw-s 00000000 00:05 2588681    /SYSV00000000 (deleted)
89899000-898c9000 r--p 00000000 08:01 135779     /usr/share/fonts/truetype/droid/DroidSans-Bold.ttf
898c9000-898ed000 r-xp 00000000 08:01 652689     /lib/i386-linux-gnu/liblzma.so.5.0.0
898ed000-898ee000 r--p 00023000 08:01 652689     /lib/i386-linux-gnu/liblzma.so.5.0.0
898ee000-898ef000 rw-p 00024000 08:01 652689     /lib/i386-linux-gnu/liblzma.so.5.0.0
898ef000-89a42000 r-xp 00000000 08:01 785370     /usr/lib/i386-linux-gnu/libxml2.so.2.9.1
89a42000-89a43000 ---p 00153000 08:01 785370     /usr/lib/i386-linux-gnu/libxml2.so.2.9.1
89a43000-89a47000 r--p 00153000 08:01 785370     /usr/lib/i386-linux-gnu/libxml2.so.2.9.1
89a47000-89a48000 rw-p 00157000 08:01 785370     /usr/lib/i386-linux-gnu/libxml2.so.2.9.1
89a48000-89a49000 rw-p 00000000 00:00 0 
89a49000-89a82000 r-xp 00000000 08:01 787783     /usr/lib/i386-linux-gnu/libcroco-0.6.so.3.0.1
89a82000-89a84000 r--p 00039000 08:01 787783     /usr/lib/i386-linux-gnu/libcroco-0.6.so.3.0.1
89a84000-89a85000 rw-p 0003b000 08:01 787783     /usr/lib/i386-linux-gnu/libcroco-0.6.so.3.0.1
89a85000-89abb000 r-xp 00000000 08:01 788365     /usr/lib/i386-linux-gnu/librsvg-2.so.2.40.2
89abb000-89abc000 r--p 00035000 08:01 788365     /usr/lib/i386-linux-gnu/librsvg-2.so.2.40.2
89abc000-89abd000 rw-p 00036000 08:01 788365     /usr/lib/i386-linux-gnu/librsvg-2.so.2.40.2
89ac8000-89acc000 r-xp 00000000 08:01 919123     /usr/lib/i386-linux-gnu/gdk-pixbuf-2.0/2.10.0/loaders/libpixbufloader-png.so
89acc000-89acd000 r--p 00003000 08:01 919123     /usr/lib/i386-linux-gnu/gdk-pixbuf-2.0/2.10.0/loaders/libpixbufloader-png.so
89acd000-89ace000 rw-p 00004000 08:01 919123     /usr/lib/i386-linux-gnu/gdk-pixbuf-2.0/2.10.0/loaders/libpixbufloader-png.so
89ace000-89afd000 r--p 00000000 08:01 135780     /usr/share/fonts/truetype/droid/DroidSans.ttf
89afd000-89afe000 ---p 00000000 00:00 0 
89afe000-8a2fe000 rw-p 00000000 00:00 0 
8aef8000-8b000000 rw-p 00000000 00:00 0 
8b000000-8b031000 rw-p 00000000 00:00 0 
8b031000-8b100000 ---p 00000000 00:00 0 
8b100000-8b184000 rw-p 00000000 00:00 0 
8b184000-8b200000 ---p 00000000 00:00 0 
8b2ad000-8b2ae000 rw-p 00000000 00:00 0 
8b2ae000-8b300000 r--p 00000000 08:01 135774     /usr/share/fonts/truetype/dejavu/DejaVuSansMono.ttf
8b300000-8b400000 rw-p 00000000 00:00 0 
8b400000-8b402000 rw-p 00000000 00:00 0 
8b402000-8b403000 r-xp 00000000 08:01 914246     /usr/lib/i386-linux-gnu/gdk-pixbuf-2.0/2.10.0/loaders/libpixbufloader-svg.so
8b403000-8b404000 r--p 00001000 08:01 914246     /usr/lib/i386-linux-gnu/gdk-pixbuf-2.0/2.10.0/loaders/libpixbufloader-svg.so
8b404000-8b405000 rw-p 00002000 08:01 914246     /usr/lib/i386-linux-gnu/gdk-pixbuf-2.0/2.10.0/loaders/libpixbufloader-svg.so
8b405000-8b40d000 r--s 00000000 08:01 312797     /var/cache/fontconfig/945677eb7aeaf62f1d50efc3fb3ec7d8-le32d4.cache-4
8b40d000-8b411000 r--s 00000000 08:01 312783     /var/cache/fontconfig/2cd17615ca594fa2959ae173292e504c-le32d4.cache-4
8b411000-8b412000 r--s 00000000 08:01 312813     /var/cache/fontconfig/e7071f4a29fa870f4323321c154eba04-le32d4.cache-4
8b412000-8b413000 r--s 00000000 08:01 312780     /var/cache/fontconfig/0d8c3b2ac0904cb8a57a757ad11a4a08-le32d4.cache-4
8b413000-8b418000 r--s 00000000 08:01 312800     /var/cache/fontconfig/a755afe4a08bf5b97852ceb7400b47bc-le32d4.cache-4
8b418000-8b427000 r--s 00000000 08:01 312778     /var/cache/fontconfig/04aabc0a78ac019cf9454389977116d2-le32d4.cache-4
8b427000-8b42a000 r--s 00000000 08:01 312786     /var/cache/fontconfig/385c0604a188198f04d133e54aba7fe7-le32d4.cache-4
8b42a000-8b42e000 r--s 00000000 08:01 312796     /var/cache/fontconfig/8801497958630a81b71ace7c5f9b32a8-le32d4.cache-4
8b42e000-8b431000 r--s 00000000 08:01 312803     /var/cache/fontconfig/c57959a16110560c8d0fcea73374aeeb-le32d4.cache-4
8b431000-8b436000 r--s 00000000 08:01 312784     /var/cache/fontconfig/3047814df9a2f067bd2d96a2b9c36e5a-le32d4.cache-4
8b436000-8b43a000 r--s 00000000 08:01 312801     /var/cache/fontconfig/b47c4e1ecd0709278f4910c18777a504-le32d4.cache-4
8b43a000-8b44a000 r--s 00000000 08:01 312807     /var/cache/fontconfig/d52a8644073d54c13679302ca1180695-le32d4.cache-4
8b44a000-8b451000 r--s 00000000 08:01 312787     /var/cache/fontconfig/3f7329c5293ffd510edef78f73874cfd-le32d4.cache-4
8b451000-8b454000 r--s 00000000 08:01 324480     /var/cache/fontconfig/d589a48862398ed80a3d6066f4f56f4c-le32d4.cache-4
8b454000-8b457000 r--s 00000000 08:01 260617     /var/cache/fontconfig/7ef2298fde41cc6eeb7af42e48b7d293-le32d4.cache-4
8b457000-8b474000 r--s 00000000 08:01 1058450    /usr/share/mime/mime.cache
8b474000-8b491000 r--s 00000000 08:01 1058450    /usr/share/mime/mime.cache
8b491000-8b497000 r--p 00000000 08:01 1058069    /usr/share/locale-langpack/es/LC_MESSAGES/gdk-pixbuf.mo
8b497000-8bad3000 r--p 00000000 08:01 308978     /usr/share/icons/hicolor/icon-theme.cache
8bad3000-8c10f000 r--p 00000000 08:01 308978     /usr/share/icons/hicolor/icon-theme.cache
8c10f000-8fec0000 r--p 00000000 08:01 299713     /usr/share/icons/gnome/icon-theme.cache
8fec0000-93c71000 r--p 00000000 08:01 299713     /usr/share/icons/gnome/icon-theme.cache
93c71000-955eb000 r--p 00000000 08:01 287533     /usr/share/icons/elementary-xfce/icon-theme.cache
955eb000-96f65000 r--p 00000000 08:01 287533     /usr/share/icons/elementary-xfce/icon-theme.cache
96f65000-96fef000 r--p 00000000 08:01 298240     /usr/share/icons/elementary-xfce-dark/icon-theme.cache
96fef000-97079000 r--p 00000000 08:01 298240     /usr/share/icons/elementary-xfce-dark/icon-theme.cache
97079000-974ce000 r--p 00000000 08:01 298633     /usr/share/icons/elementary-xfce-darker/icon-theme.cache
974ce000-97923000 r--p 00000000 08:01 298633     /usr/share/icons/elementary-xfce-darker/icon-theme.cache
97923000-9793c000 r-xp 00000000 08:01 912613     /usr/lib/i386-linux-gnu/gio/modules/libgioremote-volume-monitor.so
9793c000-9793d000 ---p 00019000 08:01 912613     /usr/lib/i386-linux-gnu/gio/modules/libgioremote-volume-monitor.so
9793d000-9793e000 r--p 00019000 08:01 912613     /usr/lib/i386-linux-gnu/gio/modules/libgioremote-volume-monitor.so
9793e000-9793f000 rw-p 0001a000 08:01 912613     /usr/lib/i386-linux-gnu/gio/modules/libgioremote-volume-monitor.so
9793f000-97940000 ---p 00000000 00:00 0 
97940000-98140000 rw-p 00000000 00:00 0          [stack:3397]
98140000-98172000 r-xp 00000000 08:01 912609     /usr/lib/i386-linux-gnu/gvfs/libgvfscommon.so
98172000-98174000 r--p 00032000 08:01 912609     /usr/lib/i386-linux-gnu/gvfs/libgvfscommon.so
98174000-98175000 rw-p 00034000 08:01 912609     /usr/lib/i386-linux-gnu/gvfs/libgvfscommon.so
98175000-981a5000 r-xp 00000000 08:01 912610     /usr/lib/i386-linux-gnu/gio/modules/libgvfsdbus.so
981a5000-981a6000 r--p 0002f000 08:01 912610     /usr/lib/i386-linux-gnu/gio/modules/libgvfsdbus.so
981a6000-981a7000 rw-p 00030000 08:01 912610     /usr/lib/i386-linux-gnu/gio/modules/libgvfsdbus.so
981a7000-981c0000 r--p 00000000 08:01 1058082    /usr/share/locale-langpack/es/LC_MESSAGES/glib20.mo
981c0000-981c9000 r-xp 00000000 08:01 914239     /usr/lib/i386-linux-gnu/gtk-2.0/2.10.0/engines/libpixmap.so
981c9000-981ca000 r--p 00008000 08:01 914239     /usr/lib/i386-linux-gnu/gtk-2.0/2.10.0/engines/libpixmap.so
981ca000-981cb000 rw-p 00009000 08:01 914239     /usr/lib/i386-linux-gnu/gtk-2.0/2.10.0/engines/libpixmap.so
981cb000-98200000 r-xp 00000000 08:01 914603     /usr/lib/i386-linux-gnu/gtk-2.0/2.10.0/engines/libmurrine.so
98200000-98201000 r--p 00034000 08:01 914603     /usr/lib/i386-linux-gnu/gtk-2.0/2.10.0/engines/libmurrine.so
98201000-98202000 rw-p 00035000 08:01 914603     /usr/lib/i386-linux-gnu/gtk-2.0/2.10.0/engines/libmurrine.so
98202000-98205000 ---p 00000000 00:00 0 
98205000-98253000 rw-p 00000000 00:00 0 
98253000-9827d000 r--p 00000000 08:01 1058126    /usr/share/locale-langpack/es/LC_MESSAGES/gtk20-properties.mo
9827d000-98284000 r-xp 00000000 08:01 787804     /usr/lib/i386-linux-gnu/libdatrie.so.1.3.1
98284000-98285000 r--p 00006000 08:01 787804     /usr/lib/i386-linux-gnu/libdatrie.so.1.3.1
98285000-98286000 rw-p 00007000 08:01 787804     /usr/lib/i386-linux-gnu/libdatrie.so.1.3.1
98286000-982a0000 r-xp 00000000 08:01 787984     /usr/lib/i386-linux-gnu/libgraphite2.so.3.0.1
982a0000-982a1000 r--p 00019000 08:01 787984     /usr/lib/i386-linux-gnu/libgraphite2.so.3.0.1
982a1000-982a2000 rw-p 0001a000 08:01 787984     /usr/lib/i386-linux-gnu/libgraphite2.so.3.0.1
982a2000-982de000 r-xp 00000000 08:01 652745     /lib/i386-linux-gnu/libpcre.so.3.13.1
982de000-982df000 r--p 0003b000 08:01 652745     /lib/i386-linux-gnu/libpcre.so.3.13.1
982df000-982e0000 rw-p 0003c000 08:01 652745     /lib/i386-linux-gnu/libpcre.so.3.13.1
982e0000-982e8000 r-xp 00000000 08:01 788450     /usr/lib/i386-linux-gnu/libthai.so.0.2.0
982e8000-982e9000 r--p 00007000 08:01 788450     /usr/lib/i386-linux-gnu/libthai.so.0.2.0
982e9000-982ea000 rw-p 00008000 08:01 788450     /usr/lib/i386-linux-gnu/libthai.so.0.2.0
982ea000-9833e000 r-xp 00000000 08:01 788096     /usr/lib/i386-linux-gnu/libharfbuzz.so.0.927.0
9833e000-9833f000 r--p 00054000 08:01 788096     /usr/lib/i386-linux-gnu/libharfbuzz.so.0.927.0
9833f000-98340000 rw-p 00055000 08:01 788096     /usr/lib/i386-linux-gnu/libharfbuzz.so.0.927.0
98340000-98360000 r-xp 00000000 08:01 652772     /lib/i386-linux-gnu/libselinux.so.1
98360000-98361000 r--p 0001f000 08:01 652772     /lib/i386-linux-gnu/libselinux.so.1
98361000-98362000 rw-p 00020000 08:01 652772     /lib/i386-linux-gnu/libselinux.so.1
98362000-98363000 rw-p 00000000 00:00 0 
98363000-9836b000 r-xp 00000000 08:01 788553     /usr/lib/i386-linux-gnu/libxcb-render.so.0.0.0
9836b000-9836c000 r--p 00008000 08:01 788553     /usr/lib/i386-linux-gnu/libxcb-render.so.0.0.0
9836c000-9836d000 rw-p 00009000 08:01 788553     /usr/lib/i386-linux-gnu/libxcb-render.so.0.0.0
9836d000-98393000 r-xp 00000000 08:01 685719     /lib/i386-linux-gnu/libpng12.so.0.50.0
98393000-98394000 r--p 00025000 08:01 685719     /lib/i386-linux-gnu/libpng12.so.0.50.0
98394000-98395000 rw-p 00026000 08:01 685719     /lib/i386-linux-gnu/libpng12.so.0.50.0
98395000-98439000 r-xp 00000000 08:01 788304     /usr/lib/i386-linux-gnu/libpixman-1.so.0.30.2
98439000-9843e000 r--p 000a4000 08:01 788304     /usr/lib/i386-linux-gnu/libpixman-1.so.0.30.2
9843e000-9843f000 rw-p 000a9000 08:01 788304     /usr/lib/i386-linux-gnu/libpixman-1.so.0.30.2
9843f000-984da000 r-xp 00000000 08:01 786858     /usr/lib/i386-linux-gnu/libfreetype.so.6.11.1
984da000-984de000 r--p 0009a000 08:01 786858     /usr/lib/i386-linux-gnu/libfreetype.so.6.11.1
984de000-984df000 rw-p 0009e000 08:01 786858     /usr/lib/i386-linux-gnu/libfreetype.so.6.11.1
984df000-985e9000 r-xp 00000000 08:01 652673     /lib/i386-linux-gnu/libglib-2.0.so.0.4002.0
985e9000-985ea000 r--p 00109000 08:01 652673     /lib/i386-linux-gnu/libglib-2.0.so.0.4002.0
985ea000-985eb000 rw-p 0010a000 08:01 652673     /lib/i386-linux-gnu/libglib-2.0.so.0.4002.0
985eb000-9863b000 r-xp 00000000 08:01 787972     /usr/lib/i386-linux-gnu/libgobject-2.0.so.0.4002.0
9863b000-9863c000 r--p 0004f000 08:01 787972     /usr/lib/i386-linux-gnu/libgobject-2.0.so.0.4002.0
9863c000-9863d000 rw-p 00050000 08:01 787972     /usr/lib/i386-linux-gnu/libgobject-2.0.so.0.4002.0
9863d000-98676000 r-xp 00000000 08:01 787885     /usr/lib/i386-linux-gnu/libfontconfig.so.1.8.0
98676000-98677000 r--p 00039000 08:01 787885     /usr/lib/i386-linux-gnu/libfontconfig.so.1.8.0
98677000-98678000 rw-p 0003a000 08:01 787885     /usr/lib/i386-linux-gnu/libfontconfig.so.1.8.0
98678000-986c2000 r-xp 00000000 08:01 788281     /usr/lib/i386-linux-gnu/libpango-1.0.so.0.3600.3
986c2000-986c3000 ---p 0004a000 08:01 788281     /usr/lib/i386-linux-gnu/libpango-1.0.so.0.3600.3
986c3000-986c4000 r--p 0004a000 08:01 788281     /usr/lib/i386-linux-gnu/libpango-1.0.so.0.3600.3
986c4000-986c5000 rw-p 0004b000 08:01 788281     /usr/lib/i386-linux-gnu/libpango-1.0.so.0.3600.3
986c5000-986d9000 r-xp 00000000 08:01 788285     /usr/lib/i386-linux-gnu/libpangoft2-1.0.so.0.3600.3
986d9000-986da000 r--p 00013000 08:01 788285     /usr/lib/i386-linux-gnu/libpangoft2-1.0.so.0.3600.3
986da000-986db000 rw-p 00014000 08:01 788285     /usr/lib/i386-linux-gnu/libpangoft2-1.0.so.0.3600.3
986db000-98858000 r-xp 00000000 08:01 787950     /usr/lib/i386-linux-gnu/libgio-2.0.so.0.4002.0
98858000-9885a000 r--p 0017d000 08:01 787950     /usr/lib/i386-linux-gnu/libgio-2.0.so.0.4002.0
9885a000-9885b000 rw-p 0017f000 08:01 787950     /usr/lib/i386-linux-gnu/libgio-2.0.so.0.4002.0
9885b000-9885c000 rw-p 00000000 00:00 0 
9885c000-9887d000 r-xp 00000000 08:01 786918     /usr/lib/i386-linux-gnu/libgdk_pixbuf-2.0.so.0.3000.7
9887d000-9887e000 r--p 00021000 08:01 786918     /usr/lib/i386-linux-gnu/libgdk_pixbuf-2.0.so.0.3000.7
9887e000-9887f000 rw-p 00022000 08:01 786918     /usr/lib/i386-linux-gnu/libgdk_pixbuf-2.0.so.0.3000.7
9887f000-9899e000 r-xp 00000000 08:01 787743     /usr/lib/i386-linux-gnu/libcairo.so.2.11301.0
9899e000-989a0000 r--p 0011e000 08:01 787743     /usr/lib/i386-linux-gnu/libcairo.so.2.11301.0
989a0000-989a1000 rw-p 00120000 08:01 787743     /usr/lib/i386-linux-gnu/libcairo.so.2.11301.0
989a1000-989a2000 rw-p 00000000 00:00 0 
989a2000-989c0000 r-xp 00000000 08:01 787704     /usr/lib/i386-linux-gnu/libatk-1.0.so.0.21009.1
989c0000-989c2000 r--p 0001d000 08:01 787704     /usr/lib/i386-linux-gnu/libatk-1.0.so.0.21009.1
989c2000-989c3000 rw-p 0001f000 08:01 787704     /usr/lib/i386-linux-gnu/libatk-1.0.so.0.21009.1
989c3000-989ce000 r-xp 00000000 08:01 788283     /usr/lib/i386-linux-gnu/libpangocairo-1.0.so.0.3600.3
989ce000-989cf000 r--p 0000a000 08:01 788283     /usr/lib/i386-linux-gnu/libpangocairo-1.0.so.0.3600.3
989cf000-989d0000 rw-p 0000b000 08:01 788283     /usr/lib/i386-linux-gnu/libpangocairo-1.0.so.0.3600.3
989d0000-98a7c000 r-xp 00000000 08:01 784638     /usr/lib/i386-linux-gnu/libgdk-x11-2.0.so.0.2400.23
98a7c000-98a7e000 r--p 000ab000 08:01 784638     /usr/lib/i386-linux-gnu/libgdk-x11-2.0.so.0.2400.23
98a7e000-98a7f000 rw-p 000ad000 08:01 784638     /usr/lib/i386-linux-gnu/libgdk-x11-2.0.so.0.2400.23
98a7f000-98ee7000 r-xp 00000000 08:01 787412     /usr/lib/i386-linux-gnu/libgtk-x11-2.0.so.0.2400.23
98ee7000-98eeb000 r--p 00467000 08:01 787412     /usr/lib/i386-linux-gnu/libgtk-x11-2.0.so.0.2400.23
98eeb000-98eed000 rw-p 0046b000 08:01 787412     /usr/lib/i386-linux-gnu/libgtk-x11-2.0.so.0.2400.23
98eed000-98eef000 rw-p 00000000 00:00 0 
98eef000-98ef1000 r--s 00000000 08:01 312794     /var/cache/fontconfig/767a8244fc0220cfb567a839d0392e0b-le32d4.cache-4
98ef1000-98f00000 r--p 00000000 08:01 1058127    /usr/share/locale-langpack/es/LC_MESSAGES/gtk20.mo
98f00000-98fda000 rw-p 00000000 00:00 0 
98fda000-99000000 ---p 00000000 00:00 0 
99000000-99100000 rw-p 00000000 00:00 0 
99100000-99200000 rw-p 00000000 00:00 0 
99200000-99300000 rw-p 00000000 00:00 0 
99300000-993f2000 rw-p 00000000 00:00 0 
993f2000-99400000 ---p 00000000 00:00 0 
99400000-99401000 r--s 00000000 08:01 312782     /var/cache/fontconfig/1ac9eb803944fde146138c791f5cc56a-le32d4.cache-4
99401000-99404000 r--p 00000000 08:01 1057990    /usr/share/locale-langpack/es/LC_MESSAGES/atk10.mo
99404000-99405000 r-xp 00000000 08:01 788074     /usr/lib/i386-linux-gnu/libgthread-2.0.so.0.4002.0
99405000-99406000 r--p 00000000 08:01 788074     /usr/lib/i386-linux-gnu/libgthread-2.0.so.0.4002.0
99406000-99407000 rw-p 00001000 08:01 788074     /usr/lib/i386-linux-gnu/libgthread-2.0.so.0.4002.0
99407000-9940a000 ---p 00000000 00:00 0 
9940a000-99a00000 rw-p 00000000 00:00 0          [stack:3393]
99a00000-99b00000 rw-p 00000000 00:00 0 
99b00000-99b01000 r--s 00000000 08:01 312810     /var/cache/fontconfig/dc05db6664285cc2f12bf69c139ae4c3-le32d4.cache-4
99b01000-99b02000 r--s 00000000 08:01 324361     /var/cache/fontconfig/4794a0821666d79190d59a36cb4f44b5-le32d4.cache-4
99b02000-99b28000 r-xp 00000000 08:01 801975     /usr/local/java/jdk1.8.0_66/jre/lib/i386/libdcpr.so
99b28000-99b2b000 rw-p 00025000 08:01 801975     /usr/local/java/jdk1.8.0_66/jre/lib/i386/libdcpr.so
99b2b000-99b47000 r--s 00393000 08:01 801998     /usr/local/java/jdk1.8.0_66/jre/lib/ext/cldrdata.jar
99b47000-99bee000 rw-p 00000000 00:00 0 
99bee000-99c23000 r-xp 00000000 08:01 788470     /usr/lib/i386-linux-gnu/libtxc_dxtn_s2tc.so.0.0.0
99c23000-99c24000 r--p 00034000 08:01 788470     /usr/lib/i386-linux-gnu/libtxc_dxtn_s2tc.so.0.0.0
99c24000-99c25000 rw-p 00035000 08:01 788470     /usr/lib/i386-linux-gnu/libtxc_dxtn_s2tc.so.0.0.0
99c25000-99c43000 r-xp 00000000 08:01 652786     /lib/i386-linux-gnu/libtinfo.so.5.9
99c43000-99c44000 ---p 0001e000 08:01 652786     /lib/i386-linux-gnu/libtinfo.so.5.9
99c44000-99c46000 r--p 0001e000 08:01 652786     /lib/i386-linux-gnu/libtinfo.so.5.9
99c46000-99c47000 rw-p 00020000 08:01 652786     /lib/i386-linux-gnu/libtinfo.so.5.9
99c47000-99c6e000 r-xp 00000000 08:01 787849     /usr/lib/i386-linux-gnu/libedit.so.2.0.47
99c6e000-99c6f000 ---p 00027000 08:01 787849     /usr/lib/i386-linux-gnu/libedit.so.2.0.47
99c6f000-99c70000 r--p 00027000 08:01 787849     /usr/lib/i386-linux-gnu/libedit.so.2.0.47
99c70000-99c71000 rw-p 00028000 08:01 787849     /usr/lib/i386-linux-gnu/libedit.so.2.0.47
99c71000-99c73000 rw-p 00000000 00:00 0 
99c73000-99c8b000 r-xp 00000000 08:01 652803     /lib/i386-linux-gnu/libz.so.1.2.8
99c8b000-99c8c000 r--p 00017000 08:01 652803     /lib/i386-linux-gnu/libz.so.1.2.8
99c8c000-99c8d000 rw-p 00018000 08:01 652803     /lib/i386-linux-gnu/libz.so.1.2.8
99c8d000-9b9f1000 r-xp 00000000 08:01 787605     /usr/lib/i386-linux-gnu/libLLVM-3.6.so.1
9b9f1000-9bb6a000 r--p 01d63000 08:01 787605     /usr/lib/i386-linux-gnu/libLLVM-3.6.so.1
9bb6a000-9bb6e000 rw-p 01edc000 08:01 787605     /usr/lib/i386-linux-gnu/libLLVM-3.6.so.1
9bb6e000-9bb7a000 rw-p 00000000 00:00 0 
9bb7a000-9c307000 r-xp 00000000 08:01 914799     /usr/lib/i386-linux-gnu/dri/swrast_dri.so
9c307000-9c308000 ---p 0078d000 08:01 914799     /usr/lib/i386-linux-gnu/dri/swrast_dri.so
9c308000-9c344000 r--p 0078d000 08:01 914799     /usr/lib/i386-linux-gnu/dri/swrast_dri.so
9c344000-9c34d000 rw-p 007c9000 08:01 914799     /usr/lib/i386-linux-gnu/dri/swrast_dri.so
9c34d000-9c530000 rw-p 00000000 00:00 0 
9c530000-9c531000 ---p 00000000 00:00 0 
9c531000-9c5b1000 rw-p 00000000 00:00 0          [stack:3392]
9c5b1000-9c5b2000 ---p 00000000 00:00 0 
9c5b2000-9cf00000 rw-p 00000000 00:00 0          [stack:3396]
9cf00000-9cff8000 rw-p 00000000 00:00 0 
9cff8000-9d000000 ---p 00000000 00:00 0 
9d000000-9d001000 r--s 00000000 08:01 312790     /var/cache/fontconfig/56cf4f4769d0f4abc89a4895d7bd3ae1-le32d4.cache-4
9d001000-9d002000 r--s 00000000 08:01 312802     /var/cache/fontconfig/b9d506c9ac06c20b433354fa67a72993-le32d4.cache-4
9d002000-9d004000 r-xp 00000000 08:01 788557     /usr/lib/i386-linux-gnu/libxcb-shm.so.0.0.0
9d004000-9d005000 r--p 00001000 08:01 788557     /usr/lib/i386-linux-gnu/libxcb-shm.so.0.0.0
9d005000-9d006000 rw-p 00002000 08:01 788557     /usr/lib/i386-linux-gnu/libxcb-shm.so.0.0.0
9d006000-9d008000 r-xp 00000000 08:01 787640     /usr/lib/i386-linux-gnu/libXinerama.so.1.0.0
9d008000-9d009000 r--p 00001000 08:01 787640     /usr/lib/i386-linux-gnu/libXinerama.so.1.0.0
9d009000-9d00a000 rw-p 00002000 08:01 787640     /usr/lib/i386-linux-gnu/libXinerama.so.1.0.0
9d00a000-9d00f000 r-xp 00000000 08:01 784981     /usr/lib/i386-linux-gnu/libffi.so.6.0.1
9d00f000-9d010000 r--p 00005000 08:01 784981     /usr/lib/i386-linux-gnu/libffi.so.6.0.1
9d010000-9d011000 rw-p 00006000 08:01 784981     /usr/lib/i386-linux-gnu/libffi.so.6.0.1
9d011000-9d027000 r-xp 00000000 08:01 787850     /usr/lib/i386-linux-gnu/libelf-0.158.so
9d027000-9d028000 r--p 00015000 08:01 787850     /usr/lib/i386-linux-gnu/libelf-0.158.so
9d028000-9d029000 rw-p 00016000 08:01 787850     /usr/lib/i386-linux-gnu/libelf-0.158.so
9d029000-9d035000 r-xp 00000000 08:01 787845     /usr/lib/i386-linux-gnu/libdrm_radeon.so.1.0.1
9d035000-9d036000 r--p 0000b000 08:01 787845     /usr/lib/i386-linux-gnu/libdrm_radeon.so.1.0.1
9d036000-9d037000 rw-p 0000c000 08:01 787845     /usr/lib/i386-linux-gnu/libdrm_radeon.so.1.0.1
9d037000-9d03d000 r-xp 00000000 08:01 787843     /usr/lib/i386-linux-gnu/libdrm_nouveau.so.2.0.0
9d03d000-9d03e000 r--p 00005000 08:01 787843     /usr/lib/i386-linux-gnu/libdrm_nouveau.so.2.0.0
9d03e000-9d03f000 rw-p 00006000 08:01 787843     /usr/lib/i386-linux-gnu/libdrm_nouveau.so.2.0.0
9d03f000-9d047000 r-xp 00000000 08:01 306252     /opt/VBoxGuestAdditions-5.0.8/lib/VBoxOGLpassthroughspu.so
9d047000-9d048000 rw-p 00008000 08:01 306252     /opt/VBoxGuestAdditions-5.0.8/lib/VBoxOGLpassthroughspu.so
9d048000-9d049000 rw-p 00000000 00:00 0 
9d049000-9d0f9000 r-xp 00000000 08:01 308642     /opt/VBoxGuestAdditions-5.0.8/lib/VBoxOGLfeedbackspu.so
9d0f9000-9d0fb000 rw-p 000af000 08:01 308642     /opt/VBoxGuestAdditions-5.0.8/lib/VBoxOGLfeedbackspu.so
9d0fb000-9d6a8000 rw-p 00000000 00:00 0 
9d6a8000-9d6be000 r-xp 00000000 08:01 308641     /opt/VBoxGuestAdditions-5.0.8/lib/VBoxOGLerrorspu.so
9d6be000-9d6c0000 rw-p 00015000 08:01 308641     /opt/VBoxGuestAdditions-5.0.8/lib/VBoxOGLerrorspu.so
9d6c0000-9d8b4000 r-xp 00000000 08:01 306426     /opt/VBoxGuestAdditions-5.0.8/lib/VBoxOGLpackspu.so
9d8b4000-9d8b8000 rw-p 001f4000 08:01 306426     /opt/VBoxGuestAdditions-5.0.8/lib/VBoxOGLpackspu.so
9d8b8000-9d8f6000 rw-p 00000000 00:00 0 
9d8f6000-9d8f8000 r-xp 00000000 08:01 787622     /usr/lib/i386-linux-gnu/libXcomposite.so.1.0.0
9d8f8000-9d8f9000 r--p 00001000 08:01 787622     /usr/lib/i386-linux-gnu/libXcomposite.so.1.0.0
9d8f9000-9d8fa000 rw-p 00002000 08:01 787622     /usr/lib/i386-linux-gnu/libXcomposite.so.1.0.0
9d8fa000-9d994000 r-xp 00000000 08:01 306425     /opt/VBoxGuestAdditions-5.0.8/lib/VBoxOGLcrutil.so
9d994000-9d99e000 rw-p 00099000 08:01 306425     /opt/VBoxGuestAdditions-5.0.8/lib/VBoxOGLcrutil.so
9d99e000-9d9a3000 rw-p 00000000 00:00 0 
9d9a3000-9da84000 r-xp 00000000 08:01 306427     /opt/VBoxGuestAdditions-5.0.8/lib/VBoxOGL.so
9da84000-9da94000 rw-p 000e0000 08:01 306427     /opt/VBoxGuestAdditions-5.0.8/lib/VBoxOGL.so
9da94000-9da9b000 rw-p 00000000 00:00 0 
9da9b000-9daa3000 r-xp 00000000 08:01 652704     /lib/i386-linux-gnu/libnih-dbus.so.1.0.0
9daa3000-9daa4000 r--p 00007000 08:01 652704     /lib/i386-linux-gnu/libnih-dbus.so.1.0.0
9daa4000-9daa5000 rw-p 00008000 08:01 652704     /lib/i386-linux-gnu/libnih-dbus.so.1.0.0
9daa5000-9dabc000 r-xp 00000000 08:01 652706     /lib/i386-linux-gnu/libnih.so.1.0.0
9dabc000-9dabd000 r--p 00016000 08:01 652706     /lib/i386-linux-gnu/libnih.so.1.0.0
9dabd000-9dabe000 rw-p 00017000 08:01 652706     /lib/i386-linux-gnu/libnih.so.1.0.0
9dabe000-9dada000 r-xp 00000000 08:01 651623     /lib/i386-linux-gnu/libcgmanager.so.0.0.0
9dada000-9dadb000 r--p 0001b000 08:01 651623     /lib/i386-linux-gnu/libcgmanager.so.0.0.0
9dadb000-9dadc000 rw-p 0001c000 08:01 651623     /lib/i386-linux-gnu/libcgmanager.so.0.0.0
9dadc000-9daed000 r-xp 00000000 08:01 656397     /lib/i386-linux-gnu/libudev.so.1.3.5
9daed000-9daee000 r--p 00010000 08:01 656397     /lib/i386-linux-gnu/libudev.so.1.3.5
9daee000-9daef000 rw-p 00011000 08:01 656397     /lib/i386-linux-gnu/libudev.so.1.3.5
9daef000-9daf1000 r--s 00000000 08:01 312795     /var/cache/fontconfig/e13b20fdb08344e0e664864cc2ede53d-le32d4.cache-4
9daf1000-9daf4000 r-xp 00000000 08:01 787960     /usr/lib/i386-linux-gnu/libgmodule-2.0.so.0.4002.0
9daf4000-9daf5000 r--p 00002000 08:01 787960     /usr/lib/i386-linux-gnu/libgmodule-2.0.so.0.4002.0
9daf5000-9daf6000 rw-p 00003000 08:01 787960     /usr/lib/i386-linux-gnu/libgmodule-2.0.so.0.4002.0
9daf6000-9db00000 r--s 00116000 08:01 802003     /usr/local/java/jdk1.8.0_66/jre/lib/ext/localedata.jar
9db00000-9dc00000 rw-p 00000000 00:00 0 
9dc00000-9dd00000 rw-p 00000000 00:00 0 
9dd00000-9de00000 rw-p 00000000 00:00 0 
9de00000-9de01000 r--s 00000000 08:01 312779     /var/cache/fontconfig/0c9eb80ebd1c36541ebe2852d3bb0c49-le32d4.cache-4
9de01000-9de62000 r-xp 00000000 08:01 801928     /usr/local/java/jdk1.8.0_66/jre/lib/i386/libt2k.so
9de62000-9de66000 rw-p 00060000 08:01 801928     /usr/local/java/jdk1.8.0_66/jre/lib/i386/libt2k.so
9de66000-9de6a000 rw-p 00000000 00:00 0 
9de6a000-9de6b000 ---p 00000000 00:00 0 
9de6b000-9df6b000 rw-p 00000000 00:00 0          [stack:3388]
9df6b000-a1f6c000 rw-s 00000000 00:15 26968      /run/shm/pulse-shm-2019539076
a1f6c000-a1f6d000 ---p 00000000 00:00 0 
a1f6d000-a276d000 rw-p 00000000 00:00 0          [stack:3387]
a276d000-a2780000 r-xp 00000000 08:01 652768     /lib/i386-linux-gnu/libresolv-2.19.so
a2780000-a2781000 ---p 00013000 08:01 652768     /lib/i386-linux-gnu/libresolv-2.19.so
a2781000-a2782000 r--p 00013000 08:01 652768     /lib/i386-linux-gnu/libresolv-2.19.so
a2782000-a2783000 rw-p 00014000 08:01 652768     /lib/i386-linux-gnu/libresolv-2.19.so
a2783000-a2785000 rw-p 00000000 00:00 0 
a2785000-a278c000 r-xp 00000000 08:01 788263     /usr/lib/i386-linux-gnu/libogg.so.0.8.1
a278c000-a278d000 r--p 00006000 08:01 788263     /usr/lib/i386-linux-gnu/libogg.so.0.8.1
a278d000-a278e000 rw-p 00007000 08:01 788263     /usr/lib/i386-linux-gnu/libogg.so.0.8.1
a278e000-a27b7000 r-xp 00000000 08:01 788503     /usr/lib/i386-linux-gnu/libvorbis.so.0.4.5
a27b7000-a27b8000 ---p 00029000 08:01 788503     /usr/lib/i386-linux-gnu/libvorbis.so.0.4.5
a27b8000-a27b9000 r--p 00029000 08:01 788503     /usr/lib/i386-linux-gnu/libvorbis.so.0.4.5
a27b9000-a27ba000 rw-p 0002a000 08:01 788503     /usr/lib/i386-linux-gnu/libvorbis.so.0.4.5
a27ba000-a2920000 r-xp 00000000 08:01 788505     /usr/lib/i386-linux-gnu/libvorbisenc.so.2.0.8
a2920000-a2931000 r--p 00165000 08:01 788505     /usr/lib/i386-linux-gnu/libvorbisenc.so.2.0.8
a2931000-a2932000 rw-p 00176000 08:01 788505     /usr/lib/i386-linux-gnu/libvorbisenc.so.2.0.8
a2932000-a2964000 r-xp 00000000 08:01 787586     /usr/lib/i386-linux-gnu/libFLAC.so.8.3.0
a2964000-a2965000 r--p 00031000 08:01 787586     /usr/lib/i386-linux-gnu/libFLAC.so.8.3.0
a2965000-a2966000 rw-p 00032000 08:01 787586     /usr/lib/i386-linux-gnu/libFLAC.so.8.3.0
a2966000-a296b000 r-xp 00000000 08:01 787702     /usr/lib/i386-linux-gnu/libasyncns.so.0.3.1
a296b000-a296c000 r--p 00004000 08:01 787702     /usr/lib/i386-linux-gnu/libasyncns.so.0.3.1
a296c000-a296d000 rw-p 00005000 08:01 787702     /usr/lib/i386-linux-gnu/libasyncns.so.0.3.1
a296d000-a29d8000 r-xp 00000000 08:01 788406     /usr/lib/i386-linux-gnu/libsndfile.so.1.0.25
a29d8000-a29d9000 ---p 0006b000 08:01 788406     /usr/lib/i386-linux-gnu/libsndfile.so.1.0.25
a29d9000-a29da000 r--p 0006b000 08:01 788406     /usr/lib/i386-linux-gnu/libsndfile.so.1.0.25
a29da000-a29db000 rw-p 0006c000 08:01 788406     /usr/lib/i386-linux-gnu/libsndfile.so.1.0.25
a29db000-a29df000 rw-p 00000000 00:00 0 
a29df000-a29e7000 r-xp 00000000 08:01 652800     /lib/i386-linux-gnu/libwrap.so.0.7.6
a29e7000-a29e8000 r--p 00007000 08:01 652800     /lib/i386-linux-gnu/libwrap.so.0.7.6
a29e8000-a29e9000 rw-p 00008000 08:01 652800     /lib/i386-linux-gnu/libwrap.so.0.7.6
a29e9000-a2a32000 r-xp 00000000 08:01 652656     /lib/i386-linux-gnu/libdbus-1.so.3.7.6
a2a32000-a2a33000 r--p 00048000 08:01 652656     /lib/i386-linux-gnu/libdbus-1.so.3.7.6
a2a33000-a2a34000 rw-p 00049000 08:01 652656     /lib/i386-linux-gnu/libdbus-1.so.3.7.6
a2a34000-a2aa1000 r-xp 00000000 08:01 914837     /usr/lib/i386-linux-gnu/pulseaudio/libpulsecommon-4.0.so
a2aa1000-a2aa2000 r--p 0006c000 08:01 914837     /usr/lib/i386-linux-gnu/pulseaudio/libpulsecommon-4.0.so
a2aa2000-a2aa3000 rw-p 0006d000 08:01 914837     /usr/lib/i386-linux-gnu/pulseaudio/libpulsecommon-4.0.so
a2aa3000-a2aac000 r-xp 00000000 08:01 652682     /lib/i386-linux-gnu/libjson-c.so.2.0.0
a2aac000-a2aad000 r--p 00008000 08:01 652682     /lib/i386-linux-gnu/libjson-c.so.2.0.0
a2aad000-a2aae000 rw-p 00009000 08:01 652682     /lib/i386-linux-gnu/libjson-c.so.2.0.0
a2aae000-a2afb000 r-xp 00000000 08:01 788332     /usr/lib/i386-linux-gnu/libpulse.so.0.16.2
a2afb000-a2afc000 r--p 0004c000 08:01 788332     /usr/lib/i386-linux-gnu/libpulse.so.0.16.2
a2afc000-a2afd000 rw-p 0004d000 08:01 788332     /usr/lib/i386-linux-gnu/libpulse.so.0.16.2
a2afd000-a2b4b000 r-xp 00000000 08:01 685745     /tmp/libgdxgaems-dev/1c78875b/libopenal.so
a2b4b000-a2b4d000 r--p 0004d000 08:01 685745     /tmp/libgdxgaems-dev/1c78875b/libopenal.so
a2b4d000-a2b4e000 rw-p 0004f000 08:01 685745     /tmp/libgdxgaems-dev/1c78875b/libopenal.so
a2b4e000-a2b5a000 r-xp 00000000 08:01 787839     /usr/lib/i386-linux-gnu/libdrm.so.2.4.0
a2b5a000-a2b5b000 r--p 0000b000 08:01 787839     /usr/lib/i386-linux-gnu/libdrm.so.2.4.0
a2b5b000-a2b5c000 rw-p 0000c000 08:01 787839     /usr/lib/i386-linux-gnu/libdrm.so.2.4.0
a2b5c000-a2b5d000 r-xp 00000000 08:01 788594     /usr/lib/i386-linux-gnu/libxshmfence.so.1.0.0
a2b5d000-a2b5e000 r--p 00000000 08:01 788594     /usr/lib/i386-linux-gnu/libxshmfence.so.1.0.0
a2b5e000-a2b5f000 rw-p 00001000 08:01 788594     /usr/lib/i386-linux-gnu/libxshmfence.so.1.0.0
a2b5f000-a2b64000 r-xp 00000000 08:01 788559     /usr/lib/i386-linux-gnu/libxcb-sync.so.1.0.0
a2b64000-a2b65000 r--p 00004000 08:01 788559     /usr/lib/i386-linux-gnu/libxcb-sync.so.1.0.0
a2b65000-a2b66000 rw-p 00005000 08:01 788559     /usr/lib/i386-linux-gnu/libxcb-sync.so.1.0.0
a2b66000-a2b68000 r-xp 00000000 08:01 788551     /usr/lib/i386-linux-gnu/libxcb-present.so.0.0.0
a2b68000-a2b69000 r--p 00001000 08:01 788551     /usr/lib/i386-linux-gnu/libxcb-present.so.0.0.0
a2b69000-a2b6a000 rw-p 00002000 08:01 788551     /usr/lib/i386-linux-gnu/libxcb-present.so.0.0.0
a2b6a000-a2b6c000 r-xp 00000000 08:01 788547     /usr/lib/i386-linux-gnu/libxcb-dri3.so.0.0.0
a2b6c000-a2b6d000 r--p 00001000 08:01 788547     /usr/lib/i386-linux-gnu/libxcb-dri3.so.0.0.0
a2b6d000-a2b6e000 rw-p 00002000 08:01 788547     /usr/lib/i386-linux-gnu/libxcb-dri3.so.0.0.0
a2b6e000-a2b84000 r-xp 00000000 08:01 788549     /usr/lib/i386-linux-gnu/libxcb-glx.so.0.0.0
a2b84000-a2b85000 r--p 00016000 08:01 788549     /usr/lib/i386-linux-gnu/libxcb-glx.so.0.0.0
a2b85000-a2b86000 rw-p 00017000 08:01 788549     /usr/lib/i386-linux-gnu/libxcb-glx.so.0.0.0
a2b86000-a2b97000 r-xp 00000000 08:01 786989     /usr/lib/i386-linux-gnu/libglapi.so.0.0.0
a2b97000-a2b99000 r--p 00011000 08:01 786989     /usr/lib/i386-linux-gnu/libglapi.so.0.0.0
a2b99000-a2b9e000 rwxp 00013000 08:01 786989     /usr/lib/i386-linux-gnu/libglapi.so.0.0.0
a2b9e000-a2b9f000 rwxp 00000000 00:00 0 
a2b9f000-a2bc4000 r-xp 00000000 08:01 651621     /lib/i386-linux-gnu/libexpat.so.1.6.0
a2bc4000-a2bc5000 ---p 00025000 08:01 651621     /lib/i386-linux-gnu/libexpat.so.1.6.0
a2bc5000-a2bc7000 r--p 00025000 08:01 651621     /lib/i386-linux-gnu/libexpat.so.1.6.0
a2bc7000-a2bc8000 rw-p 00027000 08:01 651621     /lib/i386-linux-gnu/libexpat.so.1.6.0
a2bc8000-a2bdd000 r-xp 00000000 08:01 914237     /usr/lib/i386-linux-gnu/mesa/libGL.so.1.2.0
a2bdd000-a2be1000 r-xp 00015000 08:01 914237     /usr/lib/i386-linux-gnu/mesa/libGL.so.1.2.0
a2be1000-a2be3000 r-xp 00019000 08:01 914237     /usr/lib/i386-linux-gnu/mesa/libGL.so.1.2.0
a2be3000-a2be5000 r-xp 0001b000 08:01 914237     /usr/lib/i386-linux-gnu/mesa/libGL.so.1.2.0
a2be5000-a2c55000 r-xp 0001d000 08:01 914237     /usr/lib/i386-linux-gnu/mesa/libGL.so.1.2.0
a2c55000-a2c57000 r--p 0008c000 08:01 914237     /usr/lib/i386-linux-gnu/mesa/libGL.so.1.2.0
a2c57000-a2c5c000 rwxp 0008e000 08:01 914237     /usr/lib/i386-linux-gnu/mesa/libGL.so.1.2.0
a2c5c000-a2c5d000 rwxp 00000000 00:00 0 
a2c5d000-a2c60000 ---p 00000000 00:00 0 
a2c60000-a2c74000 rw-p 00000000 00:00 0 
a2c74000-a2cd3000 r-xp 00000000 08:01 685744     /tmp/libgdxgaems-dev/1c78875b/liblwjgl.so
a2cd3000-a2cd4000 ---p 0005f000 08:01 685744     /tmp/libgdxgaems-dev/1c78875b/liblwjgl.so
a2cd4000-a2cd5000 r--p 0005f000 08:01 685744     /tmp/libgdxgaems-dev/1c78875b/liblwjgl.so
a2cd5000-a2cd6000 rw-p 00060000 08:01 685744     /tmp/libgdxgaems-dev/1c78875b/liblwjgl.so
a2cd6000-a2db2000 r-xp 00000000 08:01 788430     /usr/lib/i386-linux-gnu/libstdc++.so.6.0.19
a2db2000-a2db6000 r--p 000dc000 08:01 788430     /usr/lib/i386-linux-gnu/libstdc++.so.6.0.19
a2db6000-a2db7000 rw-p 000e0000 08:01 788430     /usr/lib/i386-linux-gnu/libstdc++.so.6.0.19
a2db7000-a2dbe000 rw-p 00000000 00:00 0 
a2dbe000-a2df5000 r-xp 00000000 08:01 685742     /tmp/libgdxgaems-dev/d9b40ffb/libgdx.so
a2df5000-a2df6000 r--p 00036000 08:01 685742     /tmp/libgdxgaems-dev/d9b40ffb/libgdx.so
a2df6000-a2df7000 rw-p 00037000 08:01 685742     /tmp/libgdxgaems-dev/d9b40ffb/libgdx.so
a2df7000-a2ef7000 rw-p 00000000 00:00 0 
a2ef7000-a2efa000 ---p 00000000 00:00 0 
a2efa000-a2f48000 rw-p 00000000 00:00 0          [stack:3382]
a2f48000-a2f4b000 ---p 00000000 00:00 0 
a2f4b000-a2f99000 rw-p 00000000 00:00 0          [stack:3381]
a2f99000-a2fa1000 r--s 00000000 08:01 312797     /var/cache/fontconfig/945677eb7aeaf62f1d50efc3fb3ec7d8-le32d4.cache-4
a2fa1000-a2fa5000 r--s 00000000 08:01 312783     /var/cache/fontconfig/2cd17615ca594fa2959ae173292e504c-le32d4.cache-4
a2fa5000-a2fa6000 r--s 00000000 08:01 312813     /var/cache/fontconfig/e7071f4a29fa870f4323321c154eba04-le32d4.cache-4
a2fa6000-a2fa7000 r--s 00000000 08:01 312780     /var/cache/fontconfig/0d8c3b2ac0904cb8a57a757ad11a4a08-le32d4.cache-4
a2fa7000-a2fac000 r--s 00000000 08:01 312800     /var/cache/fontconfig/a755afe4a08bf5b97852ceb7400b47bc-le32d4.cache-4
a2fac000-a2fbb000 r--s 00000000 08:01 312778     /var/cache/fontconfig/04aabc0a78ac019cf9454389977116d2-le32d4.cache-4
a2fbb000-a2fbc000 r--s 00000000 08:01 312782     /var/cache/fontconfig/1ac9eb803944fde146138c791f5cc56a-le32d4.cache-4
a2fbc000-a2fbf000 r--s 00000000 08:01 312786     /var/cache/fontconfig/385c0604a188198f04d133e54aba7fe7-le32d4.cache-4
a2fbf000-a2fc0000 r--s 00000000 08:01 312810     /var/cache/fontconfig/dc05db6664285cc2f12bf69c139ae4c3-le32d4.cache-4
a2fc0000-a2fc2000 r--s 00000000 08:01 312794     /var/cache/fontconfig/767a8244fc0220cfb567a839d0392e0b-le32d4.cache-4
a2fc2000-a2fc3000 r--s 00000000 08:01 324361     /var/cache/fontconfig/4794a0821666d79190d59a36cb4f44b5-le32d4.cache-4
a2fc3000-a2fc7000 r--s 00000000 08:01 312796     /var/cache/fontconfig/8801497958630a81b71ace7c5f9b32a8-le32d4.cache-4
a2fc7000-a2fca000 r--s 00000000 08:01 312803     /var/cache/fontconfig/c57959a16110560c8d0fcea73374aeeb-le32d4.cache-4
a2fca000-a2fcf000 r--s 00000000 08:01 312784     /var/cache/fontconfig/3047814df9a2f067bd2d96a2b9c36e5a-le32d4.cache-4
a2fcf000-a2fdf000 r--s 00000000 08:01 312807     /var/cache/fontconfig/d52a8644073d54c13679302ca1180695-le32d4.cache-4
a2fdf000-a2fe3000 r-xp 00000000 08:01 788545     /usr/lib/i386-linux-gnu/libxcb-dri2.so.0.0.0
a2fe3000-a2fe4000 r--p 00003000 08:01 788545     /usr/lib/i386-linux-gnu/libxcb-dri2.so.0.0.0
a2fe4000-a2fe5000 rw-p 00004000 08:01 788545     /usr/lib/i386-linux-gnu/libxcb-dri2.so.0.0.0
a2fe5000-a2fe6000 r-xp 00000000 08:01 787611     /usr/lib/i386-linux-gnu/libX11-xcb.so.1.0.0
a2fe6000-a2fe7000 r--p 00000000 08:01 787611     /usr/lib/i386-linux-gnu/libX11-xcb.so.1.0.0
a2fe7000-a2fe8000 rw-p 00001000 08:01 787611     /usr/lib/i386-linux-gnu/libX11-xcb.so.1.0.0
a2fe8000-a2fea000 r-xp 00000000 08:01 787626     /usr/lib/i386-linux-gnu/libXdamage.so.1.1.0
a2fea000-a2feb000 r--p 00001000 08:01 787626     /usr/lib/i386-linux-gnu/libXdamage.so.1.1.0
a2feb000-a2fec000 rw-p 00002000 08:01 787626     /usr/lib/i386-linux-gnu/libXdamage.so.1.1.0
a2fec000-a2ff0000 r-xp 00000000 08:01 787668     /usr/lib/i386-linux-gnu/libXxf86vm.so.1.0.0
a2ff0000-a2ff1000 r--p 00004000 08:01 787668     /usr/lib/i386-linux-gnu/libXxf86vm.so.1.0.0
a2ff1000-a2ff2000 rw-p 00005000 08:01 787668     /usr/lib/i386-linux-gnu/libXxf86vm.so.1.0.0
a2ff2000-a2ffb000 r-xp 00000000 08:01 787650     /usr/lib/i386-linux-gnu/libXrandr.so.2.2.0
a2ffb000-a2ffc000 r--p 00008000 08:01 787650     /usr/lib/i386-linux-gnu/libXrandr.so.2.2.0
a2ffc000-a2ffd000 rw-p 00009000 08:01 787650     /usr/lib/i386-linux-gnu/libXrandr.so.2.2.0
a2ffd000-a300e000 r--p 00000000 08:01 1058272    /usr/share/locale-langpack/es/LC_MESSAGES/pulseaudio.mo
a300e000-a300f000 r-xp 00000000 08:01 801953     /usr/local/java/jdk1.8.0_66/jre/lib/i386/libjawt.so
a300f000-a3010000 rw-p 00000000 08:01 801953     /usr/local/java/jdk1.8.0_66/jre/lib/i386/libjawt.so
a3010000-a3015000 r--s 00096000 08:01 801800     /usr/local/java/jdk1.8.0_66/jre/lib/jsse.jar
a3015000-a3115000 rw-p 00000000 00:00 0 
a3115000-a3124000 r-xp 00000000 08:01 801982     /usr/local/java/jdk1.8.0_66/jre/lib/i386/libnio.so
a3124000-a3125000 rw-p 0000e000 08:01 801982     /usr/local/java/jdk1.8.0_66/jre/lib/i386/libnio.so
a3125000-a3128000 ---p 00000000 00:00 0 
a3128000-a3176000 rw-p 00000000 00:00 0          [stack:3380]
a3176000-a317f000 r-xp 00000000 08:01 787624     /usr/lib/i386-linux-gnu/libXcursor.so.1.0.2
a317f000-a3180000 r--p 00008000 08:01 787624     /usr/lib/i386-linux-gnu/libXcursor.so.1.0.2
a3180000-a3181000 rw-p 00009000 08:01 787624     /usr/lib/i386-linux-gnu/libXcursor.so.1.0.2
a3181000-a3281000 rw-p 00000000 00:00 0 
a3281000-a3284000 ---p 00000000 00:00 0 
a3284000-a32d2000 rw-p 00000000 00:00 0          [stack:3379]
a32d2000-a32ee000 r-xp 00000000 08:01 652669     /lib/i386-linux-gnu/libgcc_s.so.1
a32ee000-a32ef000 rw-p 0001b000 08:01 652669     /lib/i386-linux-gnu/libgcc_s.so.1
a32ef000-a32f0000 r--s 00000000 08:01 312790     /var/cache/fontconfig/56cf4f4769d0f4abc89a4895d7bd3ae1-le32d4.cache-4
a32f0000-a32f4000 r--s 00000000 08:01 312801     /var/cache/fontconfig/b47c4e1ecd0709278f4910c18777a504-le32d4.cache-4
a32f4000-a32fb000 r--s 00000000 08:01 312787     /var/cache/fontconfig/3f7329c5293ffd510edef78f73874cfd-le32d4.cache-4
a32fb000-a32fe000 r--s 00000000 08:01 324480     /var/cache/fontconfig/d589a48862398ed80a3d6066f4f56f4c-le32d4.cache-4
a32fe000-a3300000 r--s 00000000 08:01 312795     /var/cache/fontconfig/e13b20fdb08344e0e664864cc2ede53d-le32d4.cache-4
a3300000-a33fc000 rw-p 00000000 00:00 0 
a33fc000-a3400000 ---p 00000000 00:00 0 
a3400000-a3462000 r-xp 00000000 08:01 801971     /usr/local/java/jdk1.8.0_66/jre/lib/i386/libfontmanager.so
a3462000-a3465000 rw-p 00061000 08:01 801971     /usr/local/java/jdk1.8.0_66/jre/lib/i386/libfontmanager.so
a3465000-a3469000 rw-p 00000000 00:00 0 
a3469000-a348f000 r--p 00000000 08:01 1058183    /usr/share/locale-langpack/es/LC_MESSAGES/libc.mo
a348f000-a3494000 r-xp 00000000 08:01 787628     /usr/lib/i386-linux-gnu/libXdmcp.so.6.0.0
a3494000-a3495000 r--p 00004000 08:01 787628     /usr/lib/i386-linux-gnu/libXdmcp.so.6.0.0
a3495000-a3496000 rw-p 00005000 08:01 787628     /usr/lib/i386-linux-gnu/libXdmcp.so.6.0.0
a3496000-a3498000 r-xp 00000000 08:01 787617     /usr/lib/i386-linux-gnu/libXau.so.6.0.0
a3498000-a3499000 r--p 00001000 08:01 787617     /usr/lib/i386-linux-gnu/libXau.so.6.0.0
a3499000-a349a000 rw-p 00002000 08:01 787617     /usr/lib/i386-linux-gnu/libXau.so.6.0.0
a349a000-a34ba000 r-xp 00000000 08:01 788565     /usr/lib/i386-linux-gnu/libxcb.so.1.1.0
a34ba000-a34bb000 r--p 0001f000 08:01 788565     /usr/lib/i386-linux-gnu/libxcb.so.1.1.0
a34bb000-a34bc000 rw-p 00020000 08:01 788565     /usr/lib/i386-linux-gnu/libxcb.so.1.1.0
a34bc000-a34ca000 r-xp 00000000 08:01 787638     /usr/lib/i386-linux-gnu/libXi.so.6.1.0
a34ca000-a34cb000 r--p 0000e000 08:01 787638     /usr/lib/i386-linux-gnu/libXi.so.6.1.0
a34cb000-a34cc000 rw-p 0000f000 08:01 787638     /usr/lib/i386-linux-gnu/libXi.so.6.1.0
a34cc000-a35fc000 r-xp 00000000 08:01 787613     /usr/lib/i386-linux-gnu/libX11.so.6.3.0
a35fc000-a35fd000 r--p 00130000 08:01 787613     /usr/lib/i386-linux-gnu/libX11.so.6.3.0
a35fd000-a35ff000 rw-p 00131000 08:01 787613     /usr/lib/i386-linux-gnu/libX11.so.6.3.0
a35ff000-a3600000 rw-p 00000000 00:00 0 
a3600000-a364c000 r-xp 00000000 08:01 801945     /usr/local/java/jdk1.8.0_66/jre/lib/i386/libawt_xawt.so
a364c000-a364e000 rw-p 0004c000 08:01 801945     /usr/local/java/jdk1.8.0_66/jre/lib/i386/libawt_xawt.so
a364e000-a364f000 rw-p 00000000 00:00 0 
a364f000-a36d5000 r-xp 00000000 08:01 801929     /usr/local/java/jdk1.8.0_66/jre/lib/i386/libawt.so
a36d5000-a36dc000 rw-p 00086000 08:01 801929     /usr/local/java/jdk1.8.0_66/jre/lib/i386/libawt.so
a36dc000-a3700000 rw-p 00000000 00:00 0 
a3700000-a37fe000 rw-p 00000000 00:00 0 
a37fe000-a3800000 ---p 00000000 00:00 0 
a3800000-a3801000 r--s 00000000 08:01 312802     /var/cache/fontconfig/b9d506c9ac06c20b433354fa67a72993-le32d4.cache-4
a3801000-a3806000 r-xp 00000000 08:01 787658     /usr/lib/i386-linux-gnu/libXtst.so.6.1.0
a3806000-a3807000 r--p 00004000 08:01 787658     /usr/lib/i386-linux-gnu/libXtst.so.6.1.0
a3807000-a3808000 rw-p 00005000 08:01 787658     /usr/lib/i386-linux-gnu/libXtst.so.6.1.0
a3808000-a3811000 r-xp 00000000 08:01 787652     /usr/lib/i386-linux-gnu/libXrender.so.1.3.0
a3811000-a3812000 r--p 00008000 08:01 787652     /usr/lib/i386-linux-gnu/libXrender.so.1.3.0
a3812000-a3813000 rw-p 00009000 08:01 787652     /usr/lib/i386-linux-gnu/libXrender.so.1.3.0
a3813000-a3824000 r-xp 00000000 08:01 787630     /usr/lib/i386-linux-gnu/libXext.so.6.4.0
a3824000-a3825000 r--p 00010000 08:01 787630     /usr/lib/i386-linux-gnu/libXext.so.6.4.0
a3825000-a3826000 rw-p 00011000 08:01 787630     /usr/lib/i386-linux-gnu/libXext.so.6.4.0
a3826000-a3827000 r--s 00000000 08:01 312779     /var/cache/fontconfig/0c9eb80ebd1c36541ebe2852d3bb0c49-le32d4.cache-4
a3827000-a382a000 r--s 00000000 08:01 260617     /var/cache/fontconfig/7ef2298fde41cc6eeb7af42e48b7d293-le32d4.cache-4
a382a000-a382e000 r-xp 00000000 08:01 787632     /usr/lib/i386-linux-gnu/libXfixes.so.3.1.0
a382e000-a382f000 r--p 00003000 08:01 787632     /usr/lib/i386-linux-gnu/libXfixes.so.3.1.0
a382f000-a3830000 rw-p 00004000 08:01 787632     /usr/lib/i386-linux-gnu/libXfixes.so.3.1.0
a3830000-a3837000 r--s 00000000 08:01 914223     /usr/lib/i386-linux-gnu/gconv/gconv-modules.cache
a3837000-a384c000 r-xp 00000000 08:01 801920     /usr/local/java/jdk1.8.0_66/jre/lib/i386/libnet.so
a384c000-a384d000 rw-p 00015000 08:01 801920     /usr/local/java/jdk1.8.0_66/jre/lib/i386/libnet.so
a384d000-a3850000 ---p 00000000 00:00 0 
a3850000-a389e000 rw-p 00000000 00:00 0          [stack:3378]
a389e000-a389f000 r-xp 00000000 08:01 935613     /home/gaems-dev/Documentos/idea-IC-141.2735.5/bin/libbreakgen.so
a389f000-a38a0000 rw-p 00000000 08:01 935613     /home/gaems-dev/Documentos/idea-IC-141.2735.5/bin/libbreakgen.so
a38a0000-a38a2000 r--s 00016000 08:01 933876     /home/gaems-dev/Documentos/idea-IC-141.2735.5/lib/idea_rt.jar
a38a2000-a38a3000 r--s 00002000 08:01 939068     /home/gaems-dev/.gradle/caches/modules-2/files-2.1/net.java.jinput/jinput-platform/2.0.5/53f9c919f34d2ca9de8c51fc4e1e8282029a9232/jinput-platform-2.0.5-natives-osx.jar
a38a3000-a38a4000 r--s 00025000 08:01 939067     /home/gaems-dev/.gradle/caches/modules-2/files-2.1/net.java.jinput/jinput-platform/2.0.5/385ee093e01f587f30ee1c8a2ee7d408fd732e16/jinput-platform-2.0.5-natives-windows.jar
a38a4000-a38a5000 r--s 00002000 08:01 939066     /home/gaems-dev/.gradle/caches/modules-2/files-2.1/net.java.jinput/jinput-platform/2.0.5/7ff832a6eb9ab6a767f1ade2b548092d0fa64795/jinput-platform-2.0.5-natives-linux.jar
a38a5000-a38a6000 r--s 00001000 08:01 939065     /home/gaems-dev/.gradle/caches/modules-2/files-2.1/net.java.jutils/jutils/1.0.0/e12fe1fda814bd348c1579329c86943d2cd3c6a6/jutils-1.0.0.jar
a38a6000-a38aa000 r--s 0002f000 08:01 939064     /home/gaems-dev/.gradle/caches/modules-2/files-2.1/net.java.jinput/jinput/2.0.5/39c7796b469a600f72380316f6b1f11db6c2c7c4/jinput-2.0.5.jar
a38aa000-a38ab000 r--s 00068000 08:01 939063     /home/gaems-dev/.gradle/caches/modules-2/files-2.1/org.lwjgl.lwjgl/lwjgl-platform/2.9.2/d55b46b40b40249d627a83a7f7f22649709d70c3/lwjgl-platform-2.9.2-natives-osx.jar
a38ab000-a38ac000 r--s 0008d000 08:01 939062     /home/gaems-dev/.gradle/caches/modules-2/files-2.1/org.lwjgl.lwjgl/lwjgl-platform/2.9.2/d276cdf61fe2b516c7b7f4aa1b8dea91dbdc8d56/lwjgl-platform-2.9.2-natives-linux.jar
a38ac000-a38ad000 r--s 00095000 08:01 939061     /home/gaems-dev/.gradle/caches/modules-2/files-2.1/org.lwjgl.lwjgl/lwjgl-platform/2.9.2/510c7d317f5e9e700b9cfaac5fd38bdebf0702e0/lwjgl-platform-2.9.2-natives-windows.jar
a38ad000-a38af000 r--s 00004000 08:01 939060     /home/gaems-dev/.gradle/caches/modules-2/files-2.1/com.badlogicgames.gdx/gdx-backend-headless/1.7.0/7b1f71a02052b65e958154017b353f9f0d7bd2c9/gdx-backend-headless-1.7.0.jar
a38af000-a38b1000 r--s 00017000 08:01 939059     /home/gaems-dev/.gradle/caches/modules-2/files-2.1/org.jcraft/jorbis/0.0.17/8872d22b293e8f5d7d56ff92be966e6dc28ebdc6/jorbis-0.0.17.jar
a38b1000-a38b5000 r--s 00027000 08:01 939057     /home/gaems-dev/.gradle/caches/modules-2/files-2.1/org.lwjgl.lwjgl/lwjgl_util/2.9.2/4b9e37300a87799856e0bd15ed81663cdb6b0947/lwjgl_util-2.9.2.jar
a38b5000-a38c3000 r--s 000f2000 08:01 939056     /home/gaems-dev/.gradle/caches/modules-2/files-2.1/org.lwjgl.lwjgl/lwjgl/2.9.2/a9d80fe5935c7a9149f6584d9777cfd471f65489/lwjgl-2.9.2.jar
a38c3000-a38ce000 r--s 0009b000 08:01 939055     /home/gaems-dev/.gradle/caches/modules-2/files-2.1/com.badlogicgames.gdx/gdx-tools/1.7.0/69a24e941d97c80b322f3190fca6f4e83ecfcf5d/gdx-tools-1.7.0.jar
a38ce000-a38d1000 r--s 00020000 08:01 939050     /home/gaems-dev/.gradle/caches/modules-2/files-2.1/com.badlogicgames.gdx/gdx-backend-lwjgl/1.7.0/13f5f237bce7d67614fcf99e97862c5772702e7/gdx-backend-lwjgl-1.7.0.jar
a38d1000-a38ec000 r--s 001fe000 08:01 801993     /usr/local/java/jdk1.8.0_66/jre/lib/deploy.jar
a38ec000-a38ed000 ---p 00000000 00:00 0 
a38ed000-a396d000 rw-p 00000000 00:00 0          [stack:3377]
a396d000-a3970000 ---p 00000000 00:00 0 
a3970000-a39be000 rw-p 00000000 00:00 0          [stack:3376]
a39be000-a39c1000 ---p 00000000 00:00 0 
a39c1000-a3a3f000 rw-p 00000000 00:00 0          [stack:3375]
a3a3f000-a3a42000 ---p 00000000 00:00 0 
a3a42000-a3a90000 rw-p 00000000 00:00 0          [stack:3374]
a3a90000-a3bc1000 r--p 0059d000 08:01 788757     /usr/lib/locale/locale-archive
a3bc1000-a3c00000 r--p 00277000 08:01 788757     /usr/lib/locale/locale-archive
a3c00000-a3e00000 r--p 00000000 08:01 788757     /usr/lib/locale/locale-archive
a3e00000-a3eff000 rw-p 00000000 00:00 0 
a3eff000-a3f00000 ---p 00000000 00:00 0 
a3f00000-a3f1a000 r--s 0019c000 08:01 939010     /home/gaems-dev/.gradle/caches/modules-2/files-2.1/com.badlogicgames.gdx/gdx/1.7.0/1b08c96132448b5ab9c0cc8dea3e985dcf0166fd/gdx-1.7.0.jar
a3f1a000-a3f24000 r--s 0006b000 08:01 801992     /usr/local/java/jdk1.8.0_66/jre/lib/javaws.jar
a3f24000-a3f37000 r--s 000d5000 08:01 801788     /usr/local/java/jdk1.8.0_66/jre/lib/plugin.jar
a3f37000-a3f3a000 ---p 00000000 00:00 0 
a3f3a000-a3f88000 rw-p 00000000 00:00 0          [stack:3373]
a3f88000-a3f8b000 ---p 00000000 00:00 0 
a3f8b000-a3fd9000 rw-p 00000000 00:00 0          [stack:3372]
a3fd9000-a3fda000 ---p 00000000 00:00 0 
a3fda000-a40a9000 rw-p 00000000 00:00 0          [stack:3371]
a40a9000-a4282000 r--s 03d20000 08:01 801896     /usr/local/java/jdk1.8.0_66/jre/lib/rt.jar
a4282000-a4723000 rw-p 00000000 00:00 0 
a4723000-a4729000 ---p 00000000 00:00 0 
a4729000-a472f000 rw-p 00000000 00:00 0 
a472f000-a477f000 ---p 00000000 00:00 0 
a477f000-a4782000 rw-p 00000000 00:00 0 
a4782000-a47a9000 ---p 00000000 00:00 0 
a47a9000-a47af000 rw-p 00000000 00:00 0 
a47af000-a47ff000 ---p 00000000 00:00 0 
a47ff000-a4d60000 rw-p 00000000 00:00 0 
a4d60000-a9d50000 ---p 00000000 00:00 0 
a9d50000-aa800000 rw-p 00000000 00:00 0 
aa800000-b4800000 ---p 00000000 00:00 0 
b4800000-b4801000 r--s 00015000 08:01 939058     /home/gaems-dev/.gradle/caches/modules-2/files-2.1/com.badlogicgames.jlayer/jlayer/1.0.1-gdx/7cca83cec5c1b2f011362f4d85aabd71a73b049d/jlayer-1.0.1-gdx.jar
b4801000-b4803000 r--s 00010000 08:01 939006     /home/gaems-dev/.gradle/caches/modules-2/files-2.1/com.badlogicgames.gdx/gdx-box2d/1.7.0/a560f1f94b939f2b5ccd4eec752797c3ea6e1c92/gdx-box2d-1.7.0.jar
b4803000-b4808000 r--s 00083000 08:01 801990     /usr/local/java/jdk1.8.0_66/jre/lib/jfr.jar
b4808000-b481a000 r--s 00345000 08:01 801787     /usr/local/java/jdk1.8.0_66/jre/lib/resources.jar
b481a000-b4829000 rw-p 00000000 00:00 0 
b4829000-b489a000 ---p 00000000 00:00 0 
b489a000-b4c4a000 rwxp 00000000 00:00 0 
b4c4a000-b689a000 ---p 00000000 00:00 0 
b689a000-b68b3000 r-xp 00000000 08:01 801983     /usr/local/java/jdk1.8.0_66/jre/lib/i386/libzip.so
b68b3000-b68b4000 rw-p 00019000 08:01 801983     /usr/local/java/jdk1.8.0_66/jre/lib/i386/libzip.so
b68b4000-b68bf000 r-xp 00000000 08:01 652717     /lib/i386-linux-gnu/libnss_files-2.19.so
b68bf000-b68c0000 r--p 0000a000 08:01 652717     /lib/i386-linux-gnu/libnss_files-2.19.so
b68c0000-b68c1000 rw-p 0000b000 08:01 652717     /lib/i386-linux-gnu/libnss_files-2.19.so
b68c1000-b68cb000 r-xp 00000000 08:01 652727     /lib/i386-linux-gnu/libnss_nis-2.19.so
b68cb000-b68cc000 r--p 00009000 08:01 652727     /lib/i386-linux-gnu/libnss_nis-2.19.so
b68cc000-b68cd000 rw-p 0000a000 08:01 652727     /lib/i386-linux-gnu/libnss_nis-2.19.so
b68cd000-b68e2000 r-xp 00000000 08:01 652711     /lib/i386-linux-gnu/libnsl-2.19.so
b68e2000-b68e3000 r--p 00015000 08:01 652711     /lib/i386-linux-gnu/libnsl-2.19.so
b68e3000-b68e4000 rw-p 00016000 08:01 652711     /lib/i386-linux-gnu/libnsl-2.19.so
b68e4000-b68e6000 rw-p 00000000 00:00 0 
b68e6000-b68ed000 r-xp 00000000 08:01 652713     /lib/i386-linux-gnu/libnss_compat-2.19.so
b68ed000-b68ee000 r--p 00006000 08:01 652713     /lib/i386-linux-gnu/libnss_compat-2.19.so
b68ee000-b68ef000 rw-p 00007000 08:01 652713     /lib/i386-linux-gnu/libnss_compat-2.19.so
b68ef000-b68f0000 r--s 000fa000 08:01 939052     /home/gaems-dev/.gradle/caches/modules-2/files-2.1/com.badlogicgames.gdx/gdx-box2d-platform/1.7.0/a77511493047b3fcdca271976390ecb491ac602c/gdx-box2d-platform-1.7.0-natives-desktop.jar
b68f0000-b68f2000 r--s 00007000 08:01 801913     /usr/local/java/jdk1.8.0_66/jre/lib/jfxswt.jar
b68f2000-b68f7000 r--s 00096000 08:01 801800     /usr/local/java/jdk1.8.0_66/jre/lib/jsse.jar
b68f7000-b68fd000 r--s 002f8000 08:01 801789     /usr/local/java/jdk1.8.0_66/jre/lib/charsets.jar
b68fd000-b6900000 r--s 0001a000 08:01 801762     /usr/local/java/jdk1.8.0_66/jre/lib/jce.jar
b6900000-b69f9000 rw-p 00000000 00:00 0 
b69f9000-b6a00000 ---p 00000000 00:00 0 
b6a00000-b6a08000 rw-s 00000000 08:01 685738     /tmp/hsperfdata_gaems-dev/3369
b6a08000-b6a2c000 r-xp 00000000 08:01 801979     /usr/local/java/jdk1.8.0_66/jre/lib/i386/libjava.so
b6a2c000-b6a2d000 rw-p 00023000 08:01 801979     /usr/local/java/jdk1.8.0_66/jre/lib/i386/libjava.so
b6a2d000-b6a34000 r-xp 00000000 08:01 652770     /lib/i386-linux-gnu/librt-2.19.so
b6a34000-b6a35000 r--p 00006000 08:01 652770     /lib/i386-linux-gnu/librt-2.19.so
b6a35000-b6a36000 rw-p 00007000 08:01 652770     /lib/i386-linux-gnu/librt-2.19.so
b6a36000-b6a39000 ---p 00000000 00:00 0 
b6a39000-b6a87000 rw-p 00000000 00:00 0          [stack:3370]
b6a87000-b6acb000 r-xp 00000000 08:01 652692     /lib/i386-linux-gnu/libm-2.19.so
b6acb000-b6acc000 r--p 00043000 08:01 652692     /lib/i386-linux-gnu/libm-2.19.so
b6acc000-b6acd000 rw-p 00044000 08:01 652692     /lib/i386-linux-gnu/libm-2.19.so
b6acd000-b711d000 r-xp 00000000 08:01 801923     /usr/local/java/jdk1.8.0_66/jre/lib/i386/client/libjvm.so
b711d000-b7143000 rw-p 00650000 08:01 801923     /usr/local/java/jdk1.8.0_66/jre/lib/i386/client/libjvm.so
b7143000-b7566000 rw-p 00000000 00:00 0 
b7566000-b770e000 r-xp 00000000 08:01 652642     /lib/i386-linux-gnu/libc-2.19.so
b770e000-b7710000 r--p 001a8000 08:01 652642     /lib/i386-linux-gnu/libc-2.19.so
b7710000-b7711000 rw-p 001aa000 08:01 652642     /lib/i386-linux-gnu/libc-2.19.so
b7711000-b7714000 rw-p 00000000 00:00 0 
b7714000-b7717000 r-xp 00000000 08:01 652659     /lib/i386-linux-gnu/libdl-2.19.so
b7717000-b7718000 r--p 00002000 08:01 652659     /lib/i386-linux-gnu/libdl-2.19.so
b7718000-b7719000 rw-p 00003000 08:01 652659     /lib/i386-linux-gnu/libdl-2.19.so
b7719000-b772d000 r-xp 00000000 08:01 786397     /usr/local/java/jdk1.8.0_66/lib/i386/jli/libjli.so
b772d000-b772e000 rw-p 00014000 08:01 786397     /usr/local/java/jdk1.8.0_66/lib/i386/jli/libjli.so
b772e000-b772f000 rw-p 00000000 00:00 0 
b772f000-b7747000 r-xp 00000000 08:01 652762     /lib/i386-linux-gnu/libpthread-2.19.so
b7747000-b7748000 r--p 00018000 08:01 652762     /lib/i386-linux-gnu/libpthread-2.19.so
b7748000-b7749000 rw-p 00019000 08:01 652762     /lib/i386-linux-gnu/libpthread-2.19.so
b7749000-b774b000 rw-p 00000000 00:00 0 
b774b000-b774c000 r--s 000ce000 08:01 939051     /home/gaems-dev/.gradle/caches/modules-2/files-2.1/com.badlogicgames.gdx/gdx-platform/1.7.0/4c87367b8480e183e6ad5938d3b536005c7fc82/gdx-platform-1.7.0-natives-desktop.jar
b774c000-b774d000 r--s 00000000 08:01 801801     /usr/local/java/jdk1.8.0_66/jre/lib/management-agent.jar
b774d000-b774e000 r--p 00806000 08:01 788757     /usr/lib/locale/locale-archive
b774e000-b774f000 rw-p 00000000 00:00 0 
b774f000-b7750000 r--p 00000000 00:00 0 
b7750000-b775b000 r-xp 00000000 08:01 801930     /usr/local/java/jdk1.8.0_66/jre/lib/i386/libverify.so
b775b000-b775c000 rw-p 0000b000 08:01 801930     /usr/local/java/jdk1.8.0_66/jre/lib/i386/libverify.so
b775c000-b775e000 rw-p 00000000 00:00 0 
b775e000-b7760000 r--p 00000000 00:00 0          [vvar]
b7760000-b7762000 r-xp 00000000 00:00 0          [vdso]
b7762000-b7782000 r-xp 00000000 08:01 652618     /lib/i386-linux-gnu/ld-2.19.so
b7782000-b7783000 r--p 0001f000 08:01 652618     /lib/i386-linux-gnu/ld-2.19.so
b7783000-b7784000 rw-p 00020000 08:01 652618     /lib/i386-linux-gnu/ld-2.19.so
bfaf4000-bfaf5000 rwxp 00000000 00:00 0 
bfb26000-bfb48000 rw-p 00000000 00:00 0          [stack]

VM Arguments:
jvm_args: -Didea.launcher.port=7536 -Didea.launcher.bin.path=/home/gaems-dev/Documentos/idea-IC-141.2735.5/bin -Dfile.encoding=UTF-8 
java_command: com.intellij.rt.execution.application.AppMain com.badlogic.gdx.tools.particleeditor.ParticleEditor
java_class_path (initial): /usr/local/java/jdk1.8.0_66/jre/lib/jce.jar:/usr/local/java/jdk1.8.0_66/jre/lib/resources.jar:/usr/local/java/jdk1.8.0_66/jre/lib/plugin.jar:/usr/local/java/jdk1.8.0_66/jre/lib/charsets.jar:/usr/local/java/jdk1.8.0_66/jre/lib/jsse.jar:/usr/local/java/jdk1.8.0_66/jre/lib/management-agent.jar:/usr/local/java/jdk1.8.0_66/jre/lib/rt.jar:/usr/local/java/jdk1.8.0_66/jre/lib/jfxswt.jar:/usr/local/java/jdk1.8.0_66/jre/lib/jfr.jar:/usr/local/java/jdk1.8.0_66/jre/lib/javaws.jar:/usr/local/java/jdk1.8.0_66/jre/lib/deploy.jar:/usr/local/java/jdk1.8.0_66/jre/lib/ext/sunjce_provider.jar:/usr/local/java/jdk1.8.0_66/jre/lib/ext/sunec.jar:/usr/local/java/jdk1.8.0_66/jre/lib/ext/nashorn.jar:/usr/local/java/jdk1.8.0_66/jre/lib/ext/cldrdata.jar:/usr/local/java/jdk1.8.0_66/jre/lib/ext/sunpkcs11.jar:/usr/local/java/jdk1.8.0_66/jre/lib/ext/jfxrt.jar:/usr/local/java/jdk1.8.0_66/jre/lib/ext/jaccess.jar:/usr/local/java/jdk1.8.0_66/jre/lib/ext/dnsns.jar:/usr/local/java/jdk1.8.0_66/jre/lib/ext/localedata.jar:/usr/local/java/jdk1.8.0_66/jre/lib/ext/zipfs.jar:/home/gaems-dev/Documentos/workspace/spacegame/desktop/build/classes/main:/home/gaems-dev/Documentos/workspace/spacegame/desktop/build/resources/main:/home/gaems-dev/Documentos/workspace/spacegame/core/build/classes/main:/home/gaems-dev/Documentos/workspace/spacegame/core/build/resources/main:/home/gaems-dev/.gradle/caches/modules-2/files-2.1/com.badlogicgames.gdx/gdx/1.7.0/1b08c96132448b5ab9c0cc8dea3e985dcf0166fd/gdx-1.7.0.jar:/home/gaems-dev/.gradle/caches/modules-2/files-2.1/com.badlogicgames.gdx/gdx-box2d/1.7.0/a560f1f94b939f2b5ccd4eec752797c3ea6e1c92/gdx-box2d-1.7.0.jar:/home/gaems-dev/.gradle/caches/modules-2/files-2.1/com.badlogicgames.gdx/gdx-backend-lwjgl/1.7.0/13f5f237bce7d67614fcf99e97862c5772702e7/gdx-backend-lwjgl-1.7.0.jar:/home/gaems-dev/.gradle/caches/modules-2/files-2.1/com.badlogicgames.gdx/gdx-platform/1.7.0/4c87367b8480e183e6ad5938d3b536005c7fc82/gdx-platform-1.7.0-natives-desktop.jar:/home/g
Launcher Type: SUN_STANDARD

Environment Variables:
JAVA_HOME=/usr/local/java/jdk1.8.0_66
PATH=/usr/local/sbin:/usr/local/bin:/usr/sbin:/usr/bin:/sbin:/bin:/usr/games:/usr/local/games:/home/gaems-dev/bin:/usr/local/java/jdk1.8.0_66/bin:/usr/local/android/android-sdk-linux/tools:/usr/local/android/android-sdk-linux/platform-tools
LD_LIBRARY_PATH=/home/gaems-dev/Documentos/idea-IC-141.2735.5/bin:
SHELL=/bin/bash
DISPLAY=:0.0

Signal Handlers:
SIGSEGV: [libjvm.so+0x5b7c70], sa_mask[0]=11111111011111111101111111111110, sa_flags=SA_RESTART|SA_SIGINFO
SIGBUS: [libjvm.so+0x5b7c70], sa_mask[0]=11111111011111111101111111111110, sa_flags=SA_RESTART|SA_SIGINFO
SIGFPE: [libjvm.so+0x498670], sa_mask[0]=11111111011111111101111111111110, sa_flags=SA_RESTART|SA_SIGINFO
SIGPIPE: SIG_IGN, sa_mask[0]=00000000000010000000000000000000, sa_flags=SA_RESTART
SIGXFSZ: [libjvm.so+0x498670], sa_mask[0]=11111111011111111101111111111110, sa_flags=SA_RESTART|SA_SIGINFO
SIGILL: [libjvm.so+0x498670], sa_mask[0]=11111111011111111101111111111110, sa_flags=SA_RESTART|SA_SIGINFO
SIGUSR1: SIG_DFL, sa_mask[0]=00000000000000000000000000000000, sa_flags=none
SIGUSR2: [libjvm.so+0x499cf0], sa_mask[0]=00100000000000000000000000000000, sa_flags=SA_RESTART|SA_SIGINFO
SIGHUP: [libjvm.so+0x49b1a0], sa_mask[0]=11111111011111111101111111111110, sa_flags=SA_RESTART|SA_SIGINFO
SIGINT: [vboxvideo_dri.so+0x31a40], sa_mask[0]=01000000000000000000000000000000, sa_flags=SA_RESTART
SIGTERM: [vboxvideo_dri.so+0x31a40], sa_mask[0]=00000000000000100000000000000000, sa_flags=SA_RESTART
SIGQUIT: [libjvm.so+0x49b1a0], sa_mask[0]=11111111011111111101111111111110, sa_flags=SA_RESTART|SA_SIGINFO


---------------  S Y S T E M  ---------------

OS:DISTRIB_ID=Ubuntu
DISTRIB_RELEASE=14.04
DISTRIB_CODENAME=trusty
DISTRIB_DESCRIPTION="Ubuntu 14.04.3 LTS"

uname:Linux 3.19.0-33-generic #38~14.04.1-Ubuntu SMP Fri Nov 6 18:17:49 UTC 2015 i686
libc:glibc 2.19 NPTL 2.19 
rlimit: STACK 8192k, CORE 0k, NPROC 11774, NOFILE 4096, AS infinity
load average:0,45 0,99 0,79

/proc/meminfo:
MemTotal:        1527032 kB
MemFree:          117536 kB
MemAvailable:     445976 kB
Buffers:           31156 kB
Cached:           412816 kB
SwapCached:         1956 kB
Active:           693000 kB
Inactive:         656324 kB
Active(anon):     468724 kB
Inactive(anon):   439868 kB
Active(file):     224276 kB
Inactive(file):   216456 kB
Unevictable:           0 kB
Mlocked:               0 kB
HighTotal:        641992 kB
HighFree:          19676 kB
LowTotal:         885040 kB
LowFree:           97860 kB
SwapTotal:       1553404 kB
SwapFree:        1542796 kB
Dirty:               164 kB
Writeback:             0 kB
AnonPages:        904080 kB
Mapped:           166092 kB
Shmem:              3224 kB
Slab:              39880 kB
SReclaimable:      29492 kB
SUnreclaim:        10388 kB
KernelStack:        2880 kB
PageTables:         7608 kB
NFS_Unstable:          0 kB
Bounce:                0 kB
WritebackTmp:          0 kB
CommitLimit:     2316920 kB
Committed_AS:    2205252 kB
VmallocTotal:     122880 kB
VmallocUsed:       25568 kB
VmallocChunk:      94860 kB
AnonHugePages:    442368 kB
CmaTotal:              0 kB
CmaFree:               0 kB
HugePages_Total:       0
HugePages_Free:        0
HugePages_Rsvd:        0
HugePages_Surp:        0
Hugepagesize:       2048 kB
DirectMap4k:       28664 kB
DirectMap2M:      884736 kB


CPU:total 1 (1 cores per cpu, 1 threads per core) family 6 model 42 stepping 7, cmov, cx8, fxsr, mmx, sse, sse2, sse3, ssse3, sse4.1, sse4.2, popcnt, avx, clmul, tsc, tscinvbit

/proc/cpuinfo:
processor	: 0
vendor_id	: GenuineIntel
cpu family	: 6
model		: 42
model name	: Intel(R) Core(TM) i5-2410M CPU @ 2.30GHz
stepping	: 7
cpu MHz		: 2330.000
cache size	: 3072 KB
physical id	: 0
siblings	: 1
core id		: 0
cpu cores	: 1
apicid		: 0
initial apicid	: 0
fdiv_bug	: no
f00f_bug	: no
coma_bug	: no
fpu		: yes
fpu_exception	: yes
cpuid level	: 13
wp		: yes
flags		: fpu vme de pse tsc msr pae mce cx8 apic sep mtrr pge mca cmov pat pse36 clflush mmx fxsr sse sse2 nx rdtscp constant_tsc xtopology nonstop_tsc pni pclmulqdq monitor ssse3 cx16 sse4_1 sse4_2 popcnt xsave avx hypervisor lahf_lm
bugs		:
bogomips	: 4660.00
clflush size	: 64
cache_alignment	: 64
address sizes	: 36 bits physical, 48 bits virtual
power management:



Memory: 4k page, physical 1527032k(117536k free), swap 1553404k(1542796k free)

vm_info: Java HotSpot(TM) Client VM (25.66-b17) for linux-x86 JRE (1.8.0_66-b17), built on Oct  6 2015 18:10:30 by "java_re" with gcc 4.3.0 20080428 (Red Hat 4.3.0-8)

time: Thu Nov 26 11:48:39 2015
elapsed time: 218 seconds (0d 0h 3m 38s)

