#
# A fatal error has been detected by the Java Runtime Environment:
#
#  SIGSEGV (0xb) at pc=0x9d9b8ce8, pid=6032, tid=2733845312
#
# JRE version: Java(TM) SE Runtime Environment (8.0_66-b17) (build 1.8.0_66-b17)
# Java VM: Java HotSpot(TM) Client VM (25.66-b17 mixed mode linux-x86 )
# Problematic frame:
# C  [vboxvideo_dri.so+0x32ce8]  stubUpdateWindowVisibileRegions+0x58
#
# Failed to write core dump. Core dumps have been disabled. To enable core dumping, try "ulimit -c unlimited" before starting Java again
#
# If you would like to submit a bug report, please visit:
#   http://bugreport.java.com/bugreport/crash.jsp
# The crash happened outside the Java Virtual Machine in native code.
# See problematic frame for where to report the bug.
#

---------------  T H R E A D  ---------------

Current thread (0xa337b400):  JavaThread "AWT-EventQueue-0" [_thread_in_native, id=6047, stack(0xa2ee2000,0xa2f33000)]

siginfo: si_signo: 11 (SIGSEGV), si_code: 1 (SEGV_MAPERR), si_addr: 0x00000410

Registers:
EAX=0x00000000, EBX=0x9da75344, ECX=0x99ab7180, EDX=0x00000000
ESP=0xa2f311a8, EBP=0xa2f311d8, ESI=0x00000000, EDI=0x00000000
EIP=0x9d9b8ce8, EFLAGS=0x00210246, CR2=0x00000410

Top of Stack: (sp=0xa2f311a8)
0xa2f311a8:   a337b400 9d9b89b6 a2f31208 a37b5264
0xa2f311b8:   0000000e 00000000 00000000 00000000
0xa2f311c8:   9d9b8c9b 9da75344 00000000 00000000
0xa2f311d8:   a2f31208 9d9b73cd 00000000 00000000
0xa2f311e8:   a2f31208 9d9073dc 9da7daec a337b400
0xa2f311f8:   01001238 9da75344 9da7c3c0 9dd60db8
0xa2f31208:   a2f31238 9d9b7530 00000000 00000001
0xa2f31218:   a2f31238 9d9b74da a362fbf0 00000001 

Instructions: (pc=0x9d9b8ce8)
0x9d9b8cc8:   00 00 83 c4 10 85 c0 0f 84 63 01 00 00 83 ec 0c
0x9d9b8cd8:   8b 45 08 50 e8 cf cc ff ff 5f 89 c6 58 8b 45 08
0x9d9b8ce8:   8b 88 10 04 00 00 51 56 e8 4b c9 ff ff 83 c4 0c
0x9d9b8cf8:   89 c7 8d 45 f0 50 57 56 e8 db e2 ff ff 89 45 ec 

Register to memory mapping:

EAX=0x00000000 is an unknown value
EBX=0x9da75344: _GLOBAL_OFFSET_TABLE_+0 in /usr/lib/i386-linux-gnu/dri/vboxvideo_dri.so at 0x9d986000
ECX=0x99ab7180 is an unknown value
EDX=0x00000000 is an unknown value
ESP=0xa2f311a8 is pointing into the stack for thread: 0xa337b400
EBP=0xa2f311d8 is pointing into the stack for thread: 0xa337b400
ESI=0x00000000 is an unknown value
EDI=0x00000000 is an unknown value


Stack: [0xa2ee2000,0xa2f33000],  sp=0xa2f311a8,  free space=316k
Native frames: (J=compiled Java code, j=interpreted, Vv=VM code, C=native code)
C  [vboxvideo_dri.so+0x32ce8]  stubUpdateWindowVisibileRegions+0x58
C  [vboxvideo_dri.so+0x313cd]
C  [vboxvideo_dri.so+0x31530]
C  [vboxvideo_dri.so+0x315b6]
C  [vboxvideo_dri.so+0x5f1c3]  cr_glClear+0x23
C  [liblwjgl.so+0x4d82f]  Java_org_lwjgl_opengl_GL11_nglClear+0xf
J 1372  org.lwjgl.opengl.GL11.nglClear(IJ)V (0 bytes) @ 0xb4b10ca0 [0xb4b10c10+0x90]
J 1121 C1 com.badlogic.gdx.tools.particleeditor.ParticleEditor$Renderer.render()V (781 bytes) @ 0xb4ac2872 [0xb4ac24a0+0x3d2]
J 1465 C1 com.badlogic.gdx.backends.lwjgl.LwjglCanvas$3.run()V (318 bytes) @ 0xb4b308cd [0xb4b30440+0x48d]
J 1198 C1 java.awt.event.InvocationEvent.dispatch()V (69 bytes) @ 0xb4ad96bc [0xb4ad95d0+0xec]
J 1024 C1 java.awt.EventQueue.dispatchEventImpl(Ljava/awt/AWTEvent;Ljava/lang/Object;)V (149 bytes) @ 0xb4aa5492 [0xb4aa4ff0+0x4a2]
J 1021 C1 java.awt.EventQueue$3.run()Ljava/lang/Void; (60 bytes) @ 0xb4aa4717 [0xb4aa46c0+0x57]
J 1020 C1 java.awt.EventQueue$3.run()Ljava/lang/Object; (5 bytes) @ 0xb4aa44b0 [0xb4aa4490+0x20]
v  ~StubRoutines::call_stub
V  [libjvm.so+0x2f8c5f]  JavaCalls::call_helper(JavaValue*, methodHandle*, JavaCallArguments*, Thread*)+0x101f
V  [libjvm.so+0x496ab9]  os::os_exception_wrapper(void (*)(JavaValue*, methodHandle*, JavaCallArguments*, Thread*), JavaValue*, methodHandle*, JavaCallArguments*, Thread*)+0x19
V  [libjvm.so+0x2f722f]  JavaCalls::call(JavaValue*, methodHandle, JavaCallArguments*, Thread*)+0x2f
V  [libjvm.so+0x37dce0]  JVM_DoPrivileged+0x2a0
C  [libjava.so+0x9f4a]  Java_java_security_AccessController_doPrivileged__Ljava_security_PrivilegedAction_2Ljava_security_AccessControlContext_2+0x3a
J 908  java.security.AccessController.doPrivileged(Ljava/security/PrivilegedAction;Ljava/security/AccessControlContext;)Ljava/lang/Object; (0 bytes) @ 0xb4a7ad7c [0xb4a7acd0+0xac]
J 1017 C1 java.awt.EventQueue.dispatchEvent(Ljava/awt/AWTEvent;)V (80 bytes) @ 0xb4aa3280 [0xb4aa3080+0x200]
J 884 C1 java.awt.EventDispatchThread.pumpOneEventForFilters(I)V (295 bytes) @ 0xb4a708e4 [0xb4a70270+0x674]
J 2021% C1 java.awt.EventDispatchThread.pumpEventsForFilter(ILjava/awt/Conditional;Ljava/awt/EventFilter;)V (47 bytes) @ 0xb4c1d41f [0xb4c1d380+0x9f]
j  java.awt.EventDispatchThread.pumpEventsForHierarchy(ILjava/awt/Conditional;Ljava/awt/Component;)V+11
j  java.awt.EventDispatchThread.pumpEvents(ILjava/awt/Conditional;)V+4
j  java.awt.EventDispatchThread.pumpEvents(Ljava/awt/Conditional;)V+3
j  java.awt.EventDispatchThread.run()V+9
v  ~StubRoutines::call_stub
V  [libjvm.so+0x2f8c5f]  JavaCalls::call_helper(JavaValue*, methodHandle*, JavaCallArguments*, Thread*)+0x101f
V  [libjvm.so+0x496ab9]  os::os_exception_wrapper(void (*)(JavaValue*, methodHandle*, JavaCallArguments*, Thread*), JavaValue*, methodHandle*, JavaCallArguments*, Thread*)+0x19
V  [libjvm.so+0x2f906c]  JavaCalls::call_virtual(JavaValue*, KlassHandle, Symbol*, Symbol*, JavaCallArguments*, Thread*)+0x25c
V  [libjvm.so+0x2f94ab]  JavaCalls::call_virtual(JavaValue*, Handle, KlassHandle, Symbol*, Symbol*, Thread*)+0x4b
V  [libjvm.so+0x38bbe0]  thread_entry(JavaThread*, Thread*)+0x90
V  [libjvm.so+0x57aac9]  JavaThread::thread_main_inner()+0x109
V  [libjvm.so+0x57ac4b]  JavaThread::run()+0x14b
V  [libjvm.so+0x49dfd9]  java_start(Thread*)+0x119
C  [libpthread.so.0+0x6f70]  start_thread+0xd0
C  [libc.so.6+0xebbee]  clone+0x5e

Java frames: (J=compiled Java code, j=interpreted, Vv=VM code)
J 1372  org.lwjgl.opengl.GL11.nglClear(IJ)V (0 bytes) @ 0xb4b10c5c [0xb4b10c10+0x4c]
J 1121 C1 com.badlogic.gdx.tools.particleeditor.ParticleEditor$Renderer.render()V (781 bytes) @ 0xb4ac2872 [0xb4ac24a0+0x3d2]
J 1465 C1 com.badlogic.gdx.backends.lwjgl.LwjglCanvas$3.run()V (318 bytes) @ 0xb4b308cd [0xb4b30440+0x48d]
J 1198 C1 java.awt.event.InvocationEvent.dispatch()V (69 bytes) @ 0xb4ad96bc [0xb4ad95d0+0xec]
J 1024 C1 java.awt.EventQueue.dispatchEventImpl(Ljava/awt/AWTEvent;Ljava/lang/Object;)V (149 bytes) @ 0xb4aa5492 [0xb4aa4ff0+0x4a2]
J 1021 C1 java.awt.EventQueue$3.run()Ljava/lang/Void; (60 bytes) @ 0xb4aa4717 [0xb4aa46c0+0x57]
J 1020 C1 java.awt.EventQueue$3.run()Ljava/lang/Object; (5 bytes) @ 0xb4aa44b0 [0xb4aa4490+0x20]
v  ~StubRoutines::call_stub
J 908  java.security.AccessController.doPrivileged(Ljava/security/PrivilegedAction;Ljava/security/AccessControlContext;)Ljava/lang/Object; (0 bytes) @ 0xb4a7ad38 [0xb4a7acd0+0x68]
J 1017 C1 java.awt.EventQueue.dispatchEvent(Ljava/awt/AWTEvent;)V (80 bytes) @ 0xb4aa3280 [0xb4aa3080+0x200]
J 884 C1 java.awt.EventDispatchThread.pumpOneEventForFilters(I)V (295 bytes) @ 0xb4a708e4 [0xb4a70270+0x674]
J 2021% C1 java.awt.EventDispatchThread.pumpEventsForFilter(ILjava/awt/Conditional;Ljava/awt/EventFilter;)V (47 bytes) @ 0xb4c1d41f [0xb4c1d380+0x9f]
j  java.awt.EventDispatchThread.pumpEventsForHierarchy(ILjava/awt/Conditional;Ljava/awt/Component;)V+11
j  java.awt.EventDispatchThread.pumpEvents(ILjava/awt/Conditional;)V+4
j  java.awt.EventDispatchThread.pumpEvents(Ljava/awt/Conditional;)V+3
j  java.awt.EventDispatchThread.run()V+9
v  ~StubRoutines::call_stub

---------------  P R O C E S S  ---------------

Java Threads: ( => current thread )
  0x993b9800 JavaThread "TimerQueue" daemon [_thread_blocked, id=6058, stack(0x99407000,0x99458000)]
  0xb6909800 JavaThread "DestroyJavaVM" [_thread_blocked, id=6033, stack(0xb6a21000,0xb6a72000)]
=>0xa337b400 JavaThread "AWT-EventQueue-0" [_thread_in_native, id=6047, stack(0xa2ee2000,0xa2f33000)]
  0xa337a000 JavaThread "AWT-Shutdown" [_thread_blocked, id=6046, stack(0xa2f33000,0xa2f84000)]
  0xa3318400 JavaThread "AWT-XAWT" daemon [_thread_in_native, id=6045, stack(0xa30f5000,0xa3146000)]
  0xa3304400 JavaThread "Java2D Disposer" daemon [_thread_blocked, id=6044, stack(0xa3246000,0xa3297000)]
  0xa3787800 JavaThread "Monitor Ctrl-Break" daemon [_thread_in_native, id=6043, stack(0xa3838000,0xa3889000)]
  0xb6985400 JavaThread "Service Thread" daemon [_thread_blocked, id=6041, stack(0xa396d000,0xa39be000)]
  0xb6981c00 JavaThread "C1 CompilerThread0" daemon [_thread_blocked, id=6040, stack(0xa39be000,0xa3a3f000)]
  0xb6980400 JavaThread "Signal Dispatcher" daemon [_thread_blocked, id=6039, stack(0xa3a3f000,0xa3a90000)]
  0xb6964800 JavaThread "Finalizer" daemon [_thread_blocked, id=6038, stack(0xa3f37000,0xa3f88000)]
  0xb6962c00 JavaThread "Reference Handler" daemon [_thread_blocked, id=6037, stack(0xa3f88000,0xa3fd9000)]

Other Threads:
  0xb695fc00 VMThread [stack: 0xa3fd9000,0xa405a000] [id=6034]
  0xb6987400 WatcherThread [stack: 0xa38ec000,0xa396d000] [id=6042]

VM state:not at safepoint (normal execution)

VM Mutex/Monitor currently owned by a thread: None

Heap:
 def new generation   total 4992K, used 1447K [0xa4800000, 0xa4d60000, 0xa9d50000)
  eden space 4480K,  24% used [0xa4800000, 0xa49153c8, 0xa4c60000)
  from space 512K,  66% used [0xa4ce0000, 0xa4d34980, 0xa4d60000)
  to   space 512K,   0% used [0xa4c60000, 0xa4c60000, 0xa4ce0000)
 tenured generation   total 10944K, used 7299K [0xa9d50000, 0xaa800000, 0xb4800000)
   the space 10944K,  66% used [0xa9d50000, 0xaa470f80, 0xaa471000, 0xaa800000)
 Metaspace       used 12721K, capacity 12938K, committed 13056K, reserved 13616K

Card table byte_map: [0xa477f000,0xa4800000] byte_map_base: 0xa425b000

Polling page: 0xb773a000

CodeCache: size=32768Kb used=2901Kb max_used=3754Kb free=29866Kb
 bounds [0xb4886000, 0xb4c36000, 0xb6886000]
 total_blobs=1711 nmethods=1344 adapters=294
 compilation: enabled

Compilation events (10 events):
Event: 1247,252 Thread 0xb6981c00 5922             javax.swing.JRootPane::getDefaultButton (5 bytes)
Event: 1247,252 Thread 0xb6981c00 nmethod 5922 0xb4b096c8 code [0xb4b097c0, 0xb4b09840]
Event: 1247,252 Thread 0xb6981c00 5923   !         java.awt.Component::removeNotify (342 bytes)
Event: 1247,268 Thread 0xb6981c00 nmethod 5923 0xb49ba088 code [0xb49ba410, 0xb49bafd4]
Event: 1247,268 Thread 0xb6981c00 5924             java.awt.Toolkit::getEventQueue (7 bytes)
Event: 1247,268 Thread 0xb6981c00 nmethod 5924 0xb4b4c208 code [0xb4b4c360, 0xb4b4c5d0]
Event: 1247,292 Thread 0xb6981c00 5925             java.lang.Long::hashCode (8 bytes)
Event: 1247,298 Thread 0xb6981c00 nmethod 5925 0xb493cb48 code [0xb493cc40, 0xb493ccf0]
Event: 1247,298 Thread 0xb6981c00 5926             java.lang.Long::hashCode (8 bytes)
Event: 1247,298 Thread 0xb6981c00 nmethod 5926 0xb4aefc88 code [0xb4aefd80, 0xb4aefe20]

GC Heap History (10 events):
Event: 1127,764 GC heap before
{Heap before GC invocations=76 (full 1):
 def new generation   total 4992K, used 4570K [0xa4800000, 0xa4d60000, 0xa9d50000)
  eden space 4480K, 100% used [0xa4800000, 0xa4c60000, 0xa4c60000)
  from space 512K,  17% used [0xa4c60000, 0xa4c76858, 0xa4ce0000)
  to   space 512K,   0% used [0xa4ce0000, 0xa4ce0000, 0xa4d60000)
 tenured generation   total 10944K, used 7258K [0xa9d50000, 0xaa800000, 0xb4800000)
   the space 10944K,  66% used [0xa9d50000, 0xaa466808, 0xaa466a00, 0xaa800000)
 Metaspace       used 12699K, capacity 12938K, committed 13056K, reserved 13616K
Event: 1127,766 GC heap after
Heap after GC invocations=77 (full 1):
 def new generation   total 4992K, used 75K [0xa4800000, 0xa4d60000, 0xa9d50000)
  eden space 4480K,   0% used [0xa4800000, 0xa4800000, 0xa4c60000)
  from space 512K,  14% used [0xa4ce0000, 0xa4cf2cb8, 0xa4d60000)
  to   space 512K,   0% used [0xa4c60000, 0xa4c60000, 0xa4ce0000)
 tenured generation   total 10944K, used 7258K [0xa9d50000, 0xaa800000, 0xb4800000)
   the space 10944K,  66% used [0xa9d50000, 0xaa466808, 0xaa466a00, 0xaa800000)
 Metaspace       used 12699K, capacity 12938K, committed 13056K, reserved 13616K
}
Event: 1152,351 GC heap before
{Heap before GC invocations=77 (full 1):
 def new generation   total 4992K, used 4555K [0xa4800000, 0xa4d60000, 0xa9d50000)
  eden space 4480K, 100% used [0xa4800000, 0xa4c60000, 0xa4c60000)
  from space 512K,  14% used [0xa4ce0000, 0xa4cf2cb8, 0xa4d60000)
  to   space 512K,   0% used [0xa4c60000, 0xa4c60000, 0xa4ce0000)
 tenured generation   total 10944K, used 7258K [0xa9d50000, 0xaa800000, 0xb4800000)
   the space 10944K,  66% used [0xa9d50000, 0xaa466808, 0xaa466a00, 0xaa800000)
 Metaspace       used 12699K, capacity 12938K, committed 13056K, reserved 13616K
Event: 1152,353 GC heap after
Heap after GC invocations=78 (full 1):
 def new generation   total 4992K, used 62K [0xa4800000, 0xa4d60000, 0xa9d50000)
  eden space 4480K,   0% used [0xa4800000, 0xa4800000, 0xa4c60000)
  from space 512K,  12% used [0xa4c60000, 0xa4c6fbd8, 0xa4ce0000)
  to   space 512K,   0% used [0xa4ce0000, 0xa4ce0000, 0xa4d60000)
 tenured generation   total 10944K, used 7278K [0xa9d50000, 0xaa800000, 0xb4800000)
   the space 10944K,  66% used [0xa9d50000, 0xaa46bb88, 0xaa46bc00, 0xaa800000)
 Metaspace       used 12699K, capacity 12938K, committed 13056K, reserved 13616K
}
Event: 1186,298 GC heap before
{Heap before GC invocations=78 (full 1):
 def new generation   total 4992K, used 4542K [0xa4800000, 0xa4d60000, 0xa9d50000)
  eden space 4480K, 100% used [0xa4800000, 0xa4c60000, 0xa4c60000)
  from space 512K,  12% used [0xa4c60000, 0xa4c6fbd8, 0xa4ce0000)
  to   space 512K,   0% used [0xa4ce0000, 0xa4ce0000, 0xa4d60000)
 tenured generation   total 10944K, used 7278K [0xa9d50000, 0xaa800000, 0xb4800000)
   the space 10944K,  66% used [0xa9d50000, 0xaa46bb88, 0xaa46bc00, 0xaa800000)
 Metaspace       used 12699K, capacity 12938K, committed 13056K, reserved 13616K
Event: 1186,301 GC heap after
Heap after GC invocations=79 (full 1):
 def new generation   total 4992K, used 55K [0xa4800000, 0xa4d60000, 0xa9d50000)
  eden space 4480K,   0% used [0xa4800000, 0xa4800000, 0xa4c60000)
  from space 512K,  10% used [0xa4ce0000, 0xa4cede90, 0xa4d60000)
  to   space 512K,   0% used [0xa4c60000, 0xa4c60000, 0xa4ce0000)
 tenured generation   total 10944K, used 7284K [0xa9d50000, 0xaa800000, 0xb4800000)
   the space 10944K,  66% used [0xa9d50000, 0xaa46d1c0, 0xaa46d200, 0xaa800000)
 Metaspace       used 12699K, capacity 12938K, committed 13056K, reserved 13616K
}
Event: 1198,172 GC heap before
{Heap before GC invocations=79 (full 1):
 def new generation   total 4992K, used 4535K [0xa4800000, 0xa4d60000, 0xa9d50000)
  eden space 4480K, 100% used [0xa4800000, 0xa4c60000, 0xa4c60000)
  from space 512K,  10% used [0xa4ce0000, 0xa4cede90, 0xa4d60000)
  to   space 512K,   0% used [0xa4c60000, 0xa4c60000, 0xa4ce0000)
 tenured generation   total 10944K, used 7284K [0xa9d50000, 0xaa800000, 0xb4800000)
   the space 10944K,  66% used [0xa9d50000, 0xaa46d1c0, 0xaa46d200, 0xaa800000)
 Metaspace       used 12699K, capacity 12938K, committed 13056K, reserved 13616K
Event: 1198,177 GC heap after
Heap after GC invocations=80 (full 1):
 def new generation   total 4992K, used 146K [0xa4800000, 0xa4d60000, 0xa9d50000)
  eden space 4480K,   0% used [0xa4800000, 0xa4800000, 0xa4c60000)
  from space 512K,  28% used [0xa4c60000, 0xa4c84978, 0xa4ce0000)
  to   space 512K,   0% used [0xa4ce0000, 0xa4ce0000, 0xa4d60000)
 tenured generation   total 10944K, used 7293K [0xa9d50000, 0xaa800000, 0xb4800000)
   the space 10944K,  66% used [0xa9d50000, 0xaa46f480, 0xaa46f600, 0xaa800000)
 Metaspace       used 12699K, capacity 12938K, committed 13056K, reserved 13616K
}
Event: 1237,111 GC heap before
{Heap before GC invocations=80 (full 1):
 def new generation   total 4992K, used 4626K [0xa4800000, 0xa4d60000, 0xa9d50000)
  eden space 4480K, 100% used [0xa4800000, 0xa4c60000, 0xa4c60000)
  from space 512K,  28% used [0xa4c60000, 0xa4c84978, 0xa4ce0000)
  to   space 512K,   0% used [0xa4ce0000, 0xa4ce0000, 0xa4d60000)
 tenured generation   total 10944K, used 7293K [0xa9d50000, 0xaa800000, 0xb4800000)
   the space 10944K,  66% used [0xa9d50000, 0xaa46f480, 0xaa46f600, 0xaa800000)
 Metaspace       used 12719K, capacity 12938K, committed 13056K, reserved 13616K
Event: 1237,115 GC heap after
Heap after GC invocations=81 (full 1):
 def new generation   total 4992K, used 338K [0xa4800000, 0xa4d60000, 0xa9d50000)
  eden space 4480K,   0% used [0xa4800000, 0xa4800000, 0xa4c60000)
  from space 512K,  66% used [0xa4ce0000, 0xa4d34980, 0xa4d60000)
  to   space 512K,   0% used [0xa4c60000, 0xa4c60000, 0xa4ce0000)
 tenured generation   total 10944K, used 7299K [0xa9d50000, 0xaa800000, 0xb4800000)
   the space 10944K,  66% used [0xa9d50000, 0xaa470f80, 0xaa471000, 0xaa800000)
 Metaspace       used 12719K, capacity 12938K, committed 13056K, reserved 13616K
}

Deoptimization events (0 events):
No events

Internal exceptions (10 events):
Event: 800,504 Thread 0xa337b400 Exception <a 'java/lang/NoClassDefFoundError': org/lwjgl/opengl/LinuxDisplay> (0xa4800530) thrown at [/HUDSON/workspace/8-2-build-linux-i586/jdk8u66/4988/hotspot/src/share/vm/classfile/systemDictionary.cpp, line 208]
Event: 806,198 Thread 0xa337b400 Exception <a 'java/lang/UnsupportedOperationException': > (0xa49f43e0) thrown at [/HUDSON/workspace/8-2-build-linux-i586/jdk8u66/4988/hotspot/src/share/vm/prims/jni.cpp, line 735]
Event: 810,425 Thread 0xa3318400 Exception <a 'java/lang/NoClassDefFoundError': org/lwjgl/opengl/LinuxDisplay> (0xa4aa8980) thrown at [/HUDSON/workspace/8-2-build-linux-i586/jdk8u66/4988/hotspot/src/share/vm/classfile/systemDictionary.cpp, line 208]
Event: 810,425 Thread 0xa3318400 Exception <a 'java/lang/NoClassDefFoundError': org/lwjgl/opengl/LinuxDisplay> (0xa4aa8cd0) thrown at [/HUDSON/workspace/8-2-build-linux-i586/jdk8u66/4988/hotspot/src/share/vm/classfile/systemDictionary.cpp, line 208]
Event: 817,862 Thread 0xa3318400 Exception <a 'java/lang/NoClassDefFoundError': org/lwjgl/opengl/LinuxDisplay> (0xa48000a0) thrown at [/HUDSON/workspace/8-2-build-linux-i586/jdk8u66/4988/hotspot/src/share/vm/classfile/systemDictionary.cpp, line 208]
Event: 1198,425 Thread 0xa337b400 Exception <a 'java/lang/UnsupportedOperationException': > (0xa49205e0) thrown at [/HUDSON/workspace/8-2-build-linux-i586/jdk8u66/4988/hotspot/src/share/vm/prims/jni.cpp, line 735]
Event: 1207,454 Thread 0xa3318400 Exception <a 'java/lang/NoClassDefFoundError': org/lwjgl/opengl/LinuxDisplay> (0xa4a314d0) thrown at [/HUDSON/workspace/8-2-build-linux-i586/jdk8u66/4988/hotspot/src/share/vm/classfile/systemDictionary.cpp, line 208]
Event: 1207,454 Thread 0xa3318400 Exception <a 'java/lang/NoClassDefFoundError': org/lwjgl/opengl/LinuxDisplay> (0xa4a31868) thrown at [/HUDSON/workspace/8-2-build-linux-i586/jdk8u66/4988/hotspot/src/share/vm/classfile/systemDictionary.cpp, line 208]
Event: 1237,125 Thread 0xa3318400 Exception <a 'java/lang/NoClassDefFoundError': org/lwjgl/opengl/LinuxDisplay> (0xa4815a70) thrown at [/HUDSON/workspace/8-2-build-linux-i586/jdk8u66/4988/hotspot/src/share/vm/classfile/systemDictionary.cpp, line 208]
Event: 1244,014 Thread 0xa3318400 Exception <a 'java/lang/NoClassDefFoundError': org/lwjgl/opengl/LinuxDisplay> (0xa48865a0) thrown at [/HUDSON/workspace/8-2-build-linux-i586/jdk8u66/4988/hotspot/src/share/vm/classfile/systemDictionary.cpp, line 208]

Events (10 events):
Event: 1247,128 Thread 0xb6981c00 flushing nmethod 0xb49ebe48
Event: 1247,128 Thread 0xb6981c00 flushing nmethod 0xb4a05d48
Event: 1247,128 Thread 0xb6981c00 flushing nmethod 0xb4a1c1c8
Event: 1247,128 Thread 0xb6981c00 flushing nmethod 0xb4a1cec8
Event: 1247,128 Thread 0xb6981c00 flushing nmethod 0xb4a27708
Event: 1247,128 Thread 0xb6981c00 flushing nmethod 0xb4a278c8
Event: 1247,128 Thread 0xb6981c00 flushing nmethod 0xb4a27a88
Event: 1247,128 Thread 0xb6981c00 flushing nmethod 0xb4a2a448
Event: 1247,237 loading class com/badlogic/gdx/backends/lwjgl/LwjglCanvas$4
Event: 1247,237 loading class com/badlogic/gdx/backends/lwjgl/LwjglCanvas$4 done


Dynamic libraries:
08048000-08049000 r-xp 00000000 08:01 802224     /usr/local/java/jdk1.8.0_66/bin/java
08049000-0804a000 rw-p 00000000 08:01 802224     /usr/local/java/jdk1.8.0_66/bin/java
09bf6000-09fe7000 rw-p 00000000 00:00 0          [heap]
8657e000-8657f000 ---p 00000000 00:00 0 
8657f000-86d7f000 rw-p 00000000 00:00 0 
86d7f000-86d80000 ---p 00000000 00:00 0 
86d80000-87580000 rw-p 00000000 00:00 0 
87580000-87581000 ---p 00000000 00:00 0 
87581000-87d81000 rw-p 00000000 00:00 0 
87d81000-87d82000 ---p 00000000 00:00 0 
87d82000-88582000 rw-p 00000000 00:00 0          [stack:6102]
88582000-88583000 ---p 00000000 00:00 0 
88583000-88d83000 rw-p 00000000 00:00 0 
89584000-895e4000 rw-s 00000000 00:05 10518541   /SYSV00000000 (deleted)
895e4000-89664000 rw-s 00000000 00:05 10485770   /SYSV00000000 (deleted)
89664000-89688000 r-xp 00000000 08:01 652689     /lib/i386-linux-gnu/liblzma.so.5.0.0
89688000-89689000 r--p 00023000 08:01 652689     /lib/i386-linux-gnu/liblzma.so.5.0.0
89689000-8968a000 rw-p 00024000 08:01 652689     /lib/i386-linux-gnu/liblzma.so.5.0.0
8968a000-897dd000 r-xp 00000000 08:01 785370     /usr/lib/i386-linux-gnu/libxml2.so.2.9.1
897dd000-897de000 ---p 00153000 08:01 785370     /usr/lib/i386-linux-gnu/libxml2.so.2.9.1
897de000-897e2000 r--p 00153000 08:01 785370     /usr/lib/i386-linux-gnu/libxml2.so.2.9.1
897e2000-897e3000 rw-p 00157000 08:01 785370     /usr/lib/i386-linux-gnu/libxml2.so.2.9.1
897e3000-897e4000 rw-p 00000000 00:00 0 
897e4000-8981d000 r-xp 00000000 08:01 787783     /usr/lib/i386-linux-gnu/libcroco-0.6.so.3.0.1
8981d000-8981f000 r--p 00039000 08:01 787783     /usr/lib/i386-linux-gnu/libcroco-0.6.so.3.0.1
8981f000-89820000 rw-p 0003b000 08:01 787783     /usr/lib/i386-linux-gnu/libcroco-0.6.so.3.0.1
89820000-89856000 r-xp 00000000 08:01 788365     /usr/lib/i386-linux-gnu/librsvg-2.so.2.40.2
89856000-89857000 r--p 00035000 08:01 788365     /usr/lib/i386-linux-gnu/librsvg-2.so.2.40.2
89857000-89858000 rw-p 00036000 08:01 788365     /usr/lib/i386-linux-gnu/librsvg-2.so.2.40.2
89862000-89866000 r-xp 00000000 08:01 919123     /usr/lib/i386-linux-gnu/gdk-pixbuf-2.0/2.10.0/loaders/libpixbufloader-png.so
89866000-89867000 r--p 00003000 08:01 919123     /usr/lib/i386-linux-gnu/gdk-pixbuf-2.0/2.10.0/loaders/libpixbufloader-png.so
89867000-89868000 rw-p 00004000 08:01 919123     /usr/lib/i386-linux-gnu/gdk-pixbuf-2.0/2.10.0/loaders/libpixbufloader-png.so
89869000-8986a000 r-xp 00000000 08:01 914246     /usr/lib/i386-linux-gnu/gdk-pixbuf-2.0/2.10.0/loaders/libpixbufloader-svg.so
8986a000-8986b000 r--p 00001000 08:01 914246     /usr/lib/i386-linux-gnu/gdk-pixbuf-2.0/2.10.0/loaders/libpixbufloader-svg.so
8986b000-8986c000 rw-p 00002000 08:01 914246     /usr/lib/i386-linux-gnu/gdk-pixbuf-2.0/2.10.0/loaders/libpixbufloader-svg.so
8986c000-898be000 r--p 00000000 08:01 135774     /usr/share/fonts/truetype/dejavu/DejaVuSansMono.ttf
898be000-898ed000 r--p 00000000 08:01 135780     /usr/share/fonts/truetype/droid/DroidSans.ttf
898ed000-898f5000 r--s 00000000 08:01 312797     /var/cache/fontconfig/945677eb7aeaf62f1d50efc3fb3ec7d8-le32d4.cache-4
898f5000-898f9000 r--s 00000000 08:01 312783     /var/cache/fontconfig/2cd17615ca594fa2959ae173292e504c-le32d4.cache-4
898f9000-898fa000 r--s 00000000 08:01 312813     /var/cache/fontconfig/e7071f4a29fa870f4323321c154eba04-le32d4.cache-4
898fa000-898fb000 r--s 00000000 08:01 312780     /var/cache/fontconfig/0d8c3b2ac0904cb8a57a757ad11a4a08-le32d4.cache-4
898fb000-89900000 r--s 00000000 08:01 312800     /var/cache/fontconfig/a755afe4a08bf5b97852ceb7400b47bc-le32d4.cache-4
89900000-899ef000 rw-p 00000000 00:00 0 
899ef000-89a00000 ---p 00000000 00:00 0 
89a00000-89a0f000 r--s 00000000 08:01 312778     /var/cache/fontconfig/04aabc0a78ac019cf9454389977116d2-le32d4.cache-4
89a0f000-89a10000 r--s 00000000 08:01 312782     /var/cache/fontconfig/1ac9eb803944fde146138c791f5cc56a-le32d4.cache-4
89a10000-89a13000 r--s 00000000 08:01 312786     /var/cache/fontconfig/385c0604a188198f04d133e54aba7fe7-le32d4.cache-4
89a13000-89a17000 r--s 00000000 08:01 312796     /var/cache/fontconfig/8801497958630a81b71ace7c5f9b32a8-le32d4.cache-4
89a17000-89a1a000 r--s 00000000 08:01 312803     /var/cache/fontconfig/c57959a16110560c8d0fcea73374aeeb-le32d4.cache-4
89a1a000-89a1f000 r--s 00000000 08:01 312784     /var/cache/fontconfig/3047814df9a2f067bd2d96a2b9c36e5a-le32d4.cache-4
89a1f000-89a23000 r--s 00000000 08:01 312801     /var/cache/fontconfig/b47c4e1ecd0709278f4910c18777a504-le32d4.cache-4
8b0ee000-8b1f6000 rw-p 00000000 00:00 0 
8b1f6000-8b226000 r--p 00000000 08:01 135779     /usr/share/fonts/truetype/droid/DroidSans-Bold.ttf
8b226000-8b862000 r--p 00000000 08:01 308978     /usr/share/icons/hicolor/icon-theme.cache
8b862000-8be9e000 r--p 00000000 08:01 308978     /usr/share/icons/hicolor/icon-theme.cache
8be9e000-8fc4f000 r--p 00000000 08:01 299713     /usr/share/icons/gnome/icon-theme.cache
8fc4f000-93a00000 r--p 00000000 08:01 299713     /usr/share/icons/gnome/icon-theme.cache
93a00000-93b00000 rw-p 00000000 00:00 0 
93b00000-93b02000 r--s 00000000 08:01 312794     /var/cache/fontconfig/767a8244fc0220cfb567a839d0392e0b-le32d4.cache-4
93b02000-93b12000 r--s 00000000 08:01 312807     /var/cache/fontconfig/d52a8644073d54c13679302ca1180695-le32d4.cache-4
93b12000-93b19000 r--s 00000000 08:01 312787     /var/cache/fontconfig/3f7329c5293ffd510edef78f73874cfd-le32d4.cache-4
93b19000-93b1c000 r--s 00000000 08:01 324480     /var/cache/fontconfig/d589a48862398ed80a3d6066f4f56f4c-le32d4.cache-4
93b1c000-93b1f000 r--s 00000000 08:01 260617     /var/cache/fontconfig/7ef2298fde41cc6eeb7af42e48b7d293-le32d4.cache-4
93b1f000-93b3c000 r--s 00000000 08:01 1058450    /usr/share/mime/mime.cache
93b3c000-93b59000 r--s 00000000 08:01 1058450    /usr/share/mime/mime.cache
93b59000-954d3000 r--p 00000000 08:01 287533     /usr/share/icons/elementary-xfce/icon-theme.cache
954d3000-96e4d000 r--p 00000000 08:01 287533     /usr/share/icons/elementary-xfce/icon-theme.cache
96e4d000-96ed7000 r--p 00000000 08:01 298240     /usr/share/icons/elementary-xfce-dark/icon-theme.cache
96ed7000-96f61000 r--p 00000000 08:01 298240     /usr/share/icons/elementary-xfce-dark/icon-theme.cache
96f61000-973b6000 r--p 00000000 08:01 298633     /usr/share/icons/elementary-xfce-darker/icon-theme.cache
973b6000-9780b000 r--p 00000000 08:01 298633     /usr/share/icons/elementary-xfce-darker/icon-theme.cache
9780b000-97824000 r-xp 00000000 08:01 912613     /usr/lib/i386-linux-gnu/gio/modules/libgioremote-volume-monitor.so
97824000-97825000 ---p 00019000 08:01 912613     /usr/lib/i386-linux-gnu/gio/modules/libgioremote-volume-monitor.so
97825000-97826000 r--p 00019000 08:01 912613     /usr/lib/i386-linux-gnu/gio/modules/libgioremote-volume-monitor.so
97826000-97827000 rw-p 0001a000 08:01 912613     /usr/lib/i386-linux-gnu/gio/modules/libgioremote-volume-monitor.so
97827000-97828000 ---p 00000000 00:00 0 
97828000-98028000 rw-p 00000000 00:00 0          [stack:6079]
98028000-9805a000 r-xp 00000000 08:01 912609     /usr/lib/i386-linux-gnu/gvfs/libgvfscommon.so
9805a000-9805c000 r--p 00032000 08:01 912609     /usr/lib/i386-linux-gnu/gvfs/libgvfscommon.so
9805c000-9805d000 rw-p 00034000 08:01 912609     /usr/lib/i386-linux-gnu/gvfs/libgvfscommon.so
9805d000-9808d000 r-xp 00000000 08:01 912610     /usr/lib/i386-linux-gnu/gio/modules/libgvfsdbus.so
9808d000-9808e000 r--p 0002f000 08:01 912610     /usr/lib/i386-linux-gnu/gio/modules/libgvfsdbus.so
9808e000-9808f000 rw-p 00030000 08:01 912610     /usr/lib/i386-linux-gnu/gio/modules/libgvfsdbus.so
9808f000-980a8000 r--p 00000000 08:01 1058082    /usr/share/locale-langpack/es/LC_MESSAGES/glib20.mo
980a8000-980b1000 r-xp 00000000 08:01 914239     /usr/lib/i386-linux-gnu/gtk-2.0/2.10.0/engines/libpixmap.so
980b1000-980b2000 r--p 00008000 08:01 914239     /usr/lib/i386-linux-gnu/gtk-2.0/2.10.0/engines/libpixmap.so
980b2000-980b3000 rw-p 00009000 08:01 914239     /usr/lib/i386-linux-gnu/gtk-2.0/2.10.0/engines/libpixmap.so
980b3000-980e8000 r-xp 00000000 08:01 914603     /usr/lib/i386-linux-gnu/gtk-2.0/2.10.0/engines/libmurrine.so
980e8000-980e9000 r--p 00034000 08:01 914603     /usr/lib/i386-linux-gnu/gtk-2.0/2.10.0/engines/libmurrine.so
980e9000-980ea000 rw-p 00035000 08:01 914603     /usr/lib/i386-linux-gnu/gtk-2.0/2.10.0/engines/libmurrine.so
980ea000-98114000 r--p 00000000 08:01 1058126    /usr/share/locale-langpack/es/LC_MESSAGES/gtk20-properties.mo
98114000-9811b000 r-xp 00000000 08:01 787804     /usr/lib/i386-linux-gnu/libdatrie.so.1.3.1
9811b000-9811c000 r--p 00006000 08:01 787804     /usr/lib/i386-linux-gnu/libdatrie.so.1.3.1
9811c000-9811d000 rw-p 00007000 08:01 787804     /usr/lib/i386-linux-gnu/libdatrie.so.1.3.1
9811d000-98137000 r-xp 00000000 08:01 787984     /usr/lib/i386-linux-gnu/libgraphite2.so.3.0.1
98137000-98138000 r--p 00019000 08:01 787984     /usr/lib/i386-linux-gnu/libgraphite2.so.3.0.1
98138000-98139000 rw-p 0001a000 08:01 787984     /usr/lib/i386-linux-gnu/libgraphite2.so.3.0.1
98139000-98175000 r-xp 00000000 08:01 652745     /lib/i386-linux-gnu/libpcre.so.3.13.1
98175000-98176000 r--p 0003b000 08:01 652745     /lib/i386-linux-gnu/libpcre.so.3.13.1
98176000-98177000 rw-p 0003c000 08:01 652745     /lib/i386-linux-gnu/libpcre.so.3.13.1
98177000-9817f000 r-xp 00000000 08:01 788450     /usr/lib/i386-linux-gnu/libthai.so.0.2.0
9817f000-98180000 r--p 00007000 08:01 788450     /usr/lib/i386-linux-gnu/libthai.so.0.2.0
98180000-98181000 rw-p 00008000 08:01 788450     /usr/lib/i386-linux-gnu/libthai.so.0.2.0
98181000-981d5000 r-xp 00000000 08:01 788096     /usr/lib/i386-linux-gnu/libharfbuzz.so.0.927.0
981d5000-981d6000 r--p 00054000 08:01 788096     /usr/lib/i386-linux-gnu/libharfbuzz.so.0.927.0
981d6000-981d7000 rw-p 00055000 08:01 788096     /usr/lib/i386-linux-gnu/libharfbuzz.so.0.927.0
981d7000-981f7000 r-xp 00000000 08:01 652772     /lib/i386-linux-gnu/libselinux.so.1
981f7000-981f8000 r--p 0001f000 08:01 652772     /lib/i386-linux-gnu/libselinux.so.1
981f8000-981f9000 rw-p 00020000 08:01 652772     /lib/i386-linux-gnu/libselinux.so.1
981f9000-981fa000 rw-p 00000000 00:00 0 
981fa000-98202000 r-xp 00000000 08:01 788553     /usr/lib/i386-linux-gnu/libxcb-render.so.0.0.0
98202000-98203000 r--p 00008000 08:01 788553     /usr/lib/i386-linux-gnu/libxcb-render.so.0.0.0
98203000-98204000 rw-p 00009000 08:01 788553     /usr/lib/i386-linux-gnu/libxcb-render.so.0.0.0
98204000-9822a000 r-xp 00000000 08:01 685719     /lib/i386-linux-gnu/libpng12.so.0.50.0
9822a000-9822b000 r--p 00025000 08:01 685719     /lib/i386-linux-gnu/libpng12.so.0.50.0
9822b000-9822c000 rw-p 00026000 08:01 685719     /lib/i386-linux-gnu/libpng12.so.0.50.0
9822c000-982d0000 r-xp 00000000 08:01 788304     /usr/lib/i386-linux-gnu/libpixman-1.so.0.30.2
982d0000-982d5000 r--p 000a4000 08:01 788304     /usr/lib/i386-linux-gnu/libpixman-1.so.0.30.2
982d5000-982d6000 rw-p 000a9000 08:01 788304     /usr/lib/i386-linux-gnu/libpixman-1.so.0.30.2
982d6000-98371000 r-xp 00000000 08:01 786858     /usr/lib/i386-linux-gnu/libfreetype.so.6.11.1
98371000-98375000 r--p 0009a000 08:01 786858     /usr/lib/i386-linux-gnu/libfreetype.so.6.11.1
98375000-98376000 rw-p 0009e000 08:01 786858     /usr/lib/i386-linux-gnu/libfreetype.so.6.11.1
98376000-98480000 r-xp 00000000 08:01 652673     /lib/i386-linux-gnu/libglib-2.0.so.0.4002.0
98480000-98481000 r--p 00109000 08:01 652673     /lib/i386-linux-gnu/libglib-2.0.so.0.4002.0
98481000-98482000 rw-p 0010a000 08:01 652673     /lib/i386-linux-gnu/libglib-2.0.so.0.4002.0
98482000-984d2000 r-xp 00000000 08:01 787972     /usr/lib/i386-linux-gnu/libgobject-2.0.so.0.4002.0
984d2000-984d3000 r--p 0004f000 08:01 787972     /usr/lib/i386-linux-gnu/libgobject-2.0.so.0.4002.0
984d3000-984d4000 rw-p 00050000 08:01 787972     /usr/lib/i386-linux-gnu/libgobject-2.0.so.0.4002.0
984d4000-9850d000 r-xp 00000000 08:01 787885     /usr/lib/i386-linux-gnu/libfontconfig.so.1.8.0
9850d000-9850e000 r--p 00039000 08:01 787885     /usr/lib/i386-linux-gnu/libfontconfig.so.1.8.0
9850e000-9850f000 rw-p 0003a000 08:01 787885     /usr/lib/i386-linux-gnu/libfontconfig.so.1.8.0
9850f000-98559000 r-xp 00000000 08:01 788281     /usr/lib/i386-linux-gnu/libpango-1.0.so.0.3600.3
98559000-9855a000 ---p 0004a000 08:01 788281     /usr/lib/i386-linux-gnu/libpango-1.0.so.0.3600.3
9855a000-9855b000 r--p 0004a000 08:01 788281     /usr/lib/i386-linux-gnu/libpango-1.0.so.0.3600.3
9855b000-9855c000 rw-p 0004b000 08:01 788281     /usr/lib/i386-linux-gnu/libpango-1.0.so.0.3600.3
9855c000-98570000 r-xp 00000000 08:01 788285     /usr/lib/i386-linux-gnu/libpangoft2-1.0.so.0.3600.3
98570000-98571000 r--p 00013000 08:01 788285     /usr/lib/i386-linux-gnu/libpangoft2-1.0.so.0.3600.3
98571000-98572000 rw-p 00014000 08:01 788285     /usr/lib/i386-linux-gnu/libpangoft2-1.0.so.0.3600.3
98572000-986ef000 r-xp 00000000 08:01 787950     /usr/lib/i386-linux-gnu/libgio-2.0.so.0.4002.0
986ef000-986f1000 r--p 0017d000 08:01 787950     /usr/lib/i386-linux-gnu/libgio-2.0.so.0.4002.0
986f1000-986f2000 rw-p 0017f000 08:01 787950     /usr/lib/i386-linux-gnu/libgio-2.0.so.0.4002.0
986f2000-986f3000 rw-p 00000000 00:00 0 
986f3000-98714000 r-xp 00000000 08:01 786918     /usr/lib/i386-linux-gnu/libgdk_pixbuf-2.0.so.0.3000.7
98714000-98715000 r--p 00021000 08:01 786918     /usr/lib/i386-linux-gnu/libgdk_pixbuf-2.0.so.0.3000.7
98715000-98716000 rw-p 00022000 08:01 786918     /usr/lib/i386-linux-gnu/libgdk_pixbuf-2.0.so.0.3000.7
98716000-98835000 r-xp 00000000 08:01 787743     /usr/lib/i386-linux-gnu/libcairo.so.2.11301.0
98835000-98837000 r--p 0011e000 08:01 787743     /usr/lib/i386-linux-gnu/libcairo.so.2.11301.0
98837000-98838000 rw-p 00120000 08:01 787743     /usr/lib/i386-linux-gnu/libcairo.so.2.11301.0
98838000-98839000 rw-p 00000000 00:00 0 
98839000-98857000 r-xp 00000000 08:01 787704     /usr/lib/i386-linux-gnu/libatk-1.0.so.0.21009.1
98857000-98859000 r--p 0001d000 08:01 787704     /usr/lib/i386-linux-gnu/libatk-1.0.so.0.21009.1
98859000-9885a000 rw-p 0001f000 08:01 787704     /usr/lib/i386-linux-gnu/libatk-1.0.so.0.21009.1
9885a000-98865000 r-xp 00000000 08:01 788283     /usr/lib/i386-linux-gnu/libpangocairo-1.0.so.0.3600.3
98865000-98866000 r--p 0000a000 08:01 788283     /usr/lib/i386-linux-gnu/libpangocairo-1.0.so.0.3600.3
98866000-98867000 rw-p 0000b000 08:01 788283     /usr/lib/i386-linux-gnu/libpangocairo-1.0.so.0.3600.3
98867000-98913000 r-xp 00000000 08:01 784638     /usr/lib/i386-linux-gnu/libgdk-x11-2.0.so.0.2400.23
98913000-98915000 r--p 000ab000 08:01 784638     /usr/lib/i386-linux-gnu/libgdk-x11-2.0.so.0.2400.23
98915000-98916000 rw-p 000ad000 08:01 784638     /usr/lib/i386-linux-gnu/libgdk-x11-2.0.so.0.2400.23
98916000-98d7e000 r-xp 00000000 08:01 787412     /usr/lib/i386-linux-gnu/libgtk-x11-2.0.so.0.2400.23
98d7e000-98d82000 r--p 00467000 08:01 787412     /usr/lib/i386-linux-gnu/libgtk-x11-2.0.so.0.2400.23
98d82000-98d84000 rw-p 0046b000 08:01 787412     /usr/lib/i386-linux-gnu/libgtk-x11-2.0.so.0.2400.23
98d84000-98e06000 rw-p 00000000 00:00 0 
98e06000-98e86000 ---p 00000000 00:00 0 
98e86000-98eac000 r-xp 00000000 08:01 801975     /usr/local/java/jdk1.8.0_66/jre/lib/i386/libdcpr.so
98eac000-98eaf000 rw-p 00025000 08:01 801975     /usr/local/java/jdk1.8.0_66/jre/lib/i386/libdcpr.so
98eaf000-98fa9000 rw-p 00000000 00:00 0 
98fa9000-98fb2000 ---p 00000000 00:00 0 
98fb2000-99100000 rw-p 00000000 00:00 0 
99100000-991f0000 rw-p 00000000 00:00 0 
991f0000-99200000 ---p 00000000 00:00 0 
99200000-99300000 rw-p 00000000 00:00 0 
99300000-99400000 rw-p 00000000 00:00 0 
99400000-99401000 r--s 00000000 08:01 312810     /var/cache/fontconfig/dc05db6664285cc2f12bf69c139ae4c3-le32d4.cache-4
99401000-99407000 r--p 00000000 08:01 1058069    /usr/share/locale-langpack/es/LC_MESSAGES/gdk-pixbuf.mo
99407000-9940a000 ---p 00000000 00:00 0 
9940a000-99a00000 rw-p 00000000 00:00 0          [stack:6058]
99a00000-99b00000 rw-p 00000000 00:00 0 
99b00000-99b01000 r--s 00000000 08:01 324361     /var/cache/fontconfig/4794a0821666d79190d59a36cb4f44b5-le32d4.cache-4
99b01000-99b04000 r--p 00000000 08:01 1057990    /usr/share/locale-langpack/es/LC_MESSAGES/atk10.mo
99b04000-99b13000 r--p 00000000 08:01 1058127    /usr/share/locale-langpack/es/LC_MESSAGES/gtk20.mo
99b13000-99b2f000 r--s 00393000 08:01 801998     /usr/local/java/jdk1.8.0_66/jre/lib/ext/cldrdata.jar
99b2f000-99bd6000 rw-p 00000000 00:00 0 
99bd6000-99c0b000 r-xp 00000000 08:01 788470     /usr/lib/i386-linux-gnu/libtxc_dxtn_s2tc.so.0.0.0
99c0b000-99c0c000 r--p 00034000 08:01 788470     /usr/lib/i386-linux-gnu/libtxc_dxtn_s2tc.so.0.0.0
99c0c000-99c0d000 rw-p 00035000 08:01 788470     /usr/lib/i386-linux-gnu/libtxc_dxtn_s2tc.so.0.0.0
99c0d000-99c2b000 r-xp 00000000 08:01 652786     /lib/i386-linux-gnu/libtinfo.so.5.9
99c2b000-99c2c000 ---p 0001e000 08:01 652786     /lib/i386-linux-gnu/libtinfo.so.5.9
99c2c000-99c2e000 r--p 0001e000 08:01 652786     /lib/i386-linux-gnu/libtinfo.so.5.9
99c2e000-99c2f000 rw-p 00020000 08:01 652786     /lib/i386-linux-gnu/libtinfo.so.5.9
99c2f000-99c56000 r-xp 00000000 08:01 787849     /usr/lib/i386-linux-gnu/libedit.so.2.0.47
99c56000-99c57000 ---p 00027000 08:01 787849     /usr/lib/i386-linux-gnu/libedit.so.2.0.47
99c57000-99c58000 r--p 00027000 08:01 787849     /usr/lib/i386-linux-gnu/libedit.so.2.0.47
99c58000-99c59000 rw-p 00028000 08:01 787849     /usr/lib/i386-linux-gnu/libedit.so.2.0.47
99c59000-99c5b000 rw-p 00000000 00:00 0 
99c5b000-99c73000 r-xp 00000000 08:01 652803     /lib/i386-linux-gnu/libz.so.1.2.8
99c73000-99c74000 r--p 00017000 08:01 652803     /lib/i386-linux-gnu/libz.so.1.2.8
99c74000-99c75000 rw-p 00018000 08:01 652803     /lib/i386-linux-gnu/libz.so.1.2.8
99c75000-9b9d9000 r-xp 00000000 08:01 787605     /usr/lib/i386-linux-gnu/libLLVM-3.6.so.1
9b9d9000-9bb52000 r--p 01d63000 08:01 787605     /usr/lib/i386-linux-gnu/libLLVM-3.6.so.1
9bb52000-9bb56000 rw-p 01edc000 08:01 787605     /usr/lib/i386-linux-gnu/libLLVM-3.6.so.1
9bb56000-9bb62000 rw-p 00000000 00:00 0 
9bb62000-9bb78000 r-xp 00000000 08:01 787850     /usr/lib/i386-linux-gnu/libelf-0.158.so
9bb78000-9bb79000 r--p 00015000 08:01 787850     /usr/lib/i386-linux-gnu/libelf-0.158.so
9bb79000-9bb7a000 rw-p 00016000 08:01 787850     /usr/lib/i386-linux-gnu/libelf-0.158.so
9bb7a000-9c307000 r-xp 00000000 08:01 914799     /usr/lib/i386-linux-gnu/dri/swrast_dri.so
9c307000-9c308000 ---p 0078d000 08:01 914799     /usr/lib/i386-linux-gnu/dri/swrast_dri.so
9c308000-9c344000 r--p 0078d000 08:01 914799     /usr/lib/i386-linux-gnu/dri/swrast_dri.so
9c344000-9c34d000 rw-p 007c9000 08:01 914799     /usr/lib/i386-linux-gnu/dri/swrast_dri.so
9c34d000-9c530000 rw-p 00000000 00:00 0 
9c530000-9c531000 ---p 00000000 00:00 0 
9c531000-9c5b1000 rw-p 00000000 00:00 0          [stack:6057]
9c5b1000-9c5b2000 ---p 00000000 00:00 0 
9c5b2000-9cf00000 rw-p 00000000 00:00 0          [stack:6078]
9cf00000-9cfdc000 rw-p 00000000 00:00 0 
9cfdc000-9d000000 ---p 00000000 00:00 0 
9d000000-9d001000 r--s 00000000 08:01 312790     /var/cache/fontconfig/56cf4f4769d0f4abc89a4895d7bd3ae1-le32d4.cache-4
9d001000-9d002000 r--s 00000000 08:01 312802     /var/cache/fontconfig/b9d506c9ac06c20b433354fa67a72993-le32d4.cache-4
9d002000-9d003000 r-xp 00000000 08:01 788074     /usr/lib/i386-linux-gnu/libgthread-2.0.so.0.4002.0
9d003000-9d004000 r--p 00000000 08:01 788074     /usr/lib/i386-linux-gnu/libgthread-2.0.so.0.4002.0
9d004000-9d005000 rw-p 00001000 08:01 788074     /usr/lib/i386-linux-gnu/libgthread-2.0.so.0.4002.0
9d005000-9d007000 r-xp 00000000 08:01 788557     /usr/lib/i386-linux-gnu/libxcb-shm.so.0.0.0
9d007000-9d008000 r--p 00001000 08:01 788557     /usr/lib/i386-linux-gnu/libxcb-shm.so.0.0.0
9d008000-9d009000 rw-p 00002000 08:01 788557     /usr/lib/i386-linux-gnu/libxcb-shm.so.0.0.0
9d009000-9d00e000 r-xp 00000000 08:01 784981     /usr/lib/i386-linux-gnu/libffi.so.6.0.1
9d00e000-9d00f000 r--p 00005000 08:01 784981     /usr/lib/i386-linux-gnu/libffi.so.6.0.1
9d00f000-9d010000 rw-p 00006000 08:01 784981     /usr/lib/i386-linux-gnu/libffi.so.6.0.1
9d010000-9d01c000 r-xp 00000000 08:01 787845     /usr/lib/i386-linux-gnu/libdrm_radeon.so.1.0.1
9d01c000-9d01d000 r--p 0000b000 08:01 787845     /usr/lib/i386-linux-gnu/libdrm_radeon.so.1.0.1
9d01d000-9d01e000 rw-p 0000c000 08:01 787845     /usr/lib/i386-linux-gnu/libdrm_radeon.so.1.0.1
9d01e000-9d024000 r-xp 00000000 08:01 787843     /usr/lib/i386-linux-gnu/libdrm_nouveau.so.2.0.0
9d024000-9d025000 r--p 00005000 08:01 787843     /usr/lib/i386-linux-gnu/libdrm_nouveau.so.2.0.0
9d025000-9d026000 rw-p 00006000 08:01 787843     /usr/lib/i386-linux-gnu/libdrm_nouveau.so.2.0.0
9d026000-9d02e000 r-xp 00000000 08:01 306252     /opt/VBoxGuestAdditions-5.0.8/lib/VBoxOGLpassthroughspu.so
9d02e000-9d02f000 rw-p 00008000 08:01 306252     /opt/VBoxGuestAdditions-5.0.8/lib/VBoxOGLpassthroughspu.so
9d02f000-9d030000 rw-p 00000000 00:00 0 
9d030000-9d0e0000 r-xp 00000000 08:01 308642     /opt/VBoxGuestAdditions-5.0.8/lib/VBoxOGLfeedbackspu.so
9d0e0000-9d0e2000 rw-p 000af000 08:01 308642     /opt/VBoxGuestAdditions-5.0.8/lib/VBoxOGLfeedbackspu.so
9d0e2000-9d68f000 rw-p 00000000 00:00 0 
9d68f000-9d6a5000 r-xp 00000000 08:01 308641     /opt/VBoxGuestAdditions-5.0.8/lib/VBoxOGLerrorspu.so
9d6a5000-9d6a7000 rw-p 00015000 08:01 308641     /opt/VBoxGuestAdditions-5.0.8/lib/VBoxOGLerrorspu.so
9d6a7000-9d89b000 r-xp 00000000 08:01 306426     /opt/VBoxGuestAdditions-5.0.8/lib/VBoxOGLpackspu.so
9d89b000-9d89f000 rw-p 001f4000 08:01 306426     /opt/VBoxGuestAdditions-5.0.8/lib/VBoxOGLpackspu.so
9d89f000-9d8dd000 rw-p 00000000 00:00 0 
9d8dd000-9d977000 r-xp 00000000 08:01 306425     /opt/VBoxGuestAdditions-5.0.8/lib/VBoxOGLcrutil.so
9d977000-9d981000 rw-p 00099000 08:01 306425     /opt/VBoxGuestAdditions-5.0.8/lib/VBoxOGLcrutil.so
9d981000-9d986000 rw-p 00000000 00:00 0 
9d986000-9da67000 r-xp 00000000 08:01 306427     /opt/VBoxGuestAdditions-5.0.8/lib/VBoxOGL.so
9da67000-9da77000 rw-p 000e0000 08:01 306427     /opt/VBoxGuestAdditions-5.0.8/lib/VBoxOGL.so
9da77000-9da7e000 rw-p 00000000 00:00 0 
9da7e000-9da95000 r-xp 00000000 08:01 652706     /lib/i386-linux-gnu/libnih.so.1.0.0
9da95000-9da96000 r--p 00016000 08:01 652706     /lib/i386-linux-gnu/libnih.so.1.0.0
9da96000-9da97000 rw-p 00017000 08:01 652706     /lib/i386-linux-gnu/libnih.so.1.0.0
9da97000-9db97000 rw-p 00000000 00:00 0 
9db97000-9dbf8000 r-xp 00000000 08:01 801928     /usr/local/java/jdk1.8.0_66/jre/lib/i386/libt2k.so
9dbf8000-9dbfc000 rw-p 00060000 08:01 801928     /usr/local/java/jdk1.8.0_66/jre/lib/i386/libt2k.so
9dbfc000-9dd00000 rw-p 00000000 00:00 0 
9dd00000-9ddff000 rw-p 00000000 00:00 0 
9ddff000-9de00000 ---p 00000000 00:00 0 
9de00000-9de01000 r--s 00000000 08:01 312779     /var/cache/fontconfig/0c9eb80ebd1c36541ebe2852d3bb0c49-le32d4.cache-4
9de01000-9de03000 r-xp 00000000 08:01 787640     /usr/lib/i386-linux-gnu/libXinerama.so.1.0.0
9de03000-9de04000 r--p 00001000 08:01 787640     /usr/lib/i386-linux-gnu/libXinerama.so.1.0.0
9de04000-9de05000 rw-p 00002000 08:01 787640     /usr/lib/i386-linux-gnu/libXinerama.so.1.0.0
9de05000-9de07000 r-xp 00000000 08:01 787622     /usr/lib/i386-linux-gnu/libXcomposite.so.1.0.0
9de07000-9de08000 r--p 00001000 08:01 787622     /usr/lib/i386-linux-gnu/libXcomposite.so.1.0.0
9de08000-9de09000 rw-p 00002000 08:01 787622     /usr/lib/i386-linux-gnu/libXcomposite.so.1.0.0
9de09000-9de11000 r-xp 00000000 08:01 652704     /lib/i386-linux-gnu/libnih-dbus.so.1.0.0
9de11000-9de12000 r--p 00007000 08:01 652704     /lib/i386-linux-gnu/libnih-dbus.so.1.0.0
9de12000-9de13000 rw-p 00008000 08:01 652704     /lib/i386-linux-gnu/libnih-dbus.so.1.0.0
9de13000-9de2f000 r-xp 00000000 08:01 651623     /lib/i386-linux-gnu/libcgmanager.so.0.0.0
9de2f000-9de30000 r--p 0001b000 08:01 651623     /lib/i386-linux-gnu/libcgmanager.so.0.0.0
9de30000-9de31000 rw-p 0001c000 08:01 651623     /lib/i386-linux-gnu/libcgmanager.so.0.0.0
9de31000-9de42000 r-xp 00000000 08:01 656397     /lib/i386-linux-gnu/libudev.so.1.3.5
9de42000-9de43000 r--p 00010000 08:01 656397     /lib/i386-linux-gnu/libudev.so.1.3.5
9de43000-9de44000 rw-p 00011000 08:01 656397     /lib/i386-linux-gnu/libudev.so.1.3.5
9de44000-9de46000 r--s 00000000 08:01 312795     /var/cache/fontconfig/e13b20fdb08344e0e664864cc2ede53d-le32d4.cache-4
9de46000-9de49000 r-xp 00000000 08:01 787960     /usr/lib/i386-linux-gnu/libgmodule-2.0.so.0.4002.0
9de49000-9de4a000 r--p 00002000 08:01 787960     /usr/lib/i386-linux-gnu/libgmodule-2.0.so.0.4002.0
9de4a000-9de4b000 rw-p 00003000 08:01 787960     /usr/lib/i386-linux-gnu/libgmodule-2.0.so.0.4002.0
9de4b000-9de55000 r--s 00116000 08:01 802003     /usr/local/java/jdk1.8.0_66/jre/lib/ext/localedata.jar
9de55000-9de56000 ---p 00000000 00:00 0 
9de56000-9df56000 rw-p 00000000 00:00 0          [stack:6053]
9df56000-a1f57000 rw-s 00000000 00:15 66266      /run/shm/pulse-shm-4176516215
a1f57000-a1f58000 ---p 00000000 00:00 0 
a1f58000-a2758000 rw-p 00000000 00:00 0          [stack:6052]
a2758000-a276b000 r-xp 00000000 08:01 652768     /lib/i386-linux-gnu/libresolv-2.19.so
a276b000-a276c000 ---p 00013000 08:01 652768     /lib/i386-linux-gnu/libresolv-2.19.so
a276c000-a276d000 r--p 00013000 08:01 652768     /lib/i386-linux-gnu/libresolv-2.19.so
a276d000-a276e000 rw-p 00014000 08:01 652768     /lib/i386-linux-gnu/libresolv-2.19.so
a276e000-a2770000 rw-p 00000000 00:00 0 
a2770000-a2777000 r-xp 00000000 08:01 788263     /usr/lib/i386-linux-gnu/libogg.so.0.8.1
a2777000-a2778000 r--p 00006000 08:01 788263     /usr/lib/i386-linux-gnu/libogg.so.0.8.1
a2778000-a2779000 rw-p 00007000 08:01 788263     /usr/lib/i386-linux-gnu/libogg.so.0.8.1
a2779000-a27a2000 r-xp 00000000 08:01 788503     /usr/lib/i386-linux-gnu/libvorbis.so.0.4.5
a27a2000-a27a3000 ---p 00029000 08:01 788503     /usr/lib/i386-linux-gnu/libvorbis.so.0.4.5
a27a3000-a27a4000 r--p 00029000 08:01 788503     /usr/lib/i386-linux-gnu/libvorbis.so.0.4.5
a27a4000-a27a5000 rw-p 0002a000 08:01 788503     /usr/lib/i386-linux-gnu/libvorbis.so.0.4.5
a27a5000-a290b000 r-xp 00000000 08:01 788505     /usr/lib/i386-linux-gnu/libvorbisenc.so.2.0.8
a290b000-a291c000 r--p 00165000 08:01 788505     /usr/lib/i386-linux-gnu/libvorbisenc.so.2.0.8
a291c000-a291d000 rw-p 00176000 08:01 788505     /usr/lib/i386-linux-gnu/libvorbisenc.so.2.0.8
a291d000-a294f000 r-xp 00000000 08:01 787586     /usr/lib/i386-linux-gnu/libFLAC.so.8.3.0
a294f000-a2950000 r--p 00031000 08:01 787586     /usr/lib/i386-linux-gnu/libFLAC.so.8.3.0
a2950000-a2951000 rw-p 00032000 08:01 787586     /usr/lib/i386-linux-gnu/libFLAC.so.8.3.0
a2951000-a2956000 r-xp 00000000 08:01 787702     /usr/lib/i386-linux-gnu/libasyncns.so.0.3.1
a2956000-a2957000 r--p 00004000 08:01 787702     /usr/lib/i386-linux-gnu/libasyncns.so.0.3.1
a2957000-a2958000 rw-p 00005000 08:01 787702     /usr/lib/i386-linux-gnu/libasyncns.so.0.3.1
a2958000-a29c3000 r-xp 00000000 08:01 788406     /usr/lib/i386-linux-gnu/libsndfile.so.1.0.25
a29c3000-a29c4000 ---p 0006b000 08:01 788406     /usr/lib/i386-linux-gnu/libsndfile.so.1.0.25
a29c4000-a29c5000 r--p 0006b000 08:01 788406     /usr/lib/i386-linux-gnu/libsndfile.so.1.0.25
a29c5000-a29c6000 rw-p 0006c000 08:01 788406     /usr/lib/i386-linux-gnu/libsndfile.so.1.0.25
a29c6000-a29ca000 rw-p 00000000 00:00 0 
a29ca000-a29d2000 r-xp 00000000 08:01 652800     /lib/i386-linux-gnu/libwrap.so.0.7.6
a29d2000-a29d3000 r--p 00007000 08:01 652800     /lib/i386-linux-gnu/libwrap.so.0.7.6
a29d3000-a29d4000 rw-p 00008000 08:01 652800     /lib/i386-linux-gnu/libwrap.so.0.7.6
a29d4000-a2a1d000 r-xp 00000000 08:01 652656     /lib/i386-linux-gnu/libdbus-1.so.3.7.6
a2a1d000-a2a1e000 r--p 00048000 08:01 652656     /lib/i386-linux-gnu/libdbus-1.so.3.7.6
a2a1e000-a2a1f000 rw-p 00049000 08:01 652656     /lib/i386-linux-gnu/libdbus-1.so.3.7.6
a2a1f000-a2a8c000 r-xp 00000000 08:01 914837     /usr/lib/i386-linux-gnu/pulseaudio/libpulsecommon-4.0.so
a2a8c000-a2a8d000 r--p 0006c000 08:01 914837     /usr/lib/i386-linux-gnu/pulseaudio/libpulsecommon-4.0.so
a2a8d000-a2a8e000 rw-p 0006d000 08:01 914837     /usr/lib/i386-linux-gnu/pulseaudio/libpulsecommon-4.0.so
a2a8e000-a2a97000 r-xp 00000000 08:01 652682     /lib/i386-linux-gnu/libjson-c.so.2.0.0
a2a97000-a2a98000 r--p 00008000 08:01 652682     /lib/i386-linux-gnu/libjson-c.so.2.0.0
a2a98000-a2a99000 rw-p 00009000 08:01 652682     /lib/i386-linux-gnu/libjson-c.so.2.0.0
a2a99000-a2ae6000 r-xp 00000000 08:01 788332     /usr/lib/i386-linux-gnu/libpulse.so.0.16.2
a2ae6000-a2ae7000 r--p 0004c000 08:01 788332     /usr/lib/i386-linux-gnu/libpulse.so.0.16.2
a2ae7000-a2ae8000 rw-p 0004d000 08:01 788332     /usr/lib/i386-linux-gnu/libpulse.so.0.16.2
a2ae8000-a2b36000 r-xp 00000000 08:01 951193     /tmp/libgdxgaems-dev/1c78875b/libopenal.so
a2b36000-a2b38000 r--p 0004d000 08:01 951193     /tmp/libgdxgaems-dev/1c78875b/libopenal.so
a2b38000-a2b39000 rw-p 0004f000 08:01 951193     /tmp/libgdxgaems-dev/1c78875b/libopenal.so
a2b39000-a2b45000 r-xp 00000000 08:01 787839     /usr/lib/i386-linux-gnu/libdrm.so.2.4.0
a2b45000-a2b46000 r--p 0000b000 08:01 787839     /usr/lib/i386-linux-gnu/libdrm.so.2.4.0
a2b46000-a2b47000 rw-p 0000c000 08:01 787839     /usr/lib/i386-linux-gnu/libdrm.so.2.4.0
a2b47000-a2b48000 r-xp 00000000 08:01 788594     /usr/lib/i386-linux-gnu/libxshmfence.so.1.0.0
a2b48000-a2b49000 r--p 00000000 08:01 788594     /usr/lib/i386-linux-gnu/libxshmfence.so.1.0.0
a2b49000-a2b4a000 rw-p 00001000 08:01 788594     /usr/lib/i386-linux-gnu/libxshmfence.so.1.0.0
a2b4a000-a2b4f000 r-xp 00000000 08:01 788559     /usr/lib/i386-linux-gnu/libxcb-sync.so.1.0.0
a2b4f000-a2b50000 r--p 00004000 08:01 788559     /usr/lib/i386-linux-gnu/libxcb-sync.so.1.0.0
a2b50000-a2b51000 rw-p 00005000 08:01 788559     /usr/lib/i386-linux-gnu/libxcb-sync.so.1.0.0
a2b51000-a2b53000 r-xp 00000000 08:01 788551     /usr/lib/i386-linux-gnu/libxcb-present.so.0.0.0
a2b53000-a2b54000 r--p 00001000 08:01 788551     /usr/lib/i386-linux-gnu/libxcb-present.so.0.0.0
a2b54000-a2b55000 rw-p 00002000 08:01 788551     /usr/lib/i386-linux-gnu/libxcb-present.so.0.0.0
a2b55000-a2b57000 r-xp 00000000 08:01 788547     /usr/lib/i386-linux-gnu/libxcb-dri3.so.0.0.0
a2b57000-a2b58000 r--p 00001000 08:01 788547     /usr/lib/i386-linux-gnu/libxcb-dri3.so.0.0.0
a2b58000-a2b59000 rw-p 00002000 08:01 788547     /usr/lib/i386-linux-gnu/libxcb-dri3.so.0.0.0
a2b59000-a2b6f000 r-xp 00000000 08:01 788549     /usr/lib/i386-linux-gnu/libxcb-glx.so.0.0.0
a2b6f000-a2b70000 r--p 00016000 08:01 788549     /usr/lib/i386-linux-gnu/libxcb-glx.so.0.0.0
a2b70000-a2b71000 rw-p 00017000 08:01 788549     /usr/lib/i386-linux-gnu/libxcb-glx.so.0.0.0
a2b71000-a2b82000 r-xp 00000000 08:01 786989     /usr/lib/i386-linux-gnu/libglapi.so.0.0.0
a2b82000-a2b84000 r--p 00011000 08:01 786989     /usr/lib/i386-linux-gnu/libglapi.so.0.0.0
a2b84000-a2b89000 rwxp 00013000 08:01 786989     /usr/lib/i386-linux-gnu/libglapi.so.0.0.0
a2b89000-a2b8a000 rwxp 00000000 00:00 0 
a2b8a000-a2baf000 r-xp 00000000 08:01 651621     /lib/i386-linux-gnu/libexpat.so.1.6.0
a2baf000-a2bb0000 ---p 00025000 08:01 651621     /lib/i386-linux-gnu/libexpat.so.1.6.0
a2bb0000-a2bb2000 r--p 00025000 08:01 651621     /lib/i386-linux-gnu/libexpat.so.1.6.0
a2bb2000-a2bb3000 rw-p 00027000 08:01 651621     /lib/i386-linux-gnu/libexpat.so.1.6.0
a2bb3000-a2bc8000 r-xp 00000000 08:01 914237     /usr/lib/i386-linux-gnu/mesa/libGL.so.1.2.0
a2bc8000-a2bcc000 r-xp 00015000 08:01 914237     /usr/lib/i386-linux-gnu/mesa/libGL.so.1.2.0
a2bcc000-a2bce000 r-xp 00019000 08:01 914237     /usr/lib/i386-linux-gnu/mesa/libGL.so.1.2.0
a2bce000-a2bd0000 r-xp 0001b000 08:01 914237     /usr/lib/i386-linux-gnu/mesa/libGL.so.1.2.0
a2bd0000-a2c40000 r-xp 0001d000 08:01 914237     /usr/lib/i386-linux-gnu/mesa/libGL.so.1.2.0
a2c40000-a2c42000 r--p 0008c000 08:01 914237     /usr/lib/i386-linux-gnu/mesa/libGL.so.1.2.0
a2c42000-a2c47000 rwxp 0008e000 08:01 914237     /usr/lib/i386-linux-gnu/mesa/libGL.so.1.2.0
a2c47000-a2c48000 rwxp 00000000 00:00 0 
a2c5c000-a2c5f000 rw-p 00000000 00:00 0 
a2c5f000-a2cbe000 r-xp 00000000 08:01 950941     /tmp/libgdxgaems-dev/1c78875b/liblwjgl.so
a2cbe000-a2cbf000 ---p 0005f000 08:01 950941     /tmp/libgdxgaems-dev/1c78875b/liblwjgl.so
a2cbf000-a2cc0000 r--p 0005f000 08:01 950941     /tmp/libgdxgaems-dev/1c78875b/liblwjgl.so
a2cc0000-a2cc1000 rw-p 00060000 08:01 950941     /tmp/libgdxgaems-dev/1c78875b/liblwjgl.so
a2cc1000-a2d9d000 r-xp 00000000 08:01 788430     /usr/lib/i386-linux-gnu/libstdc++.so.6.0.19
a2d9d000-a2da1000 r--p 000dc000 08:01 788430     /usr/lib/i386-linux-gnu/libstdc++.so.6.0.19
a2da1000-a2da2000 rw-p 000e0000 08:01 788430     /usr/lib/i386-linux-gnu/libstdc++.so.6.0.19
a2da2000-a2da9000 rw-p 00000000 00:00 0 
a2da9000-a2de0000 r-xp 00000000 08:01 950600     /tmp/libgdxgaems-dev/d9b40ffb/libgdx.so
a2de0000-a2de1000 r--p 00036000 08:01 950600     /tmp/libgdxgaems-dev/d9b40ffb/libgdx.so
a2de1000-a2de2000 rw-p 00037000 08:01 950600     /tmp/libgdxgaems-dev/d9b40ffb/libgdx.so
a2de2000-a2ee2000 rw-p 00000000 00:00 0 
a2ee2000-a2ee5000 ---p 00000000 00:00 0 
a2ee5000-a2f33000 rw-p 00000000 00:00 0          [stack:6047]
a2f33000-a2f36000 ---p 00000000 00:00 0 
a2f36000-a2f84000 rw-p 00000000 00:00 0          [stack:6046]
a2f84000-a2f8c000 r--s 00000000 08:01 312797     /var/cache/fontconfig/945677eb7aeaf62f1d50efc3fb3ec7d8-le32d4.cache-4
a2f8c000-a2f90000 r--s 00000000 08:01 312783     /var/cache/fontconfig/2cd17615ca594fa2959ae173292e504c-le32d4.cache-4
a2f90000-a2f91000 r--s 00000000 08:01 312813     /var/cache/fontconfig/e7071f4a29fa870f4323321c154eba04-le32d4.cache-4
a2f91000-a2f92000 r--s 00000000 08:01 312780     /var/cache/fontconfig/0d8c3b2ac0904cb8a57a757ad11a4a08-le32d4.cache-4
a2f92000-a2f97000 r--s 00000000 08:01 312800     /var/cache/fontconfig/a755afe4a08bf5b97852ceb7400b47bc-le32d4.cache-4
a2f97000-a2fa6000 r--s 00000000 08:01 312778     /var/cache/fontconfig/04aabc0a78ac019cf9454389977116d2-le32d4.cache-4
a2fa6000-a2fa7000 r--s 00000000 08:01 312782     /var/cache/fontconfig/1ac9eb803944fde146138c791f5cc56a-le32d4.cache-4
a2fa7000-a2faa000 r--s 00000000 08:01 312786     /var/cache/fontconfig/385c0604a188198f04d133e54aba7fe7-le32d4.cache-4
a2faa000-a2fab000 r--s 00000000 08:01 312810     /var/cache/fontconfig/dc05db6664285cc2f12bf69c139ae4c3-le32d4.cache-4
a2fab000-a2fad000 r--s 00000000 08:01 312794     /var/cache/fontconfig/767a8244fc0220cfb567a839d0392e0b-le32d4.cache-4
a2fad000-a2fb1000 r--s 00000000 08:01 312796     /var/cache/fontconfig/8801497958630a81b71ace7c5f9b32a8-le32d4.cache-4
a2fb1000-a2fb4000 r--s 00000000 08:01 312803     /var/cache/fontconfig/c57959a16110560c8d0fcea73374aeeb-le32d4.cache-4
a2fb4000-a2fb9000 r--s 00000000 08:01 312784     /var/cache/fontconfig/3047814df9a2f067bd2d96a2b9c36e5a-le32d4.cache-4
a2fb9000-a2fc9000 r--s 00000000 08:01 312807     /var/cache/fontconfig/d52a8644073d54c13679302ca1180695-le32d4.cache-4
a2fc9000-a2fcd000 r-xp 00000000 08:01 788545     /usr/lib/i386-linux-gnu/libxcb-dri2.so.0.0.0
a2fcd000-a2fce000 r--p 00003000 08:01 788545     /usr/lib/i386-linux-gnu/libxcb-dri2.so.0.0.0
a2fce000-a2fcf000 rw-p 00004000 08:01 788545     /usr/lib/i386-linux-gnu/libxcb-dri2.so.0.0.0
a2fcf000-a2fd1000 r-xp 00000000 08:01 787626     /usr/lib/i386-linux-gnu/libXdamage.so.1.1.0
a2fd1000-a2fd2000 r--p 00001000 08:01 787626     /usr/lib/i386-linux-gnu/libXdamage.so.1.1.0
a2fd2000-a2fd3000 rw-p 00002000 08:01 787626     /usr/lib/i386-linux-gnu/libXdamage.so.1.1.0
a2fd3000-a2fd7000 r-xp 00000000 08:01 787668     /usr/lib/i386-linux-gnu/libXxf86vm.so.1.0.0
a2fd7000-a2fd8000 r--p 00004000 08:01 787668     /usr/lib/i386-linux-gnu/libXxf86vm.so.1.0.0
a2fd8000-a2fd9000 rw-p 00005000 08:01 787668     /usr/lib/i386-linux-gnu/libXxf86vm.so.1.0.0
a2fd9000-a2fe2000 r-xp 00000000 08:01 787650     /usr/lib/i386-linux-gnu/libXrandr.so.2.2.0
a2fe2000-a2fe3000 r--p 00008000 08:01 787650     /usr/lib/i386-linux-gnu/libXrandr.so.2.2.0
a2fe3000-a2fe4000 rw-p 00009000 08:01 787650     /usr/lib/i386-linux-gnu/libXrandr.so.2.2.0
a2fe4000-a2ff5000 r--p 00000000 08:01 1058272    /usr/share/locale-langpack/es/LC_MESSAGES/pulseaudio.mo
a2ff5000-a30f5000 rw-p 00000000 00:00 0 
a30f5000-a30f8000 ---p 00000000 00:00 0 
a30f8000-a3246000 rw-p 00000000 00:00 0          [stack:6045]
a3246000-a3249000 ---p 00000000 00:00 0 
a3249000-a3297000 rw-p 00000000 00:00 0          [stack:6044]
a3297000-a32f9000 r-xp 00000000 08:01 801971     /usr/local/java/jdk1.8.0_66/jre/lib/i386/libfontmanager.so
a32f9000-a32fc000 rw-p 00061000 08:01 801971     /usr/local/java/jdk1.8.0_66/jre/lib/i386/libfontmanager.so
a32fc000-a3300000 rw-p 00000000 00:00 0 
a3300000-a3400000 rw-p 00000000 00:00 0 
a3400000-a3401000 r-xp 00000000 08:01 787611     /usr/lib/i386-linux-gnu/libX11-xcb.so.1.0.0
a3401000-a3402000 r--p 00000000 08:01 787611     /usr/lib/i386-linux-gnu/libX11-xcb.so.1.0.0
a3402000-a3403000 rw-p 00001000 08:01 787611     /usr/lib/i386-linux-gnu/libX11-xcb.so.1.0.0
a3403000-a3404000 r-xp 00000000 08:01 801953     /usr/local/java/jdk1.8.0_66/jre/lib/i386/libjawt.so
a3404000-a3405000 rw-p 00000000 08:01 801953     /usr/local/java/jdk1.8.0_66/jre/lib/i386/libjawt.so
a3405000-a340a000 r--s 00096000 08:01 801800     /usr/local/java/jdk1.8.0_66/jre/lib/jsse.jar
a340a000-a3419000 r-xp 00000000 08:01 801982     /usr/local/java/jdk1.8.0_66/jre/lib/i386/libnio.so
a3419000-a341a000 rw-p 0000e000 08:01 801982     /usr/local/java/jdk1.8.0_66/jre/lib/i386/libnio.so
a341a000-a3423000 r-xp 00000000 08:01 787624     /usr/lib/i386-linux-gnu/libXcursor.so.1.0.2
a3423000-a3424000 r--p 00008000 08:01 787624     /usr/lib/i386-linux-gnu/libXcursor.so.1.0.2
a3424000-a3425000 rw-p 00009000 08:01 787624     /usr/lib/i386-linux-gnu/libXcursor.so.1.0.2
a3425000-a3441000 r-xp 00000000 08:01 652669     /lib/i386-linux-gnu/libgcc_s.so.1
a3441000-a3442000 rw-p 0001b000 08:01 652669     /lib/i386-linux-gnu/libgcc_s.so.1
a3442000-a3443000 r--s 00000000 08:01 324361     /var/cache/fontconfig/4794a0821666d79190d59a36cb4f44b5-le32d4.cache-4
a3443000-a3444000 r--s 00000000 08:01 312790     /var/cache/fontconfig/56cf4f4769d0f4abc89a4895d7bd3ae1-le32d4.cache-4
a3444000-a3445000 r--s 00000000 08:01 312802     /var/cache/fontconfig/b9d506c9ac06c20b433354fa67a72993-le32d4.cache-4
a3445000-a3449000 r--s 00000000 08:01 312801     /var/cache/fontconfig/b47c4e1ecd0709278f4910c18777a504-le32d4.cache-4
a3449000-a3450000 r--s 00000000 08:01 312787     /var/cache/fontconfig/3f7329c5293ffd510edef78f73874cfd-le32d4.cache-4
a3450000-a3453000 r--s 00000000 08:01 324480     /var/cache/fontconfig/d589a48862398ed80a3d6066f4f56f4c-le32d4.cache-4
a3453000-a3479000 r--p 00000000 08:01 1058183    /usr/share/locale-langpack/es/LC_MESSAGES/libc.mo
a3479000-a347e000 r-xp 00000000 08:01 787628     /usr/lib/i386-linux-gnu/libXdmcp.so.6.0.0
a347e000-a347f000 r--p 00004000 08:01 787628     /usr/lib/i386-linux-gnu/libXdmcp.so.6.0.0
a347f000-a3480000 rw-p 00005000 08:01 787628     /usr/lib/i386-linux-gnu/libXdmcp.so.6.0.0
a3480000-a34a0000 r-xp 00000000 08:01 788565     /usr/lib/i386-linux-gnu/libxcb.so.1.1.0
a34a0000-a34a1000 r--p 0001f000 08:01 788565     /usr/lib/i386-linux-gnu/libxcb.so.1.1.0
a34a1000-a34a2000 rw-p 00020000 08:01 788565     /usr/lib/i386-linux-gnu/libxcb.so.1.1.0
a34a2000-a34b0000 r-xp 00000000 08:01 787638     /usr/lib/i386-linux-gnu/libXi.so.6.1.0
a34b0000-a34b1000 r--p 0000e000 08:01 787638     /usr/lib/i386-linux-gnu/libXi.so.6.1.0
a34b1000-a34b2000 rw-p 0000f000 08:01 787638     /usr/lib/i386-linux-gnu/libXi.so.6.1.0
a34b2000-a34b7000 r-xp 00000000 08:01 787658     /usr/lib/i386-linux-gnu/libXtst.so.6.1.0
a34b7000-a34b8000 r--p 00004000 08:01 787658     /usr/lib/i386-linux-gnu/libXtst.so.6.1.0
a34b8000-a34b9000 rw-p 00005000 08:01 787658     /usr/lib/i386-linux-gnu/libXtst.so.6.1.0
a34b9000-a35e9000 r-xp 00000000 08:01 787613     /usr/lib/i386-linux-gnu/libX11.so.6.3.0
a35e9000-a35ea000 r--p 00130000 08:01 787613     /usr/lib/i386-linux-gnu/libX11.so.6.3.0
a35ea000-a35ec000 rw-p 00131000 08:01 787613     /usr/lib/i386-linux-gnu/libX11.so.6.3.0
a35ec000-a35ed000 rw-p 00000000 00:00 0 
a35ed000-a35fe000 r-xp 00000000 08:01 787630     /usr/lib/i386-linux-gnu/libXext.so.6.4.0
a35fe000-a35ff000 r--p 00010000 08:01 787630     /usr/lib/i386-linux-gnu/libXext.so.6.4.0
a35ff000-a3600000 rw-p 00011000 08:01 787630     /usr/lib/i386-linux-gnu/libXext.so.6.4.0
a3600000-a364c000 r-xp 00000000 08:01 801945     /usr/local/java/jdk1.8.0_66/jre/lib/i386/libawt_xawt.so
a364c000-a364e000 rw-p 0004c000 08:01 801945     /usr/local/java/jdk1.8.0_66/jre/lib/i386/libawt_xawt.so
a364e000-a364f000 rw-p 00000000 00:00 0 
a364f000-a36d5000 r-xp 00000000 08:01 801929     /usr/local/java/jdk1.8.0_66/jre/lib/i386/libawt.so
a36d5000-a36dc000 rw-p 00086000 08:01 801929     /usr/local/java/jdk1.8.0_66/jre/lib/i386/libawt.so
a36dc000-a3700000 rw-p 00000000 00:00 0 
a3700000-a37fc000 rw-p 00000000 00:00 0 
a37fc000-a3800000 ---p 00000000 00:00 0 
a3800000-a3802000 r--s 00000000 08:01 312795     /var/cache/fontconfig/e13b20fdb08344e0e664864cc2ede53d-le32d4.cache-4
a3802000-a3804000 r-xp 00000000 08:01 787617     /usr/lib/i386-linux-gnu/libXau.so.6.0.0
a3804000-a3805000 r--p 00001000 08:01 787617     /usr/lib/i386-linux-gnu/libXau.so.6.0.0
a3805000-a3806000 rw-p 00002000 08:01 787617     /usr/lib/i386-linux-gnu/libXau.so.6.0.0
a3806000-a380f000 r-xp 00000000 08:01 787652     /usr/lib/i386-linux-gnu/libXrender.so.1.3.0
a380f000-a3810000 r--p 00008000 08:01 787652     /usr/lib/i386-linux-gnu/libXrender.so.1.3.0
a3810000-a3811000 rw-p 00009000 08:01 787652     /usr/lib/i386-linux-gnu/libXrender.so.1.3.0
a3811000-a3812000 r--s 00000000 08:01 312779     /var/cache/fontconfig/0c9eb80ebd1c36541ebe2852d3bb0c49-le32d4.cache-4
a3812000-a3815000 r--s 00000000 08:01 260617     /var/cache/fontconfig/7ef2298fde41cc6eeb7af42e48b7d293-le32d4.cache-4
a3815000-a3819000 r-xp 00000000 08:01 787632     /usr/lib/i386-linux-gnu/libXfixes.so.3.1.0
a3819000-a381a000 r--p 00003000 08:01 787632     /usr/lib/i386-linux-gnu/libXfixes.so.3.1.0
a381a000-a381b000 rw-p 00004000 08:01 787632     /usr/lib/i386-linux-gnu/libXfixes.so.3.1.0
a381b000-a3822000 r--s 00000000 08:01 914223     /usr/lib/i386-linux-gnu/gconv/gconv-modules.cache
a3822000-a3837000 r-xp 00000000 08:01 801920     /usr/local/java/jdk1.8.0_66/jre/lib/i386/libnet.so
a3837000-a3838000 rw-p 00015000 08:01 801920     /usr/local/java/jdk1.8.0_66/jre/lib/i386/libnet.so
a3838000-a383b000 ---p 00000000 00:00 0 
a383b000-a3889000 rw-p 00000000 00:00 0          [stack:6043]
a3889000-a388a000 r-xp 00000000 08:01 935613     /home/gaems-dev/Documentos/idea-IC-141.2735.5/bin/libbreakgen.so
a388a000-a388b000 rw-p 00000000 08:01 935613     /home/gaems-dev/Documentos/idea-IC-141.2735.5/bin/libbreakgen.so
a388b000-a388d000 r--s 00016000 08:01 933876     /home/gaems-dev/Documentos/idea-IC-141.2735.5/lib/idea_rt.jar
a388d000-a388e000 r--s 00002000 08:01 939068     /home/gaems-dev/.gradle/caches/modules-2/files-2.1/net.java.jinput/jinput-platform/2.0.5/53f9c919f34d2ca9de8c51fc4e1e8282029a9232/jinput-platform-2.0.5-natives-osx.jar
a388e000-a388f000 r--s 00025000 08:01 939067     /home/gaems-dev/.gradle/caches/modules-2/files-2.1/net.java.jinput/jinput-platform/2.0.5/385ee093e01f587f30ee1c8a2ee7d408fd732e16/jinput-platform-2.0.5-natives-windows.jar
a388f000-a3890000 r--s 00002000 08:01 939066     /home/gaems-dev/.gradle/caches/modules-2/files-2.1/net.java.jinput/jinput-platform/2.0.5/7ff832a6eb9ab6a767f1ade2b548092d0fa64795/jinput-platform-2.0.5-natives-linux.jar
a3890000-a3891000 r--s 00001000 08:01 939065     /home/gaems-dev/.gradle/caches/modules-2/files-2.1/net.java.jutils/jutils/1.0.0/e12fe1fda814bd348c1579329c86943d2cd3c6a6/jutils-1.0.0.jar
a3891000-a3895000 r--s 0002f000 08:01 939064     /home/gaems-dev/.gradle/caches/modules-2/files-2.1/net.java.jinput/jinput/2.0.5/39c7796b469a600f72380316f6b1f11db6c2c7c4/jinput-2.0.5.jar
a3895000-a3896000 r--s 00068000 08:01 939063     /home/gaems-dev/.gradle/caches/modules-2/files-2.1/org.lwjgl.lwjgl/lwjgl-platform/2.9.2/d55b46b40b40249d627a83a7f7f22649709d70c3/lwjgl-platform-2.9.2-natives-osx.jar
a3896000-a3897000 r--s 0008d000 08:01 939062     /home/gaems-dev/.gradle/caches/modules-2/files-2.1/org.lwjgl.lwjgl/lwjgl-platform/2.9.2/d276cdf61fe2b516c7b7f4aa1b8dea91dbdc8d56/lwjgl-platform-2.9.2-natives-linux.jar
a3897000-a3898000 r--s 00095000 08:01 939061     /home/gaems-dev/.gradle/caches/modules-2/files-2.1/org.lwjgl.lwjgl/lwjgl-platform/2.9.2/510c7d317f5e9e700b9cfaac5fd38bdebf0702e0/lwjgl-platform-2.9.2-natives-windows.jar
a3898000-a389a000 r--s 00004000 08:01 939060     /home/gaems-dev/.gradle/caches/modules-2/files-2.1/com.badlogicgames.gdx/gdx-backend-headless/1.7.0/7b1f71a02052b65e958154017b353f9f0d7bd2c9/gdx-backend-headless-1.7.0.jar
a389a000-a389e000 r--s 00027000 08:01 939057     /home/gaems-dev/.gradle/caches/modules-2/files-2.1/org.lwjgl.lwjgl/lwjgl_util/2.9.2/4b9e37300a87799856e0bd15ed81663cdb6b0947/lwjgl_util-2.9.2.jar
a389e000-a38ac000 r--s 000f2000 08:01 939056     /home/gaems-dev/.gradle/caches/modules-2/files-2.1/org.lwjgl.lwjgl/lwjgl/2.9.2/a9d80fe5935c7a9149f6584d9777cfd471f65489/lwjgl-2.9.2.jar
a38ac000-a38b7000 r--s 0009b000 08:01 939055     /home/gaems-dev/.gradle/caches/modules-2/files-2.1/com.badlogicgames.gdx/gdx-tools/1.7.0/69a24e941d97c80b322f3190fca6f4e83ecfcf5d/gdx-tools-1.7.0.jar
a38b7000-a38d1000 r--s 0019c000 08:01 939010     /home/gaems-dev/.gradle/caches/modules-2/files-2.1/com.badlogicgames.gdx/gdx/1.7.0/1b08c96132448b5ab9c0cc8dea3e985dcf0166fd/gdx-1.7.0.jar
a38d1000-a38ec000 r--s 001fe000 08:01 801993     /usr/local/java/jdk1.8.0_66/jre/lib/deploy.jar
a38ec000-a38ed000 ---p 00000000 00:00 0 
a38ed000-a396d000 rw-p 00000000 00:00 0          [stack:6042]
a396d000-a3970000 ---p 00000000 00:00 0 
a3970000-a39be000 rw-p 00000000 00:00 0          [stack:6041]
a39be000-a39c1000 ---p 00000000 00:00 0 
a39c1000-a3a3f000 rw-p 00000000 00:00 0          [stack:6040]
a3a3f000-a3a42000 ---p 00000000 00:00 0 
a3a42000-a3a90000 rw-p 00000000 00:00 0          [stack:6039]
a3a90000-a3bc1000 r--p 0059d000 08:01 788757     /usr/lib/locale/locale-archive
a3bc1000-a3c00000 r--p 00277000 08:01 788757     /usr/lib/locale/locale-archive
a3c00000-a3e00000 r--p 00000000 08:01 788757     /usr/lib/locale/locale-archive
a3e00000-a3efc000 rw-p 00000000 00:00 0 
a3efc000-a3f00000 ---p 00000000 00:00 0 
a3f00000-a3f02000 r--s 00017000 08:01 939059     /home/gaems-dev/.gradle/caches/modules-2/files-2.1/org.jcraft/jorbis/0.0.17/8872d22b293e8f5d7d56ff92be966e6dc28ebdc6/jorbis-0.0.17.jar
a3f02000-a3f03000 r--s 00015000 08:01 939058     /home/gaems-dev/.gradle/caches/modules-2/files-2.1/com.badlogicgames.jlayer/jlayer/1.0.1-gdx/7cca83cec5c1b2f011362f4d85aabd71a73b049d/jlayer-1.0.1-gdx.jar
a3f03000-a3f06000 r--s 00020000 08:01 939050     /home/gaems-dev/.gradle/caches/modules-2/files-2.1/com.badlogicgames.gdx/gdx-backend-lwjgl/1.7.0/13f5f237bce7d67614fcf99e97862c5772702e7/gdx-backend-lwjgl-1.7.0.jar
a3f06000-a3f08000 r--s 00010000 08:01 939006     /home/gaems-dev/.gradle/caches/modules-2/files-2.1/com.badlogicgames.gdx/gdx-box2d/1.7.0/a560f1f94b939f2b5ccd4eec752797c3ea6e1c92/gdx-box2d-1.7.0.jar
a3f08000-a3f12000 r--s 0006b000 08:01 801992     /usr/local/java/jdk1.8.0_66/jre/lib/javaws.jar
a3f12000-a3f25000 r--s 000d5000 08:01 801788     /usr/local/java/jdk1.8.0_66/jre/lib/plugin.jar
a3f25000-a3f37000 r--s 00345000 08:01 801787     /usr/local/java/jdk1.8.0_66/jre/lib/resources.jar
a3f37000-a3f3a000 ---p 00000000 00:00 0 
a3f3a000-a3f88000 rw-p 00000000 00:00 0          [stack:6038]
a3f88000-a3f8b000 ---p 00000000 00:00 0 
a3f8b000-a3fd9000 rw-p 00000000 00:00 0          [stack:6037]
a3fd9000-a3fda000 ---p 00000000 00:00 0 
a3fda000-a40a9000 rw-p 00000000 00:00 0          [stack:6034]
a40a9000-a4282000 r--s 03d20000 08:01 801896     /usr/local/java/jdk1.8.0_66/jre/lib/rt.jar
a4282000-a4723000 rw-p 00000000 00:00 0 
a4723000-a4729000 ---p 00000000 00:00 0 
a4729000-a472f000 rw-p 00000000 00:00 0 
a472f000-a477f000 ---p 00000000 00:00 0 
a477f000-a4782000 rw-p 00000000 00:00 0 
a4782000-a47a9000 ---p 00000000 00:00 0 
a47a9000-a47af000 rw-p 00000000 00:00 0 
a47af000-a47ff000 ---p 00000000 00:00 0 
a47ff000-a4d60000 rw-p 00000000 00:00 0 
a4d60000-a9d50000 ---p 00000000 00:00 0 
a9d50000-aa800000 rw-p 00000000 00:00 0 
aa800000-b4800000 ---p 00000000 00:00 0 
b4800000-b4801000 r--s 000fa000 08:01 939052     /home/gaems-dev/.gradle/caches/modules-2/files-2.1/com.badlogicgames.gdx/gdx-box2d-platform/1.7.0/a77511493047b3fcdca271976390ecb491ac602c/gdx-box2d-platform-1.7.0-natives-desktop.jar
b4801000-b4806000 r--s 00083000 08:01 801990     /usr/local/java/jdk1.8.0_66/jre/lib/jfr.jar
b4806000-b4815000 rw-p 00000000 00:00 0 
b4815000-b4886000 ---p 00000000 00:00 0 
b4886000-b4c36000 rwxp 00000000 00:00 0 
b4c36000-b6886000 ---p 00000000 00:00 0 
b6886000-b689f000 r-xp 00000000 08:01 801983     /usr/local/java/jdk1.8.0_66/jre/lib/i386/libzip.so
b689f000-b68a0000 rw-p 00019000 08:01 801983     /usr/local/java/jdk1.8.0_66/jre/lib/i386/libzip.so
b68a0000-b68ab000 r-xp 00000000 08:01 652717     /lib/i386-linux-gnu/libnss_files-2.19.so
b68ab000-b68ac000 r--p 0000a000 08:01 652717     /lib/i386-linux-gnu/libnss_files-2.19.so
b68ac000-b68ad000 rw-p 0000b000 08:01 652717     /lib/i386-linux-gnu/libnss_files-2.19.so
b68ad000-b68b7000 r-xp 00000000 08:01 652727     /lib/i386-linux-gnu/libnss_nis-2.19.so
b68b7000-b68b8000 r--p 00009000 08:01 652727     /lib/i386-linux-gnu/libnss_nis-2.19.so
b68b8000-b68b9000 rw-p 0000a000 08:01 652727     /lib/i386-linux-gnu/libnss_nis-2.19.so
b68b9000-b68ce000 r-xp 00000000 08:01 652711     /lib/i386-linux-gnu/libnsl-2.19.so
b68ce000-b68cf000 r--p 00015000 08:01 652711     /lib/i386-linux-gnu/libnsl-2.19.so
b68cf000-b68d0000 rw-p 00016000 08:01 652711     /lib/i386-linux-gnu/libnsl-2.19.so
b68d0000-b68d2000 rw-p 00000000 00:00 0 
b68d2000-b68d9000 r-xp 00000000 08:01 652713     /lib/i386-linux-gnu/libnss_compat-2.19.so
b68d9000-b68da000 r--p 00006000 08:01 652713     /lib/i386-linux-gnu/libnss_compat-2.19.so
b68da000-b68db000 rw-p 00007000 08:01 652713     /lib/i386-linux-gnu/libnss_compat-2.19.so
b68db000-b68ff000 r-xp 00000000 08:01 801979     /usr/local/java/jdk1.8.0_66/jre/lib/i386/libjava.so
b68ff000-b6900000 rw-p 00023000 08:01 801979     /usr/local/java/jdk1.8.0_66/jre/lib/i386/libjava.so
b6900000-b6a00000 rw-p 00000000 00:00 0 
b6a00000-b6a02000 r--s 00007000 08:01 801913     /usr/local/java/jdk1.8.0_66/jre/lib/jfxswt.jar
b6a02000-b6a07000 r--s 00096000 08:01 801800     /usr/local/java/jdk1.8.0_66/jre/lib/jsse.jar
b6a07000-b6a0d000 r--s 002f8000 08:01 801789     /usr/local/java/jdk1.8.0_66/jre/lib/charsets.jar
b6a0d000-b6a10000 r--s 0001a000 08:01 801762     /usr/local/java/jdk1.8.0_66/jre/lib/jce.jar
b6a10000-b6a18000 rw-s 00000000 08:01 951203     /tmp/hsperfdata_gaems-dev/6032
b6a18000-b6a1f000 r-xp 00000000 08:01 652770     /lib/i386-linux-gnu/librt-2.19.so
b6a1f000-b6a20000 r--p 00006000 08:01 652770     /lib/i386-linux-gnu/librt-2.19.so
b6a20000-b6a21000 rw-p 00007000 08:01 652770     /lib/i386-linux-gnu/librt-2.19.so
b6a21000-b6a24000 ---p 00000000 00:00 0 
b6a24000-b6a72000 rw-p 00000000 00:00 0          [stack:6033]
b6a72000-b6ab6000 r-xp 00000000 08:01 652692     /lib/i386-linux-gnu/libm-2.19.so
b6ab6000-b6ab7000 r--p 00043000 08:01 652692     /lib/i386-linux-gnu/libm-2.19.so
b6ab7000-b6ab8000 rw-p 00044000 08:01 652692     /lib/i386-linux-gnu/libm-2.19.so
b6ab8000-b7108000 r-xp 00000000 08:01 801923     /usr/local/java/jdk1.8.0_66/jre/lib/i386/client/libjvm.so
b7108000-b712e000 rw-p 00650000 08:01 801923     /usr/local/java/jdk1.8.0_66/jre/lib/i386/client/libjvm.so
b712e000-b7551000 rw-p 00000000 00:00 0 
b7551000-b76f9000 r-xp 00000000 08:01 652642     /lib/i386-linux-gnu/libc-2.19.so
b76f9000-b76fb000 r--p 001a8000 08:01 652642     /lib/i386-linux-gnu/libc-2.19.so
b76fb000-b76fc000 rw-p 001aa000 08:01 652642     /lib/i386-linux-gnu/libc-2.19.so
b76fc000-b76ff000 rw-p 00000000 00:00 0 
b76ff000-b7702000 r-xp 00000000 08:01 652659     /lib/i386-linux-gnu/libdl-2.19.so
b7702000-b7703000 r--p 00002000 08:01 652659     /lib/i386-linux-gnu/libdl-2.19.so
b7703000-b7704000 rw-p 00003000 08:01 652659     /lib/i386-linux-gnu/libdl-2.19.so
b7704000-b7718000 r-xp 00000000 08:01 786397     /usr/local/java/jdk1.8.0_66/lib/i386/jli/libjli.so
b7718000-b7719000 rw-p 00014000 08:01 786397     /usr/local/java/jdk1.8.0_66/lib/i386/jli/libjli.so
b7719000-b771a000 rw-p 00000000 00:00 0 
b771a000-b7732000 r-xp 00000000 08:01 652762     /lib/i386-linux-gnu/libpthread-2.19.so
b7732000-b7733000 r--p 00018000 08:01 652762     /lib/i386-linux-gnu/libpthread-2.19.so
b7733000-b7734000 rw-p 00019000 08:01 652762     /lib/i386-linux-gnu/libpthread-2.19.so
b7734000-b7736000 rw-p 00000000 00:00 0 
b7736000-b7737000 r--s 000ce000 08:01 939051     /home/gaems-dev/.gradle/caches/modules-2/files-2.1/com.badlogicgames.gdx/gdx-platform/1.7.0/4c87367b8480e183e6ad5938d3b536005c7fc82/gdx-platform-1.7.0-natives-desktop.jar
b7737000-b7738000 r--s 00000000 08:01 801801     /usr/local/java/jdk1.8.0_66/jre/lib/management-agent.jar
b7738000-b7739000 r--p 00806000 08:01 788757     /usr/lib/locale/locale-archive
b7739000-b773a000 rw-p 00000000 00:00 0 
b773a000-b773b000 r--p 00000000 00:00 0 
b773b000-b7746000 r-xp 00000000 08:01 801930     /usr/local/java/jdk1.8.0_66/jre/lib/i386/libverify.so
b7746000-b7747000 rw-p 0000b000 08:01 801930     /usr/local/java/jdk1.8.0_66/jre/lib/i386/libverify.so
b7747000-b7749000 rw-p 00000000 00:00 0 
b7749000-b774b000 r--p 00000000 00:00 0          [vvar]
b774b000-b774d000 r-xp 00000000 00:00 0          [vdso]
b774d000-b776d000 r-xp 00000000 08:01 652618     /lib/i386-linux-gnu/ld-2.19.so
b776d000-b776e000 r--p 0001f000 08:01 652618     /lib/i386-linux-gnu/ld-2.19.so
b776e000-b776f000 rw-p 00020000 08:01 652618     /lib/i386-linux-gnu/ld-2.19.so
bff72000-bff73000 rwxp 00000000 00:00 0 
bffa4000-bffc6000 rw-p 00000000 00:00 0          [stack]

VM Arguments:
jvm_args: -Didea.launcher.port=7532 -Didea.launcher.bin.path=/home/gaems-dev/Documentos/idea-IC-141.2735.5/bin -Dfile.encoding=UTF-8 
java_command: com.intellij.rt.execution.application.AppMain com.badlogic.gdx.tools.particleeditor.ParticleEditor
java_class_path (initial): /usr/local/java/jdk1.8.0_66/jre/lib/jce.jar:/usr/local/java/jdk1.8.0_66/jre/lib/resources.jar:/usr/local/java/jdk1.8.0_66/jre/lib/plugin.jar:/usr/local/java/jdk1.8.0_66/jre/lib/charsets.jar:/usr/local/java/jdk1.8.0_66/jre/lib/jsse.jar:/usr/local/java/jdk1.8.0_66/jre/lib/management-agent.jar:/usr/local/java/jdk1.8.0_66/jre/lib/rt.jar:/usr/local/java/jdk1.8.0_66/jre/lib/jfxswt.jar:/usr/local/java/jdk1.8.0_66/jre/lib/jfr.jar:/usr/local/java/jdk1.8.0_66/jre/lib/javaws.jar:/usr/local/java/jdk1.8.0_66/jre/lib/deploy.jar:/usr/local/java/jdk1.8.0_66/jre/lib/ext/sunjce_provider.jar:/usr/local/java/jdk1.8.0_66/jre/lib/ext/sunec.jar:/usr/local/java/jdk1.8.0_66/jre/lib/ext/nashorn.jar:/usr/local/java/jdk1.8.0_66/jre/lib/ext/cldrdata.jar:/usr/local/java/jdk1.8.0_66/jre/lib/ext/sunpkcs11.jar:/usr/local/java/jdk1.8.0_66/jre/lib/ext/jfxrt.jar:/usr/local/java/jdk1.8.0_66/jre/lib/ext/jaccess.jar:/usr/local/java/jdk1.8.0_66/jre/lib/ext/dnsns.jar:/usr/local/java/jdk1.8.0_66/jre/lib/ext/localedata.jar:/usr/local/java/jdk1.8.0_66/jre/lib/ext/zipfs.jar:/home/gaems-dev/Documentos/workspace/spacegame/desktop/build/classes/main:/home/gaems-dev/Documentos/workspace/spacegame/desktop/build/resources/main:/home/gaems-dev/Documentos/workspace/spacegame/core/build/classes/main:/home/gaems-dev/Documentos/workspace/spacegame/core/build/resources/main:/home/gaems-dev/.gradle/caches/modules-2/files-2.1/com.badlogicgames.gdx/gdx/1.7.0/1b08c96132448b5ab9c0cc8dea3e985dcf0166fd/gdx-1.7.0.jar:/home/gaems-dev/.gradle/caches/modules-2/files-2.1/com.badlogicgames.gdx/gdx-box2d/1.7.0/a560f1f94b939f2b5ccd4eec752797c3ea6e1c92/gdx-box2d-1.7.0.jar:/home/gaems-dev/.gradle/caches/modules-2/files-2.1/com.badlogicgames.gdx/gdx-backend-lwjgl/1.7.0/13f5f237bce7d67614fcf99e97862c5772702e7/gdx-backend-lwjgl-1.7.0.jar:/home/gaems-dev/.gradle/caches/modules-2/files-2.1/com.badlogicgames.gdx/gdx-platform/1.7.0/4c87367b8480e183e6ad5938d3b536005c7fc82/gdx-platform-1.7.0-natives-desktop.jar:/home/g
Launcher Type: SUN_STANDARD

Environment Variables:
JAVA_HOME=/usr/local/java/jdk1.8.0_66
PATH=/usr/local/sbin:/usr/local/bin:/usr/sbin:/usr/bin:/sbin:/bin:/usr/games:/usr/local/games:/home/gaems-dev/bin:/usr/local/java/jdk1.8.0_66/bin:/usr/local/android/android-sdk-linux/tools:/usr/local/android/android-sdk-linux/platform-tools
LD_LIBRARY_PATH=/home/gaems-dev/Documentos/idea-IC-141.2735.5/bin:
SHELL=/bin/bash
DISPLAY=:0.0

Signal Handlers:
SIGSEGV: [libjvm.so+0x5b7c70], sa_mask[0]=11111111011111111101111111111110, sa_flags=SA_RESTART|SA_SIGINFO
SIGBUS: [libjvm.so+0x5b7c70], sa_mask[0]=11111111011111111101111111111110, sa_flags=SA_RESTART|SA_SIGINFO
SIGFPE: [libjvm.so+0x498670], sa_mask[0]=11111111011111111101111111111110, sa_flags=SA_RESTART|SA_SIGINFO
SIGPIPE: SIG_IGN, sa_mask[0]=00000000000010000000000000000000, sa_flags=SA_RESTART
SIGXFSZ: [libjvm.so+0x498670], sa_mask[0]=11111111011111111101111111111110, sa_flags=SA_RESTART|SA_SIGINFO
SIGILL: [libjvm.so+0x498670], sa_mask[0]=11111111011111111101111111111110, sa_flags=SA_RESTART|SA_SIGINFO
SIGUSR1: SIG_DFL, sa_mask[0]=00000000000000000000000000000000, sa_flags=none
SIGUSR2: [libjvm.so+0x499cf0], sa_mask[0]=00100000000000000000000000000000, sa_flags=SA_RESTART|SA_SIGINFO
SIGHUP: [libjvm.so+0x49b1a0], sa_mask[0]=11111111011111111101111111111110, sa_flags=SA_RESTART|SA_SIGINFO
SIGINT: [vboxvideo_dri.so+0x31a40], sa_mask[0]=01000000000000000000000000000000, sa_flags=SA_RESTART
SIGTERM: [vboxvideo_dri.so+0x31a40], sa_mask[0]=00000000000000100000000000000000, sa_flags=SA_RESTART
SIGQUIT: [libjvm.so+0x49b1a0], sa_mask[0]=11111111011111111101111111111110, sa_flags=SA_RESTART|SA_SIGINFO


---------------  S Y S T E M  ---------------

OS:DISTRIB_ID=Ubuntu
DISTRIB_RELEASE=14.04
DISTRIB_CODENAME=trusty
DISTRIB_DESCRIPTION="Ubuntu 14.04.3 LTS"

uname:Linux 3.19.0-33-generic #38~14.04.1-Ubuntu SMP Fri Nov 6 18:17:49 UTC 2015 i686
libc:glibc 2.19 NPTL 2.19 
rlimit: STACK 8192k, CORE 0k, NPROC 11774, NOFILE 4096, AS infinity
load average:0,80 0,53 0,45

/proc/meminfo:
MemTotal:        1527032 kB
MemFree:          114692 kB
MemAvailable:     365560 kB
Buffers:           35652 kB
Cached:           324444 kB
SwapCached:         3264 kB
Active:           660976 kB
Inactive:         671396 kB
Active(anon):     460972 kB
Inactive(anon):   516676 kB
Active(file):     200004 kB
Inactive(file):   154720 kB
Unevictable:          48 kB
Mlocked:              48 kB
HighTotal:        641992 kB
HighFree:          33196 kB
LowTotal:         885040 kB
LowFree:           81496 kB
SwapTotal:       1553404 kB
SwapFree:        1516600 kB
Dirty:              4440 kB
Writeback:             0 kB
AnonPages:        969820 kB
Mapped:           117852 kB
Shmem:              5312 kB
Slab:              57936 kB
SReclaimable:      46364 kB
SUnreclaim:        11572 kB
KernelStack:        3184 kB
PageTables:         8800 kB
NFS_Unstable:          0 kB
Bounce:                0 kB
WritebackTmp:          0 kB
CommitLimit:     2316920 kB
Committed_AS:    2560384 kB
VmallocTotal:     122880 kB
VmallocUsed:       25800 kB
VmallocChunk:      94672 kB
AnonHugePages:    565248 kB
CmaTotal:              0 kB
CmaFree:               0 kB
HugePages_Total:       0
HugePages_Free:        0
HugePages_Rsvd:        0
HugePages_Surp:        0
Hugepagesize:       2048 kB
DirectMap4k:       40952 kB
DirectMap2M:      872448 kB


CPU:total 1 (1 cores per cpu, 1 threads per core) family 6 model 42 stepping 7, cmov, cx8, fxsr, mmx, sse, sse2, sse3, ssse3, sse4.1, sse4.2, popcnt, avx, clmul, tsc, tscinvbit

/proc/cpuinfo:
processor	: 0
vendor_id	: GenuineIntel
cpu family	: 6
model		: 42
model name	: Intel(R) Core(TM) i5-2410M CPU @ 2.30GHz
stepping	: 7
cpu MHz		: 2330.020
cache size	: 3072 KB
physical id	: 0
siblings	: 1
core id		: 0
cpu cores	: 1
apicid		: 0
initial apicid	: 0
fdiv_bug	: no
f00f_bug	: no
coma_bug	: no
fpu		: yes
fpu_exception	: yes
cpuid level	: 13
wp		: yes
flags		: fpu vme de pse tsc msr pae mce cx8 apic sep mtrr pge mca cmov pat pse36 clflush mmx fxsr sse sse2 nx rdtscp constant_tsc xtopology nonstop_tsc pni pclmulqdq monitor ssse3 cx16 sse4_1 sse4_2 popcnt xsave avx hypervisor lahf_lm
bugs		:
bogomips	: 4660.04
clflush size	: 64
cache_alignment	: 64
address sizes	: 36 bits physical, 48 bits virtual
power management:



Memory: 4k page, physical 1527032k(114692k free), swap 1553404k(1516600k free)

vm_info: Java HotSpot(TM) Client VM (25.66-b17) for linux-x86 JRE (1.8.0_66-b17), built on Oct  6 2015 18:10:30 by "java_re" with gcc 4.3.0 20080428 (Red Hat 4.3.0-8)

time: Wed Dec  2 20:31:00 2015
elapsed time: 1247 seconds (0d 0h 20m 47s)

